CRITICAL - 2024-02-19 06:36:53 --> Invalid argument supplied for foreach()
in APPPATH\Views\include\shop.php on line 377.
 1 APPPATH\Views\include\shop.php(377): CodeIgniter\Debug\Exceptions->errorHandler(2, 'Invalid argument supplied for foreach()', 'C:\\laragon\\www\\Gagraduate\\app\\Views\\include\\shop.php', 377, [])
 2 SYSTEMPATH\View\View.php(226): include('C:\\laragon\\www\\Gagraduate\\app\\Views\\include\\shop.php')
 3 SYSTEMPATH\View\View.php(229): CodeIgniter\View\View->CodeIgniter\View\{closure}()
 4 SYSTEMPATH\Common.php(1188): CodeIgniter\View\View->render('include/shop', [], true)
 5 APPPATH\Config\Routes.php(19): view('include/shop')
 6 SYSTEMPATH\CodeIgniter.php(868): CodeIgniter\Router\RouteCollection->{closure}()
 7 SYSTEMPATH\CodeIgniter.php(481): CodeIgniter\CodeIgniter->startController()
 8 SYSTEMPATH\CodeIgniter.php(353): CodeIgniter\CodeIgniter->handleRequest(null, Object(Config\Cache), false)
 9 FCPATH\index.php(79): CodeIgniter\CodeIgniter->run()
10 SYSTEMPATH\Commands\Server\rewrite.php(47): require_once('C:\\laragon\\www\\Gagraduate\\public\\index.php')
CRITICAL - 2024-02-19 06:38:45 --> Invalid argument supplied for foreach()
in APPPATH\Views\include\shop.php on line 377.
 1 APPPATH\Views\include\shop.php(377): CodeIgniter\Debug\Exceptions->errorHandler(2, 'Invalid argument supplied for foreach()', 'C:\\laragon\\www\\Gagraduate\\app\\Views\\include\\shop.php', 377, [])
 2 SYSTEMPATH\View\View.php(226): include('C:\\laragon\\www\\Gagraduate\\app\\Views\\include\\shop.php')
 3 SYSTEMPATH\View\View.php(229): CodeIgniter\View\View->CodeIgniter\View\{closure}()
 4 SYSTEMPATH\Common.php(1188): CodeIgniter\View\View->render('include/shop', [], true)
 5 APPPATH\Config\Routes.php(19): view('include/shop')
 6 SYSTEMPATH\CodeIgniter.php(868): CodeIgniter\Router\RouteCollection->{closure}()
 7 SYSTEMPATH\CodeIgniter.php(481): CodeIgniter\CodeIgniter->startController()
 8 SYSTEMPATH\CodeIgniter.php(353): CodeIgniter\CodeIgniter->handleRequest(null, Object(Config\Cache), false)
 9 FCPATH\index.php(79): CodeIgniter\CodeIgniter->run()
10 SYSTEMPATH\Commands\Server\rewrite.php(47): require_once('C:\\laragon\\www\\Gagraduate\\public\\index.php')
CRITICAL - 2024-02-19 06:39:28 --> Invalid argument supplied for foreach()
in APPPATH\Views\include\shop.php on line 377.
 1 APPPATH\Views\include\shop.php(377): CodeIgniter\Debug\Exceptions->errorHandler(2, 'Invalid argument supplied for foreach()', 'C:\\laragon\\www\\Gagraduate\\app\\Views\\include\\shop.php', 377, [])
 2 SYSTEMPATH\View\View.php(226): include('C:\\laragon\\www\\Gagraduate\\app\\Views\\include\\shop.php')
 3 SYSTEMPATH\View\View.php(229): CodeIgniter\View\View->CodeIgniter\View\{closure}()
 4 SYSTEMPATH\Common.php(1188): CodeIgniter\View\View->render('include/shop', [], true)
 5 APPPATH\Config\Routes.php(19): view('include/shop')
 6 SYSTEMPATH\CodeIgniter.php(868): CodeIgniter\Router\RouteCollection->{closure}()
 7 SYSTEMPATH\CodeIgniter.php(481): CodeIgniter\CodeIgniter->startController()
 8 SYSTEMPATH\CodeIgniter.php(353): CodeIgniter\CodeIgniter->handleRequest(null, Object(Config\Cache), false)
 9 FCPATH\index.php(79): CodeIgniter\CodeIgniter->run()
10 SYSTEMPATH\Commands\Server\rewrite.php(47): require_once('C:\\laragon\\www\\Gagraduate\\public\\index.php')
CRITICAL - 2024-02-19 06:40:52 --> Invalid argument supplied for foreach()
in APPPATH\Views\include\shop.php on line 377.
 1 APPPATH\Views\include\shop.php(377): CodeIgniter\Debug\Exceptions->errorHandler(2, 'Invalid argument supplied for foreach()', 'C:\\laragon\\www\\Gagraduate\\app\\Views\\include\\shop.php', 377, [])
 2 SYSTEMPATH\View\View.php(226): include('C:\\laragon\\www\\Gagraduate\\app\\Views\\include\\shop.php')
 3 SYSTEMPATH\View\View.php(229): CodeIgniter\View\View->CodeIgniter\View\{closure}()
 4 SYSTEMPATH\Common.php(1188): CodeIgniter\View\View->render('include/shop', [], true)
 5 APPPATH\Config\Routes.php(19): view('include/shop')
 6 SYSTEMPATH\CodeIgniter.php(868): CodeIgniter\Router\RouteCollection->{closure}()
 7 SYSTEMPATH\CodeIgniter.php(481): CodeIgniter\CodeIgniter->startController()
 8 SYSTEMPATH\CodeIgniter.php(353): CodeIgniter\CodeIgniter->handleRequest(null, Object(Config\Cache), false)
 9 FCPATH\index.php(79): CodeIgniter\CodeIgniter->run()
10 SYSTEMPATH\Commands\Server\rewrite.php(47): require_once('C:\\laragon\\www\\Gagraduate\\public\\index.php')
