CRITICAL - 2024-02-09 00:29:47 --> Call to undefined function form_open()
in APPPATH\Views\members\edit.php on line 11.
 1 SYSTEMPATH\View\View.php(226): include()
 2 SYSTEMPATH\View\View.php(229): CodeIgniter\View\View->CodeIgniter\View\{closure}()
 3 SYSTEMPATH\Common.php(1188): CodeIgniter\View\View->render('members/edit', [], true)
 4 APPPATH\Controllers\Members.php(52): view('members/edit', [...])
 5 SYSTEMPATH\CodeIgniter.php(919): App\Controllers\Members->edit('1')
 6 SYSTEMPATH\CodeIgniter.php(494): CodeIgniter\CodeIgniter->runController(Object(App\Controllers\Members))
 7 SYSTEMPATH\CodeIgniter.php(353): CodeIgniter\CodeIgniter->handleRequest(null, Object(Config\Cache), false)
 8 FCPATH\index.php(79): CodeIgniter\CodeIgniter->run()
 9 SYSTEMPATH\Commands\Server\rewrite.php(47): require_once('C:\\laragon\\www\\Gagraduate\\public\\index.php')
CRITICAL - 2024-02-09 00:36:14 --> Call to undefined function form_open()
in APPPATH\Views\members\edit.php on line 11.
 1 SYSTEMPATH\View\View.php(226): include()
 2 SYSTEMPATH\View\View.php(229): CodeIgniter\View\View->CodeIgniter\View\{closure}()
 3 SYSTEMPATH\Common.php(1188): CodeIgniter\View\View->render('members/edit', [], true)
 4 APPPATH\Controllers\Members.php(49): view('members/edit', [...])
 5 SYSTEMPATH\CodeIgniter.php(919): App\Controllers\Members->edit('1')
 6 SYSTEMPATH\CodeIgniter.php(494): CodeIgniter\CodeIgniter->runController(Object(App\Controllers\Members))
 7 SYSTEMPATH\CodeIgniter.php(353): CodeIgniter\CodeIgniter->handleRequest(null, Object(Config\Cache), false)
 8 FCPATH\index.php(79): CodeIgniter\CodeIgniter->run()
 9 SYSTEMPATH\Commands\Server\rewrite.php(47): require_once('C:\\laragon\\www\\Gagraduate\\public\\index.php')
