CRITICAL - 2024-04-20 01:10:28 --> Undefined variable $user
in APPPATH\Views\members\edit_user.php on line 1.
 1 APPPATH\Views\members\edit_user.php(1): CodeIgniter\Debug\Exceptions->errorHandler(2, 'Undefined variable $user', 'C:\\laragon\\www\\testbag\\app\\Views\\members\\edit_user.php', 1)
 2 SYSTEMPATH\View\View.php(226): include('C:\\laragon\\www\\testbag\\app\\Views\\members\\edit_user.php')
 3 SYSTEMPATH\View\View.php(229): CodeIgniter\View\View->CodeIgniter\View\{closure}()
 4 SYSTEMPATH\Common.php(1188): CodeIgniter\View\View->render('members/edit_user', [], true)
 5 APPPATH\Controllers\UserController.php(79): view('members/edit_user', [...])
 6 SYSTEMPATH\CodeIgniter.php(919): App\Controllers\UserController->update('20')
 7 SYSTEMPATH\CodeIgniter.php(494): CodeIgniter\CodeIgniter->runController(Object(App\Controllers\UserController))
 8 SYSTEMPATH\CodeIgniter.php(353): CodeIgniter\CodeIgniter->handleRequest(null, Object(Config\Cache), false)
 9 FCPATH\index.php(79): CodeIgniter\CodeIgniter->run()
10 SYSTEMPATH\Commands\Server\rewrite.php(47): require_once('C:\\laragon\\www\\testbag\\public\\index.php')
CRITICAL - 2024-04-20 01:17:07 --> Invalid file: "edit_user.php"
in SYSTEMPATH\Exceptions\FrameworkException.php on line 39.
 1 SYSTEMPATH\View\View.php(214): CodeIgniter\Exceptions\FrameworkException::forInvalidFile('edit_user.php')
 2 SYSTEMPATH\Common.php(1188): CodeIgniter\View\View->render('edit_user', [], true)
 3 APPPATH\Controllers\UserController.php(64): view('edit_user', [...])
 4 SYSTEMPATH\CodeIgniter.php(919): App\Controllers\UserController->edit('20')
 5 SYSTEMPATH\CodeIgniter.php(494): CodeIgniter\CodeIgniter->runController(Object(App\Controllers\UserController))
 6 SYSTEMPATH\CodeIgniter.php(353): CodeIgniter\CodeIgniter->handleRequest(null, Object(Config\Cache), false)
 7 FCPATH\index.php(79): CodeIgniter\CodeIgniter->run()
 8 SYSTEMPATH\Commands\Server\rewrite.php(47): require_once('C:\\laragon\\www\\testbag\\public\\index.php')
CRITICAL - 2024-04-20 01:17:35 --> Undefined variable $user
in APPPATH\Views\members\edit_user.php on line 1.
 1 APPPATH\Views\members\edit_user.php(1): CodeIgniter\Debug\Exceptions->errorHandler(2, 'Undefined variable $user', 'C:\\laragon\\www\\testbag\\app\\Views\\members\\edit_user.php', 1)
 2 SYSTEMPATH\View\View.php(226): include('C:\\laragon\\www\\testbag\\app\\Views\\members\\edit_user.php')
 3 SYSTEMPATH\View\View.php(229): CodeIgniter\View\View->CodeIgniter\View\{closure}()
 4 SYSTEMPATH\Common.php(1188): CodeIgniter\View\View->render('members/edit_user', [], true)
 5 APPPATH\Controllers\UserController.php(84): view('members/edit_user', [...])
 6 SYSTEMPATH\CodeIgniter.php(919): App\Controllers\UserController->update('20')
 7 SYSTEMPATH\CodeIgniter.php(494): CodeIgniter\CodeIgniter->runController(Object(App\Controllers\UserController))
 8 SYSTEMPATH\CodeIgniter.php(353): CodeIgniter\CodeIgniter->handleRequest(null, Object(Config\Cache), false)
 9 FCPATH\index.php(79): CodeIgniter\CodeIgniter->run()
10 SYSTEMPATH\Commands\Server\rewrite.php(47): require_once('C:\\laragon\\www\\testbag\\public\\index.php')
CRITICAL - 2024-04-20 01:18:51 --> Undefined variable $user
in APPPATH\Views\members\edit_user.php on line 1.
 1 APPPATH\Views\members\edit_user.php(1): CodeIgniter\Debug\Exceptions->errorHandler(2, 'Undefined variable $user', 'C:\\laragon\\www\\testbag\\app\\Views\\members\\edit_user.php', 1)
 2 SYSTEMPATH\View\View.php(226): include('C:\\laragon\\www\\testbag\\app\\Views\\members\\edit_user.php')
 3 SYSTEMPATH\View\View.php(229): CodeIgniter\View\View->CodeIgniter\View\{closure}()
 4 SYSTEMPATH\Common.php(1188): CodeIgniter\View\View->render('members/edit_user', [], true)
 5 APPPATH\Controllers\UserController.php(84): view('members/edit_user', [...])
 6 SYSTEMPATH\CodeIgniter.php(919): App\Controllers\UserController->update('20')
 7 SYSTEMPATH\CodeIgniter.php(494): CodeIgniter\CodeIgniter->runController(Object(App\Controllers\UserController))
 8 SYSTEMPATH\CodeIgniter.php(353): CodeIgniter\CodeIgniter->handleRequest(null, Object(Config\Cache), false)
 9 FCPATH\index.php(79): CodeIgniter\CodeIgniter->run()
10 SYSTEMPATH\Commands\Server\rewrite.php(47): require_once('C:\\laragon\\www\\testbag\\public\\index.php')
CRITICAL - 2024-04-20 01:18:55 --> Undefined variable $user
in APPPATH\Views\members\edit_user.php on line 1.
 1 APPPATH\Views\members\edit_user.php(1): CodeIgniter\Debug\Exceptions->errorHandler(2, 'Undefined variable $user', 'C:\\laragon\\www\\testbag\\app\\Views\\members\\edit_user.php', 1)
 2 SYSTEMPATH\View\View.php(226): include('C:\\laragon\\www\\testbag\\app\\Views\\members\\edit_user.php')
 3 SYSTEMPATH\View\View.php(229): CodeIgniter\View\View->CodeIgniter\View\{closure}()
 4 SYSTEMPATH\Common.php(1188): CodeIgniter\View\View->render('members/edit_user', [], true)
 5 APPPATH\Controllers\UserController.php(84): view('members/edit_user', [...])
 6 SYSTEMPATH\CodeIgniter.php(919): App\Controllers\UserController->update('20')
 7 SYSTEMPATH\CodeIgniter.php(494): CodeIgniter\CodeIgniter->runController(Object(App\Controllers\UserController))
 8 SYSTEMPATH\CodeIgniter.php(353): CodeIgniter\CodeIgniter->handleRequest(null, Object(Config\Cache), false)
 9 FCPATH\index.php(79): CodeIgniter\CodeIgniter->run()
10 SYSTEMPATH\Commands\Server\rewrite.php(47): require_once('C:\\laragon\\www\\testbag\\public\\index.php')
CRITICAL - 2024-04-20 01:19:33 --> Undefined variable $user
in APPPATH\Views\members\edit_user.php on line 1.
 1 APPPATH\Views\members\edit_user.php(1): CodeIgniter\Debug\Exceptions->errorHandler(2, 'Undefined variable $user', 'C:\\laragon\\www\\testbag\\app\\Views\\members\\edit_user.php', 1)
 2 SYSTEMPATH\View\View.php(226): include('C:\\laragon\\www\\testbag\\app\\Views\\members\\edit_user.php')
 3 SYSTEMPATH\View\View.php(229): CodeIgniter\View\View->CodeIgniter\View\{closure}()
 4 SYSTEMPATH\Common.php(1188): CodeIgniter\View\View->render('members/edit_user', [], true)
 5 APPPATH\Controllers\UserController.php(87): view('members/edit_user', [...])
 6 SYSTEMPATH\CodeIgniter.php(919): App\Controllers\UserController->update('20')
 7 SYSTEMPATH\CodeIgniter.php(494): CodeIgniter\CodeIgniter->runController(Object(App\Controllers\UserController))
 8 SYSTEMPATH\CodeIgniter.php(353): CodeIgniter\CodeIgniter->handleRequest(null, Object(Config\Cache), false)
 9 FCPATH\index.php(79): CodeIgniter\CodeIgniter->run()
10 SYSTEMPATH\Commands\Server\rewrite.php(47): require_once('C:\\laragon\\www\\testbag\\public\\index.php')
CRITICAL - 2024-04-20 01:22:36 --> Undefined array key "email"
in APPPATH\Views\members\edit_user.php on line 14.
 1 APPPATH\Views\members\edit_user.php(14): CodeIgniter\Debug\Exceptions->errorHandler(2, 'Undefined array key "email"', 'C:\\laragon\\www\\testbag\\app\\Views\\members\\edit_user.php', 14)
 2 SYSTEMPATH\View\View.php(226): include('C:\\laragon\\www\\testbag\\app\\Views\\members\\edit_user.php')
 3 SYSTEMPATH\View\View.php(229): CodeIgniter\View\View->CodeIgniter\View\{closure}()
 4 SYSTEMPATH\Common.php(1188): CodeIgniter\View\View->render('members/edit_user', [], true)
 5 APPPATH\Controllers\UserController.php(65): view('members/edit_user', [...])
 6 SYSTEMPATH\CodeIgniter.php(919): App\Controllers\UserController->edit('20')
 7 SYSTEMPATH\CodeIgniter.php(494): CodeIgniter\CodeIgniter->runController(Object(App\Controllers\UserController))
 8 SYSTEMPATH\CodeIgniter.php(353): CodeIgniter\CodeIgniter->handleRequest(null, Object(Config\Cache), false)
 9 FCPATH\index.php(79): CodeIgniter\CodeIgniter->run()
10 SYSTEMPATH\Commands\Server\rewrite.php(47): require_once('C:\\laragon\\www\\testbag\\public\\index.php')
CRITICAL - 2024-04-20 01:23:37 --> Undefined array key "email"
in APPPATH\Views\members\edit_user.php on line 14.
 1 APPPATH\Views\members\edit_user.php(14): CodeIgniter\Debug\Exceptions->errorHandler(2, 'Undefined array key "email"', 'C:\\laragon\\www\\testbag\\app\\Views\\members\\edit_user.php', 14)
 2 SYSTEMPATH\View\View.php(226): include('C:\\laragon\\www\\testbag\\app\\Views\\members\\edit_user.php')
 3 SYSTEMPATH\View\View.php(229): CodeIgniter\View\View->CodeIgniter\View\{closure}()
 4 SYSTEMPATH\Common.php(1188): CodeIgniter\View\View->render('members/edit_user', [], true)
 5 APPPATH\Controllers\UserController.php(65): view('members/edit_user', [...])
 6 SYSTEMPATH\CodeIgniter.php(919): App\Controllers\UserController->edit('4')
 7 SYSTEMPATH\CodeIgniter.php(494): CodeIgniter\CodeIgniter->runController(Object(App\Controllers\UserController))
 8 SYSTEMPATH\CodeIgniter.php(353): CodeIgniter\CodeIgniter->handleRequest(null, Object(Config\Cache), false)
 9 FCPATH\index.php(79): CodeIgniter\CodeIgniter->run()
10 SYSTEMPATH\Commands\Server\rewrite.php(47): require_once('C:\\laragon\\www\\testbag\\public\\index.php')
CRITICAL - 2024-04-20 01:23:43 --> Undefined array key "email"
in APPPATH\Views\members\edit_user.php on line 14.
 1 APPPATH\Views\members\edit_user.php(14): CodeIgniter\Debug\Exceptions->errorHandler(2, 'Undefined array key "email"', 'C:\\laragon\\www\\testbag\\app\\Views\\members\\edit_user.php', 14)
 2 SYSTEMPATH\View\View.php(226): include('C:\\laragon\\www\\testbag\\app\\Views\\members\\edit_user.php')
 3 SYSTEMPATH\View\View.php(229): CodeIgniter\View\View->CodeIgniter\View\{closure}()
 4 SYSTEMPATH\Common.php(1188): CodeIgniter\View\View->render('members/edit_user', [], true)
 5 APPPATH\Controllers\UserController.php(65): view('members/edit_user', [...])
 6 SYSTEMPATH\CodeIgniter.php(919): App\Controllers\UserController->edit('20')
 7 SYSTEMPATH\CodeIgniter.php(494): CodeIgniter\CodeIgniter->runController(Object(App\Controllers\UserController))
 8 SYSTEMPATH\CodeIgniter.php(353): CodeIgniter\CodeIgniter->handleRequest(null, Object(Config\Cache), false)
 9 FCPATH\index.php(79): CodeIgniter\CodeIgniter->run()
10 SYSTEMPATH\Commands\Server\rewrite.php(47): require_once('C:\\laragon\\www\\testbag\\public\\index.php')
CRITICAL - 2024-04-20 01:24:17 --> Undefined variable $user
in APPPATH\Views\members\edit_user.php on line 1.
 1 APPPATH\Views\members\edit_user.php(1): CodeIgniter\Debug\Exceptions->errorHandler(2, 'Undefined variable $user', 'C:\\laragon\\www\\testbag\\app\\Views\\members\\edit_user.php', 1)
 2 SYSTEMPATH\View\View.php(226): include('C:\\laragon\\www\\testbag\\app\\Views\\members\\edit_user.php')
 3 SYSTEMPATH\View\View.php(229): CodeIgniter\View\View->CodeIgniter\View\{closure}()
 4 SYSTEMPATH\Common.php(1188): CodeIgniter\View\View->render('members/edit_user', [], true)
 5 APPPATH\Controllers\UserController.php(84): view('members/edit_user', [...])
 6 SYSTEMPATH\CodeIgniter.php(919): App\Controllers\UserController->update('20')
 7 SYSTEMPATH\CodeIgniter.php(494): CodeIgniter\CodeIgniter->runController(Object(App\Controllers\UserController))
 8 SYSTEMPATH\CodeIgniter.php(353): CodeIgniter\CodeIgniter->handleRequest(null, Object(Config\Cache), false)
 9 FCPATH\index.php(79): CodeIgniter\CodeIgniter->run()
10 SYSTEMPATH\Commands\Server\rewrite.php(47): require_once('C:\\laragon\\www\\testbag\\public\\index.php')
CRITICAL - 2024-04-20 03:34:39 --> Undefined variable $key
in APPPATH\Views\template\index.php on line 246.
 1 APPPATH\Views\template\index.php(246): CodeIgniter\Debug\Exceptions->errorHandler(2, 'Undefined variable $key', 'C:\\laragon\\www\\testbag\\app\\Views\\template\\index.php', 246)
 2 SYSTEMPATH\View\View.php(226): include('C:\\laragon\\www\\testbag\\app\\Views\\template\\index.php')
 3 SYSTEMPATH\View\View.php(229): CodeIgniter\View\View->CodeIgniter\View\{closure}()
 4 SYSTEMPATH\Common.php(1188): CodeIgniter\View\View->render('template/index', [], true)
 5 APPPATH\Controllers\HomeController.php(20): view('template/index', [...])
 6 SYSTEMPATH\CodeIgniter.php(919): App\Controllers\HomeController->index()
 7 SYSTEMPATH\CodeIgniter.php(494): CodeIgniter\CodeIgniter->runController(Object(App\Controllers\HomeController))
 8 SYSTEMPATH\CodeIgniter.php(353): CodeIgniter\CodeIgniter->handleRequest(null, Object(Config\Cache), false)
 9 FCPATH\index.php(79): CodeIgniter\CodeIgniter->run()
10 SYSTEMPATH\Commands\Server\rewrite.php(47): require_once('C:\\laragon\\www\\testbag\\public\\index.php')
CRITICAL - 2024-04-20 03:35:16 --> Undefined variable $documentary
in APPPATH\Views\template\index.php on line 248.
 1 APPPATH\Views\template\index.php(248): CodeIgniter\Debug\Exceptions->errorHandler(2, 'Undefined variable $documentary', 'C:\\laragon\\www\\testbag\\app\\Views\\template\\index.php', 248)
 2 SYSTEMPATH\View\View.php(226): include('C:\\laragon\\www\\testbag\\app\\Views\\template\\index.php')
 3 SYSTEMPATH\View\View.php(229): CodeIgniter\View\View->CodeIgniter\View\{closure}()
 4 SYSTEMPATH\Common.php(1188): CodeIgniter\View\View->render('template/index', [], true)
 5 APPPATH\Controllers\HomeController.php(20): view('template/index', [...])
 6 SYSTEMPATH\CodeIgniter.php(919): App\Controllers\HomeController->index()
 7 SYSTEMPATH\CodeIgniter.php(494): CodeIgniter\CodeIgniter->runController(Object(App\Controllers\HomeController))
 8 SYSTEMPATH\CodeIgniter.php(353): CodeIgniter\CodeIgniter->handleRequest(null, Object(Config\Cache), false)
 9 FCPATH\index.php(79): CodeIgniter\CodeIgniter->run()
10 SYSTEMPATH\Commands\Server\rewrite.php(47): require_once('C:\\laragon\\www\\testbag\\public\\index.php')
CRITICAL - 2024-04-20 03:35:59 --> Class "App\Controllers\DocumentaryModel" not found
in APPPATH\Controllers\HomeController.php on line 17.
 1 SYSTEMPATH\CodeIgniter.php(919): App\Controllers\HomeController->index()
 2 SYSTEMPATH\CodeIgniter.php(494): CodeIgniter\CodeIgniter->runController(Object(App\Controllers\HomeController))
 3 SYSTEMPATH\CodeIgniter.php(353): CodeIgniter\CodeIgniter->handleRequest(null, Object(Config\Cache), false)
 4 FCPATH\index.php(79): CodeIgniter\CodeIgniter->run()
 5 SYSTEMPATH\Commands\Server\rewrite.php(47): require_once('C:\\laragon\\www\\testbag\\public\\index.php')
CRITICAL - 2024-04-20 03:36:18 --> Undefined variable $documentary
in APPPATH\Views\template\index.php on line 248.
 1 APPPATH\Views\template\index.php(248): CodeIgniter\Debug\Exceptions->errorHandler(2, 'Undefined variable $documentary', 'C:\\laragon\\www\\testbag\\app\\Views\\template\\index.php', 248)
 2 SYSTEMPATH\View\View.php(226): include('C:\\laragon\\www\\testbag\\app\\Views\\template\\index.php')
 3 SYSTEMPATH\View\View.php(229): CodeIgniter\View\View->CodeIgniter\View\{closure}()
 4 SYSTEMPATH\Common.php(1188): CodeIgniter\View\View->render('template/index', [], true)
 5 APPPATH\Controllers\HomeController.php(23): view('template/index', [...])
 6 SYSTEMPATH\CodeIgniter.php(919): App\Controllers\HomeController->index()
 7 SYSTEMPATH\CodeIgniter.php(494): CodeIgniter\CodeIgniter->runController(Object(App\Controllers\HomeController))
 8 SYSTEMPATH\CodeIgniter.php(353): CodeIgniter\CodeIgniter->handleRequest(null, Object(Config\Cache), false)
 9 FCPATH\index.php(79): CodeIgniter\CodeIgniter->run()
10 SYSTEMPATH\Commands\Server\rewrite.php(47): require_once('C:\\laragon\\www\\testbag\\public\\index.php')
CRITICAL - 2024-04-20 03:36:38 --> Undefined array key "description"
in APPPATH\Views\template\index.php on line 248.
 1 APPPATH\Views\template\index.php(248): CodeIgniter\Debug\Exceptions->errorHandler(2, 'Undefined array key "description"', 'C:\\laragon\\www\\testbag\\app\\Views\\template\\index.php', 248)
 2 SYSTEMPATH\View\View.php(226): include('C:\\laragon\\www\\testbag\\app\\Views\\template\\index.php')
 3 SYSTEMPATH\View\View.php(229): CodeIgniter\View\View->CodeIgniter\View\{closure}()
 4 SYSTEMPATH\Common.php(1188): CodeIgniter\View\View->render('template/index', [], true)
 5 APPPATH\Controllers\HomeController.php(23): view('template/index', [...])
 6 SYSTEMPATH\CodeIgniter.php(919): App\Controllers\HomeController->index()
 7 SYSTEMPATH\CodeIgniter.php(494): CodeIgniter\CodeIgniter->runController(Object(App\Controllers\HomeController))
 8 SYSTEMPATH\CodeIgniter.php(353): CodeIgniter\CodeIgniter->handleRequest(null, Object(Config\Cache), false)
 9 FCPATH\index.php(79): CodeIgniter\CodeIgniter->run()
10 SYSTEMPATH\Commands\Server\rewrite.php(47): require_once('C:\\laragon\\www\\testbag\\public\\index.php')
CRITICAL - 2024-04-20 03:37:41 --> Undefined variable $documentaries
in APPPATH\Views\template\index.php on line 247.
 1 APPPATH\Views\template\index.php(247): CodeIgniter\Debug\Exceptions->errorHandler(2, 'Undefined variable $documentaries', 'C:\\laragon\\www\\testbag\\app\\Views\\template\\index.php', 247)
 2 SYSTEMPATH\View\View.php(226): include('C:\\laragon\\www\\testbag\\app\\Views\\template\\index.php')
 3 SYSTEMPATH\View\View.php(229): CodeIgniter\View\View->CodeIgniter\View\{closure}()
 4 SYSTEMPATH\Common.php(1188): CodeIgniter\View\View->render('template/index', [], true)
 5 APPPATH\Controllers\HomeController.php(23): view('template/index', [...])
 6 SYSTEMPATH\CodeIgniter.php(919): App\Controllers\HomeController->index()
 7 SYSTEMPATH\CodeIgniter.php(494): CodeIgniter\CodeIgniter->runController(Object(App\Controllers\HomeController))
 8 SYSTEMPATH\CodeIgniter.php(353): CodeIgniter\CodeIgniter->handleRequest(null, Object(Config\Cache), false)
 9 FCPATH\index.php(79): CodeIgniter\CodeIgniter->run()
10 SYSTEMPATH\Commands\Server\rewrite.php(47): require_once('C:\\laragon\\www\\testbag\\public\\index.php')
CRITICAL - 2024-04-20 04:22:58 --> Class "App\Controllers\DocumentaryModel" not found
in APPPATH\Controllers\AdminController.php on line 23.
 1 SYSTEMPATH\CodeIgniter.php(919): App\Controllers\AdminController->reports()
 2 SYSTEMPATH\CodeIgniter.php(494): CodeIgniter\CodeIgniter->runController(Object(App\Controllers\AdminController))
 3 SYSTEMPATH\CodeIgniter.php(353): CodeIgniter\CodeIgniter->handleRequest(null, Object(Config\Cache), false)
 4 FCPATH\index.php(79): CodeIgniter\CodeIgniter->run()
 5 SYSTEMPATH\Commands\Server\rewrite.php(47): require_once('C:\\laragon\\www\\testbag\\public\\index.php')
