CRITICAL - 2024-03-17 15:09:27 --> Undefined variable $orders
in APPPATH\Views\template\index.php on line 183.
 1 APPPATH\Views\template\index.php(183): CodeIgniter\Debug\Exceptions->errorHandler(2, 'Undefined variable $orders', 'C:\\laragon\\www\\Gagraduate\\app\\Views\\template\\index.php', 183)
 2 SYSTEMPATH\View\View.php(226): include('C:\\laragon\\www\\Gagraduate\\app\\Views\\template\\index.php')
 3 SYSTEMPATH\View\View.php(229): CodeIgniter\View\View->CodeIgniter\View\{closure}()
 4 SYSTEMPATH\Common.php(1188): CodeIgniter\View\View->render('template/index', [], true)
 5 APPPATH\Controllers\HomeController.php(20): view('template/index', [...])
 6 SYSTEMPATH\CodeIgniter.php(919): App\Controllers\HomeController->index()
 7 SYSTEMPATH\CodeIgniter.php(494): CodeIgniter\CodeIgniter->runController(Object(App\Controllers\HomeController))
 8 SYSTEMPATH\CodeIgniter.php(353): CodeIgniter\CodeIgniter->handleRequest(null, Object(Config\Cache), false)
 9 FCPATH\index.php(79): CodeIgniter\CodeIgniter->run()
10 SYSTEMPATH\Commands\Server\rewrite.php(47): require_once('C:\\laragon\\www\\Gagraduate\\public\\index.php')
CRITICAL - 2024-03-17 15:09:28 --> Undefined variable $orders
in APPPATH\Views\template\index.php on line 183.
 1 APPPATH\Views\template\index.php(183): CodeIgniter\Debug\Exceptions->errorHandler(2, 'Undefined variable $orders', 'C:\\laragon\\www\\Gagraduate\\app\\Views\\template\\index.php', 183)
 2 SYSTEMPATH\View\View.php(226): include('C:\\laragon\\www\\Gagraduate\\app\\Views\\template\\index.php')
 3 SYSTEMPATH\View\View.php(229): CodeIgniter\View\View->CodeIgniter\View\{closure}()
 4 SYSTEMPATH\Common.php(1188): CodeIgniter\View\View->render('template/index', [], true)
 5 APPPATH\Controllers\HomeController.php(20): view('template/index', [...])
 6 SYSTEMPATH\CodeIgniter.php(919): App\Controllers\HomeController->index()
 7 SYSTEMPATH\CodeIgniter.php(494): CodeIgniter\CodeIgniter->runController(Object(App\Controllers\HomeController))
 8 SYSTEMPATH\CodeIgniter.php(353): CodeIgniter\CodeIgniter->handleRequest(null, Object(Config\Cache), false)
 9 FCPATH\index.php(79): CodeIgniter\CodeIgniter->run()
10 SYSTEMPATH\Commands\Server\rewrite.php(47): require_once('C:\\laragon\\www\\Gagraduate\\public\\index.php')
CRITICAL - 2024-03-17 15:11:31 --> Undefined variable $orders
in APPPATH\Views\template\index.php on line 183.
 1 APPPATH\Views\template\index.php(183): CodeIgniter\Debug\Exceptions->errorHandler(2, 'Undefined variable $orders', 'C:\\laragon\\www\\Gagraduate\\app\\Views\\template\\index.php', 183)
 2 SYSTEMPATH\View\View.php(226): include('C:\\laragon\\www\\Gagraduate\\app\\Views\\template\\index.php')
 3 SYSTEMPATH\View\View.php(229): CodeIgniter\View\View->CodeIgniter\View\{closure}()
 4 SYSTEMPATH\Common.php(1188): CodeIgniter\View\View->render('template/index', [], true)
 5 APPPATH\Controllers\HomeController.php(20): view('template/index', [...])
 6 SYSTEMPATH\CodeIgniter.php(919): App\Controllers\HomeController->index()
 7 SYSTEMPATH\CodeIgniter.php(494): CodeIgniter\CodeIgniter->runController(Object(App\Controllers\HomeController))
 8 SYSTEMPATH\CodeIgniter.php(353): CodeIgniter\CodeIgniter->handleRequest(null, Object(Config\Cache), false)
 9 FCPATH\index.php(79): CodeIgniter\CodeIgniter->run()
10 SYSTEMPATH\Commands\Server\rewrite.php(47): require_once('C:\\laragon\\www\\Gagraduate\\public\\index.php')
CRITICAL - 2024-03-17 15:23:51 --> Undefined variable $totalMembers
in APPPATH\Views\orders\admin_orders.php on line 128.
 1 APPPATH\Views\orders\admin_orders.php(128): CodeIgniter\Debug\Exceptions->errorHandler(2, 'Undefined variable $totalMembers', 'C:\\laragon\\www\\Gagraduate\\app\\Views\\orders\\admin_orders.php', 128)
 2 SYSTEMPATH\View\View.php(226): include('C:\\laragon\\www\\Gagraduate\\app\\Views\\orders\\admin_orders.php')
 3 SYSTEMPATH\View\View.php(229): CodeIgniter\View\View->CodeIgniter\View\{closure}()
 4 SYSTEMPATH\Common.php(1188): CodeIgniter\View\View->render('orders/admin_orders', [], true)
 5 APPPATH\Controllers\ProfileController.php(18): view('orders/admin_orders')
 6 SYSTEMPATH\CodeIgniter.php(919): App\Controllers\ProfileController->admin_orders()
 7 SYSTEMPATH\CodeIgniter.php(494): CodeIgniter\CodeIgniter->runController(Object(App\Controllers\ProfileController))
 8 SYSTEMPATH\CodeIgniter.php(353): CodeIgniter\CodeIgniter->handleRequest(null, Object(Config\Cache), false)
 9 FCPATH\index.php(79): CodeIgniter\CodeIgniter->run()
10 SYSTEMPATH\Commands\Server\rewrite.php(47): require_once('C:\\laragon\\www\\Gagraduate\\public\\index.php')
CRITICAL - 2024-03-17 15:24:15 --> Undefined variable $dates
in APPPATH\Views\orders\admin_orders.php on line 175.
 1 APPPATH\Views\orders\admin_orders.php(175): CodeIgniter\Debug\Exceptions->errorHandler(2, 'Undefined variable $dates', 'C:\\laragon\\www\\Gagraduate\\app\\Views\\orders\\admin_orders.php', 175)
 2 SYSTEMPATH\View\View.php(226): include('C:\\laragon\\www\\Gagraduate\\app\\Views\\orders\\admin_orders.php')
 3 SYSTEMPATH\View\View.php(229): CodeIgniter\View\View->CodeIgniter\View\{closure}()
 4 SYSTEMPATH\Common.php(1188): CodeIgniter\View\View->render('orders/admin_orders', [], true)
 5 APPPATH\Controllers\ProfileController.php(18): view('orders/admin_orders')
 6 SYSTEMPATH\CodeIgniter.php(919): App\Controllers\ProfileController->admin_orders()
 7 SYSTEMPATH\CodeIgniter.php(494): CodeIgniter\CodeIgniter->runController(Object(App\Controllers\ProfileController))
 8 SYSTEMPATH\CodeIgniter.php(353): CodeIgniter\CodeIgniter->handleRequest(null, Object(Config\Cache), false)
 9 FCPATH\index.php(79): CodeIgniter\CodeIgniter->run()
10 SYSTEMPATH\Commands\Server\rewrite.php(47): require_once('C:\\laragon\\www\\Gagraduate\\public\\index.php')
CRITICAL - 2024-03-17 15:25:49 --> Undefined variable $orders
in APPPATH\Views\orders\admin_orders.php on line 133.
 1 APPPATH\Views\orders\admin_orders.php(133): CodeIgniter\Debug\Exceptions->errorHandler(2, 'Undefined variable $orders', 'C:\\laragon\\www\\Gagraduate\\app\\Views\\orders\\admin_orders.php', 133)
 2 SYSTEMPATH\View\View.php(226): include('C:\\laragon\\www\\Gagraduate\\app\\Views\\orders\\admin_orders.php')
 3 SYSTEMPATH\View\View.php(229): CodeIgniter\View\View->CodeIgniter\View\{closure}()
 4 SYSTEMPATH\Common.php(1188): CodeIgniter\View\View->render('orders/admin_orders', [], true)
 5 APPPATH\Controllers\ProfileController.php(18): view('orders/admin_orders')
 6 SYSTEMPATH\CodeIgniter.php(919): App\Controllers\ProfileController->admin_orders()
 7 SYSTEMPATH\CodeIgniter.php(494): CodeIgniter\CodeIgniter->runController(Object(App\Controllers\ProfileController))
 8 SYSTEMPATH\CodeIgniter.php(353): CodeIgniter\CodeIgniter->handleRequest(null, Object(Config\Cache), false)
 9 FCPATH\index.php(79): CodeIgniter\CodeIgniter->run()
10 SYSTEMPATH\Commands\Server\rewrite.php(47): require_once('C:\\laragon\\www\\Gagraduate\\public\\index.php')
CRITICAL - 2024-03-17 15:32:30 --> Undefined variable $orders
in APPPATH\Views\orders\admin_orders.php on line 134.
 1 APPPATH\Views\orders\admin_orders.php(134): CodeIgniter\Debug\Exceptions->errorHandler(2, 'Undefined variable $orders', 'C:\\laragon\\www\\Gagraduate\\app\\Views\\orders\\admin_orders.php', 134)
 2 SYSTEMPATH\View\View.php(226): include('C:\\laragon\\www\\Gagraduate\\app\\Views\\orders\\admin_orders.php')
 3 SYSTEMPATH\View\View.php(229): CodeIgniter\View\View->CodeIgniter\View\{closure}()
 4 SYSTEMPATH\Common.php(1188): CodeIgniter\View\View->render('orders/admin_orders', [], true)
 5 APPPATH\Controllers\ProfileController.php(18): view('orders/admin_orders')
 6 SYSTEMPATH\CodeIgniter.php(919): App\Controllers\ProfileController->admin_orders()
 7 SYSTEMPATH\CodeIgniter.php(494): CodeIgniter\CodeIgniter->runController(Object(App\Controllers\ProfileController))
 8 SYSTEMPATH\CodeIgniter.php(353): CodeIgniter\CodeIgniter->handleRequest(null, Object(Config\Cache), false)
 9 FCPATH\index.php(79): CodeIgniter\CodeIgniter->run()
10 SYSTEMPATH\Commands\Server\rewrite.php(47): require_once('C:\\laragon\\www\\Gagraduate\\public\\index.php')
CRITICAL - 2024-03-17 15:32:47 --> Undefined variable $orders
in APPPATH\Views\orders\admin_orders.php on line 134.
 1 APPPATH\Views\orders\admin_orders.php(134): CodeIgniter\Debug\Exceptions->errorHandler(2, 'Undefined variable $orders', 'C:\\laragon\\www\\Gagraduate\\app\\Views\\orders\\admin_orders.php', 134)
 2 SYSTEMPATH\View\View.php(226): include('C:\\laragon\\www\\Gagraduate\\app\\Views\\orders\\admin_orders.php')
 3 SYSTEMPATH\View\View.php(229): CodeIgniter\View\View->CodeIgniter\View\{closure}()
 4 SYSTEMPATH\Common.php(1188): CodeIgniter\View\View->render('orders/admin_orders', [], true)
 5 APPPATH\Controllers\ProfileController.php(18): view('orders/admin_orders')
 6 SYSTEMPATH\CodeIgniter.php(919): App\Controllers\ProfileController->admin_orders()
 7 SYSTEMPATH\CodeIgniter.php(494): CodeIgniter\CodeIgniter->runController(Object(App\Controllers\ProfileController))
 8 SYSTEMPATH\CodeIgniter.php(353): CodeIgniter\CodeIgniter->handleRequest(null, Object(Config\Cache), false)
 9 FCPATH\index.php(79): CodeIgniter\CodeIgniter->run()
10 SYSTEMPATH\Commands\Server\rewrite.php(47): require_once('C:\\laragon\\www\\Gagraduate\\public\\index.php')
CRITICAL - 2024-03-17 15:34:22 --> Undefined variable $orders
in APPPATH\Views\orders\admin_orders.php on line 133.
 1 APPPATH\Views\orders\admin_orders.php(133): CodeIgniter\Debug\Exceptions->errorHandler(2, 'Undefined variable $orders', 'C:\\laragon\\www\\Gagraduate\\app\\Views\\orders\\admin_orders.php', 133)
 2 SYSTEMPATH\View\View.php(226): include('C:\\laragon\\www\\Gagraduate\\app\\Views\\orders\\admin_orders.php')
 3 SYSTEMPATH\View\View.php(229): CodeIgniter\View\View->CodeIgniter\View\{closure}()
 4 SYSTEMPATH\Common.php(1188): CodeIgniter\View\View->render('orders/admin_orders', [], true)
 5 APPPATH\Controllers\ProfileController.php(18): view('orders/admin_orders')
 6 SYSTEMPATH\CodeIgniter.php(919): App\Controllers\ProfileController->admin_orders()
 7 SYSTEMPATH\CodeIgniter.php(494): CodeIgniter\CodeIgniter->runController(Object(App\Controllers\ProfileController))
 8 SYSTEMPATH\CodeIgniter.php(353): CodeIgniter\CodeIgniter->handleRequest(null, Object(Config\Cache), false)
 9 FCPATH\index.php(79): CodeIgniter\CodeIgniter->run()
10 SYSTEMPATH\Commands\Server\rewrite.php(47): require_once('C:\\laragon\\www\\Gagraduate\\public\\index.php')
CRITICAL - 2024-03-17 15:34:35 --> Undefined variable $orders
in APPPATH\Views\orders\admin_orders.php on line 133.
 1 APPPATH\Views\orders\admin_orders.php(133): CodeIgniter\Debug\Exceptions->errorHandler(2, 'Undefined variable $orders', 'C:\\laragon\\www\\Gagraduate\\app\\Views\\orders\\admin_orders.php', 133)
 2 SYSTEMPATH\View\View.php(226): include('C:\\laragon\\www\\Gagraduate\\app\\Views\\orders\\admin_orders.php')
 3 SYSTEMPATH\View\View.php(229): CodeIgniter\View\View->CodeIgniter\View\{closure}()
 4 SYSTEMPATH\Common.php(1188): CodeIgniter\View\View->render('orders/admin_orders', [], true)
 5 APPPATH\Controllers\ProfileController.php(18): view('orders/admin_orders')
 6 SYSTEMPATH\CodeIgniter.php(919): App\Controllers\ProfileController->admin_orders()
 7 SYSTEMPATH\CodeIgniter.php(494): CodeIgniter\CodeIgniter->runController(Object(App\Controllers\ProfileController))
 8 SYSTEMPATH\CodeIgniter.php(353): CodeIgniter\CodeIgniter->handleRequest(null, Object(Config\Cache), false)
 9 FCPATH\index.php(79): CodeIgniter\CodeIgniter->run()
10 SYSTEMPATH\Commands\Server\rewrite.php(47): require_once('C:\\laragon\\www\\Gagraduate\\public\\index.php')
CRITICAL - 2024-03-17 15:37:06 --> Undefined variable $orders
in APPPATH\Views\orders\admin_orders.php on line 133.
 1 APPPATH\Views\orders\admin_orders.php(133): CodeIgniter\Debug\Exceptions->errorHandler(2, 'Undefined variable $orders', 'C:\\laragon\\www\\Gagraduate\\app\\Views\\orders\\admin_orders.php', 133)
 2 SYSTEMPATH\View\View.php(226): include('C:\\laragon\\www\\Gagraduate\\app\\Views\\orders\\admin_orders.php')
 3 SYSTEMPATH\View\View.php(229): CodeIgniter\View\View->CodeIgniter\View\{closure}()
 4 SYSTEMPATH\Common.php(1188): CodeIgniter\View\View->render('orders/admin_orders', [], true)
 5 APPPATH\Controllers\ProfileController.php(19): view('orders/admin_orders')
 6 SYSTEMPATH\CodeIgniter.php(919): App\Controllers\ProfileController->admin_orders()
 7 SYSTEMPATH\CodeIgniter.php(494): CodeIgniter\CodeIgniter->runController(Object(App\Controllers\ProfileController))
 8 SYSTEMPATH\CodeIgniter.php(353): CodeIgniter\CodeIgniter->handleRequest(null, Object(Config\Cache), false)
 9 FCPATH\index.php(79): CodeIgniter\CodeIgniter->run()
10 SYSTEMPATH\Commands\Server\rewrite.php(47): require_once('C:\\laragon\\www\\Gagraduate\\public\\index.php')
CRITICAL - 2024-03-17 15:37:25 --> Undefined variable $orders
in APPPATH\Views\orders\admin_orders.php on line 133.
 1 APPPATH\Views\orders\admin_orders.php(133): CodeIgniter\Debug\Exceptions->errorHandler(2, 'Undefined variable $orders', 'C:\\laragon\\www\\Gagraduate\\app\\Views\\orders\\admin_orders.php', 133)
 2 SYSTEMPATH\View\View.php(226): include('C:\\laragon\\www\\Gagraduate\\app\\Views\\orders\\admin_orders.php')
 3 SYSTEMPATH\View\View.php(229): CodeIgniter\View\View->CodeIgniter\View\{closure}()
 4 SYSTEMPATH\Common.php(1188): CodeIgniter\View\View->render('orders/admin_orders', [], true)
 5 APPPATH\Controllers\ProfileController.php(19): view('orders/admin_orders')
 6 SYSTEMPATH\CodeIgniter.php(919): App\Controllers\ProfileController->admin_orders()
 7 SYSTEMPATH\CodeIgniter.php(494): CodeIgniter\CodeIgniter->runController(Object(App\Controllers\ProfileController))
 8 SYSTEMPATH\CodeIgniter.php(353): CodeIgniter\CodeIgniter->handleRequest(null, Object(Config\Cache), false)
 9 FCPATH\index.php(79): CodeIgniter\CodeIgniter->run()
10 SYSTEMPATH\Commands\Server\rewrite.php(47): require_once('C:\\laragon\\www\\Gagraduate\\public\\index.php')
CRITICAL - 2024-03-17 15:39:17 --> Undefined variable $orders
in APPPATH\Views\orders\admin_orders.php on line 133.
 1 APPPATH\Views\orders\admin_orders.php(133): CodeIgniter\Debug\Exceptions->errorHandler(2, 'Undefined variable $orders', 'C:\\laragon\\www\\Gagraduate\\app\\Views\\orders\\admin_orders.php', 133)
 2 SYSTEMPATH\View\View.php(226): include('C:\\laragon\\www\\Gagraduate\\app\\Views\\orders\\admin_orders.php')
 3 SYSTEMPATH\View\View.php(229): CodeIgniter\View\View->CodeIgniter\View\{closure}()
 4 SYSTEMPATH\Common.php(1188): CodeIgniter\View\View->render('orders/admin_orders', [], true)
 5 APPPATH\Controllers\ProfileController.php(19): view('orders/admin_orders')
 6 SYSTEMPATH\CodeIgniter.php(919): App\Controllers\ProfileController->admin_orders()
 7 SYSTEMPATH\CodeIgniter.php(494): CodeIgniter\CodeIgniter->runController(Object(App\Controllers\ProfileController))
 8 SYSTEMPATH\CodeIgniter.php(353): CodeIgniter\CodeIgniter->handleRequest(null, Object(Config\Cache), false)
 9 FCPATH\index.php(79): CodeIgniter\CodeIgniter->run()
10 SYSTEMPATH\Commands\Server\rewrite.php(47): require_once('C:\\laragon\\www\\Gagraduate\\public\\index.php')
CRITICAL - 2024-03-17 15:39:18 --> Undefined variable $orders
in APPPATH\Views\orders\admin_orders.php on line 133.
 1 APPPATH\Views\orders\admin_orders.php(133): CodeIgniter\Debug\Exceptions->errorHandler(2, 'Undefined variable $orders', 'C:\\laragon\\www\\Gagraduate\\app\\Views\\orders\\admin_orders.php', 133)
 2 SYSTEMPATH\View\View.php(226): include('C:\\laragon\\www\\Gagraduate\\app\\Views\\orders\\admin_orders.php')
 3 SYSTEMPATH\View\View.php(229): CodeIgniter\View\View->CodeIgniter\View\{closure}()
 4 SYSTEMPATH\Common.php(1188): CodeIgniter\View\View->render('orders/admin_orders', [], true)
 5 APPPATH\Controllers\ProfileController.php(19): view('orders/admin_orders')
 6 SYSTEMPATH\CodeIgniter.php(919): App\Controllers\ProfileController->admin_orders()
 7 SYSTEMPATH\CodeIgniter.php(494): CodeIgniter\CodeIgniter->runController(Object(App\Controllers\ProfileController))
 8 SYSTEMPATH\CodeIgniter.php(353): CodeIgniter\CodeIgniter->handleRequest(null, Object(Config\Cache), false)
 9 FCPATH\index.php(79): CodeIgniter\CodeIgniter->run()
10 SYSTEMPATH\Commands\Server\rewrite.php(47): require_once('C:\\laragon\\www\\Gagraduate\\public\\index.php')
CRITICAL - 2024-03-17 15:40:21 --> Undefined variable $orders
in APPPATH\Views\orders\admin_orders.php on line 133.
 1 APPPATH\Views\orders\admin_orders.php(133): CodeIgniter\Debug\Exceptions->errorHandler(2, 'Undefined variable $orders', 'C:\\laragon\\www\\Gagraduate\\app\\Views\\orders\\admin_orders.php', 133)
 2 SYSTEMPATH\View\View.php(226): include('C:\\laragon\\www\\Gagraduate\\app\\Views\\orders\\admin_orders.php')
 3 SYSTEMPATH\View\View.php(229): CodeIgniter\View\View->CodeIgniter\View\{closure}()
 4 SYSTEMPATH\Common.php(1188): CodeIgniter\View\View->render('orders/admin_orders', [], true)
 5 APPPATH\Controllers\ProfileController.php(19): view('orders/admin_orders')
 6 SYSTEMPATH\CodeIgniter.php(919): App\Controllers\ProfileController->admin_orders()
 7 SYSTEMPATH\CodeIgniter.php(494): CodeIgniter\CodeIgniter->runController(Object(App\Controllers\ProfileController))
 8 SYSTEMPATH\CodeIgniter.php(353): CodeIgniter\CodeIgniter->handleRequest(null, Object(Config\Cache), false)
 9 FCPATH\index.php(79): CodeIgniter\CodeIgniter->run()
10 SYSTEMPATH\Commands\Server\rewrite.php(47): require_once('C:\\laragon\\www\\Gagraduate\\public\\index.php')
CRITICAL - 2024-03-17 15:45:43 --> Undefined variable $orders
in APPPATH\Views\orders\admin_orders.php on line 133.
 1 APPPATH\Views\orders\admin_orders.php(133): CodeIgniter\Debug\Exceptions->errorHandler(2, 'Undefined variable $orders', 'C:\\laragon\\www\\Gagraduate\\app\\Views\\orders\\admin_orders.php', 133)
 2 SYSTEMPATH\View\View.php(226): include('C:\\laragon\\www\\Gagraduate\\app\\Views\\orders\\admin_orders.php')
 3 SYSTEMPATH\View\View.php(229): CodeIgniter\View\View->CodeIgniter\View\{closure}()
 4 SYSTEMPATH\Common.php(1188): CodeIgniter\View\View->render('orders/admin_orders', [], true)
 5 APPPATH\Controllers\ProfileController.php(19): view('orders/admin_orders')
 6 SYSTEMPATH\CodeIgniter.php(919): App\Controllers\ProfileController->admin_orders()
 7 SYSTEMPATH\CodeIgniter.php(494): CodeIgniter\CodeIgniter->runController(Object(App\Controllers\ProfileController))
 8 SYSTEMPATH\CodeIgniter.php(353): CodeIgniter\CodeIgniter->handleRequest(null, Object(Config\Cache), false)
 9 FCPATH\index.php(79): CodeIgniter\CodeIgniter->run()
10 SYSTEMPATH\Commands\Server\rewrite.php(47): require_once('C:\\laragon\\www\\Gagraduate\\public\\index.php')
CRITICAL - 2024-03-17 15:45:58 --> Undefined variable $orders
in APPPATH\Views\orders\admin_orders.php on line 133.
 1 APPPATH\Views\orders\admin_orders.php(133): CodeIgniter\Debug\Exceptions->errorHandler(2, 'Undefined variable $orders', 'C:\\laragon\\www\\Gagraduate\\app\\Views\\orders\\admin_orders.php', 133)
 2 SYSTEMPATH\View\View.php(226): include('C:\\laragon\\www\\Gagraduate\\app\\Views\\orders\\admin_orders.php')
 3 SYSTEMPATH\View\View.php(229): CodeIgniter\View\View->CodeIgniter\View\{closure}()
 4 SYSTEMPATH\Common.php(1188): CodeIgniter\View\View->render('orders/admin_orders', [], true)
 5 APPPATH\Controllers\ProfileController.php(19): view('orders/admin_orders')
 6 SYSTEMPATH\CodeIgniter.php(919): App\Controllers\ProfileController->admin_orders()
 7 SYSTEMPATH\CodeIgniter.php(494): CodeIgniter\CodeIgniter->runController(Object(App\Controllers\ProfileController))
 8 SYSTEMPATH\CodeIgniter.php(353): CodeIgniter\CodeIgniter->handleRequest(null, Object(Config\Cache), false)
 9 FCPATH\index.php(79): CodeIgniter\CodeIgniter->run()
10 SYSTEMPATH\Commands\Server\rewrite.php(47): require_once('C:\\laragon\\www\\Gagraduate\\public\\index.php')
CRITICAL - 2024-03-17 15:49:35 --> Undefined variable $orders
in APPPATH\Views\orders\admin_orders.php on line 134.
 1 APPPATH\Views\orders\admin_orders.php(134): CodeIgniter\Debug\Exceptions->errorHandler(2, 'Undefined variable $orders', 'C:\\laragon\\www\\Gagraduate\\app\\Views\\orders\\admin_orders.php', 134)
 2 SYSTEMPATH\View\View.php(226): include('C:\\laragon\\www\\Gagraduate\\app\\Views\\orders\\admin_orders.php')
 3 SYSTEMPATH\View\View.php(229): CodeIgniter\View\View->CodeIgniter\View\{closure}()
 4 SYSTEMPATH\Common.php(1188): CodeIgniter\View\View->render('orders/admin_orders', [], true)
 5 APPPATH\Controllers\ProfileController.php(19): view('orders/admin_orders')
 6 SYSTEMPATH\CodeIgniter.php(919): App\Controllers\ProfileController->admin_orders()
 7 SYSTEMPATH\CodeIgniter.php(494): CodeIgniter\CodeIgniter->runController(Object(App\Controllers\ProfileController))
 8 SYSTEMPATH\CodeIgniter.php(353): CodeIgniter\CodeIgniter->handleRequest(null, Object(Config\Cache), false)
 9 FCPATH\index.php(79): CodeIgniter\CodeIgniter->run()
10 SYSTEMPATH\Commands\Server\rewrite.php(47): require_once('C:\\laragon\\www\\Gagraduate\\public\\index.php')
CRITICAL - 2024-03-17 16:04:14 --> Undefined variable $orders
in APPPATH\Views\order\admin_orders.php on line 26.
 1 APPPATH\Views\order\admin_orders.php(26): CodeIgniter\Debug\Exceptions->errorHandler(2, 'Undefined variable $orders', 'C:\\laragon\\www\\Gagraduate\\app\\Views\\order\\admin_orders.php', 26)
 2 SYSTEMPATH\View\View.php(226): include('C:\\laragon\\www\\Gagraduate\\app\\Views\\order\\admin_orders.php')
 3 SYSTEMPATH\View\View.php(229): CodeIgniter\View\View->CodeIgniter\View\{closure}()
 4 SYSTEMPATH\Common.php(1188): CodeIgniter\View\View->render('order/admin_orders', [], true)
 5 APPPATH\Controllers\OrdersController.php(57): view('order/admin_orders')
 6 SYSTEMPATH\CodeIgniter.php(919): App\Controllers\OrdersController->admin_orders()
 7 SYSTEMPATH\CodeIgniter.php(494): CodeIgniter\CodeIgniter->runController(Object(App\Controllers\OrdersController))
 8 SYSTEMPATH\CodeIgniter.php(353): CodeIgniter\CodeIgniter->handleRequest(null, Object(Config\Cache), false)
 9 FCPATH\index.php(79): CodeIgniter\CodeIgniter->run()
10 SYSTEMPATH\Commands\Server\rewrite.php(47): require_once('C:\\laragon\\www\\Gagraduate\\public\\index.php')
