ERROR - 2024-03-16 02:19:01 --> mysqli_sql_exception: Unknown column 'username' in 'where clause' in C:\laragon\www\Gagraduate\system\Database\MySQLi\Connection.php:306
Stack trace:
#0 C:\laragon\www\Gagraduate\system\Database\MySQLi\Connection.php(306): mysqli->query('SELECT *\nFROM `...', 0)
#1 C:\laragon\www\Gagraduate\system\Database\BaseConnection.php(692): CodeIgniter\Database\MySQLi\Connection->execute('SELECT *\nFROM `...')
#2 C:\laragon\www\Gagraduate\system\Database\BaseConnection.php(606): CodeIgniter\Database\BaseConnection->simpleQuery('SELECT *\nFROM `...')
#3 C:\laragon\www\Gagraduate\system\Database\BaseBuilder.php(1615): CodeIgniter\Database\BaseConnection->query('SELECT *\nFROM `...', Array, false)
#4 C:\laragon\www\Gagraduate\system\Model.php(264): CodeIgniter\Database\BaseBuilder->get()
#5 C:\laragon\www\Gagraduate\system\BaseModel.php(662): CodeIgniter\Model->doFirst()
#6 C:\laragon\www\Gagraduate\app\Controllers\SigninController.php(27): CodeIgniter\BaseModel->first()
#7 C:\laragon\www\Gagraduate\system\CodeIgniter.php(919): App\Controllers\SigninController->loginAuth()
#8 C:\laragon\www\Gagraduate\system\CodeIgniter.php(494): CodeIgniter\CodeIgniter->runController(Object(App\Controllers\SigninController))
#9 C:\laragon\www\Gagraduate\system\CodeIgniter.php(353): CodeIgniter\CodeIgniter->handleRequest(NULL, Object(Config\Cache), false)
#10 C:\laragon\www\Gagraduate\public\index.php(79): CodeIgniter\CodeIgniter->run()
#11 C:\laragon\www\Gagraduate\system\Commands\Server\rewrite.php(47): require_once('C:\\laragon\\www\\...')
#12 {main}
CRITICAL - 2024-03-16 02:19:01 --> Unknown column 'username' in 'where clause'
in SYSTEMPATH\Database\BaseConnection.php on line 646.
 1 SYSTEMPATH\Database\BaseBuilder.php(1615): CodeIgniter\Database\BaseConnection->query('SELECT *
FROM `users`
WHERE `username` = :username:
 LIMIT 1', [...], false)
 2 SYSTEMPATH\Model.php(264): CodeIgniter\Database\BaseBuilder->get()
 3 SYSTEMPATH\BaseModel.php(662): CodeIgniter\Model->doFirst()
 4 APPPATH\Controllers\SigninController.php(27): CodeIgniter\BaseModel->first()
 5 SYSTEMPATH\CodeIgniter.php(919): App\Controllers\SigninController->loginAuth()
 6 SYSTEMPATH\CodeIgniter.php(494): CodeIgniter\CodeIgniter->runController(Object(App\Controllers\SigninController))
 7 SYSTEMPATH\CodeIgniter.php(353): CodeIgniter\CodeIgniter->handleRequest(null, Object(Config\Cache), false)
 8 FCPATH\index.php(79): CodeIgniter\CodeIgniter->run()
 9 SYSTEMPATH\Commands\Server\rewrite.php(47): require_once('C:\\laragon\\www\\Gagraduate\\public\\index.php')
