CRITICAL - 2024-02-22 01:51:22 --> Class "Services" not found
in APPPATH\Config\Routes.php on line 70.
 1 SYSTEMPATH\Router\RouteCollection.php(339): require()
 2 SYSTEMPATH\CodeIgniter.php(787): CodeIgniter\Router\RouteCollection->loadRoutes()
 3 SYSTEMPATH\CodeIgniter.php(442): CodeIgniter\CodeIgniter->tryToRouteIt(null)
 4 SYSTEMPATH\CodeIgniter.php(353): CodeIgniter\CodeIgniter->handleRequest(null, Object(Config\Cache), false)
 5 FCPATH\index.php(79): CodeIgniter\CodeIgniter->run()
 6 SYSTEMPATH\Commands\Server\rewrite.php(47): require_once('C:\\laragon\\www\\Gagraduate\\public\\index.php')
CRITICAL - 2024-02-22 01:51:44 --> Class "App\Model\WorkshopModel" not found
in APPPATH\Controllers\Workshop.php on line 11.
 1 SYSTEMPATH\CodeIgniter.php(919): App\Controllers\Workshop->index()
 2 SYSTEMPATH\CodeIgniter.php(494): CodeIgniter\CodeIgniter->runController(Object(App\Controllers\Workshop))
 3 SYSTEMPATH\CodeIgniter.php(353): CodeIgniter\CodeIgniter->handleRequest(null, Object(Config\Cache), false)
 4 FCPATH\index.php(79): CodeIgniter\CodeIgniter->run()
 5 SYSTEMPATH\Commands\Server\rewrite.php(47): require_once('C:\\laragon\\www\\Gagraduate\\public\\index.php')
CRITICAL - 2024-02-22 02:17:11 --> Undefined array key "attendees"
in APPPATH\Views\workshop_index.php on line 19.
 1 APPPATH\Views\workshop_index.php(19): CodeIgniter\Debug\Exceptions->errorHandler(2, 'Undefined array key "attendees"', 'C:\\laragon\\www\\Gagraduate\\app\\Views\\workshop_index.php', 19)
 2 SYSTEMPATH\View\View.php(226): include('C:\\laragon\\www\\Gagraduate\\app\\Views\\workshop_index.php')
 3 SYSTEMPATH\View\View.php(229): CodeIgniter\View\View->CodeIgniter\View\{closure}()
 4 SYSTEMPATH\Common.php(1188): CodeIgniter\View\View->render('workshop_index', [], true)
 5 APPPATH\Controllers\Workshop.php(13): view('workshop_index', [...])
 6 SYSTEMPATH\CodeIgniter.php(919): App\Controllers\Workshop->index()
 7 SYSTEMPATH\CodeIgniter.php(494): CodeIgniter\CodeIgniter->runController(Object(App\Controllers\Workshop))
 8 SYSTEMPATH\CodeIgniter.php(353): CodeIgniter\CodeIgniter->handleRequest(null, Object(Config\Cache), false)
 9 FCPATH\index.php(79): CodeIgniter\CodeIgniter->run()
10 SYSTEMPATH\Commands\Server\rewrite.php(47): require_once('C:\\laragon\\www\\Gagraduate\\public\\index.php')
CRITICAL - 2024-02-22 02:18:09 --> Call to undefined method App\Models\WorkshopModel::getAttendeesCount
in SYSTEMPATH\Model.php on line 873.
 1 APPPATH\Controllers\Workshop.php(15): CodeIgniter\Model->__call('getAttendeesCount', [...])
 2 SYSTEMPATH\CodeIgniter.php(919): App\Controllers\Workshop->index()
 3 SYSTEMPATH\CodeIgniter.php(494): CodeIgniter\CodeIgniter->runController(Object(App\Controllers\Workshop))
 4 SYSTEMPATH\CodeIgniter.php(353): CodeIgniter\CodeIgniter->handleRequest(null, Object(Config\Cache), false)
 5 FCPATH\index.php(79): CodeIgniter\CodeIgniter->run()
 6 SYSTEMPATH\Commands\Server\rewrite.php(47): require_once('C:\\laragon\\www\\Gagraduate\\public\\index.php')
CRITICAL - 2024-02-22 02:18:58 --> Call to undefined method App\Models\WorkshopModel::getAttendeesCount
in SYSTEMPATH\Model.php on line 873.
 1 APPPATH\Controllers\Workshop.php(15): CodeIgniter\Model->__call('getAttendeesCount', [...])
 2 SYSTEMPATH\CodeIgniter.php(919): App\Controllers\Workshop->index()
 3 SYSTEMPATH\CodeIgniter.php(494): CodeIgniter\CodeIgniter->runController(Object(App\Controllers\Workshop))
 4 SYSTEMPATH\CodeIgniter.php(353): CodeIgniter\CodeIgniter->handleRequest(null, Object(Config\Cache), false)
 5 FCPATH\index.php(79): CodeIgniter\CodeIgniter->run()
 6 SYSTEMPATH\Commands\Server\rewrite.php(47): require_once('C:\\laragon\\www\\Gagraduate\\public\\index.php')
CRITICAL - 2024-02-22 02:19:00 --> Call to undefined method App\Models\WorkshopModel::getAttendeesCount
in SYSTEMPATH\Model.php on line 873.
 1 APPPATH\Controllers\Workshop.php(15): CodeIgniter\Model->__call('getAttendeesCount', [...])
 2 SYSTEMPATH\CodeIgniter.php(919): App\Controllers\Workshop->index()
 3 SYSTEMPATH\CodeIgniter.php(494): CodeIgniter\CodeIgniter->runController(Object(App\Controllers\Workshop))
 4 SYSTEMPATH\CodeIgniter.php(353): CodeIgniter\CodeIgniter->handleRequest(null, Object(Config\Cache), false)
 5 FCPATH\index.php(79): CodeIgniter\CodeIgniter->run()
 6 SYSTEMPATH\Commands\Server\rewrite.php(47): require_once('C:\\laragon\\www\\Gagraduate\\public\\index.php')
CRITICAL - 2024-02-22 02:30:51 --> Undefined variable $joinedWorkshops
in APPPATH\Views\workshop_index.php on line 20.
 1 APPPATH\Views\workshop_index.php(20): CodeIgniter\Debug\Exceptions->errorHandler(2, 'Undefined variable $joinedWorkshops', 'C:\\laragon\\www\\Gagraduate\\app\\Views\\workshop_index.php', 20)
 2 SYSTEMPATH\View\View.php(226): include('C:\\laragon\\www\\Gagraduate\\app\\Views\\workshop_index.php')
 3 SYSTEMPATH\View\View.php(229): CodeIgniter\View\View->CodeIgniter\View\{closure}()
 4 SYSTEMPATH\Common.php(1188): CodeIgniter\View\View->render('workshop_index', [], true)
 5 APPPATH\Controllers\Workshop.php(13): view('workshop_index', [...])
 6 SYSTEMPATH\CodeIgniter.php(919): App\Controllers\Workshop->index()
 7 SYSTEMPATH\CodeIgniter.php(494): CodeIgniter\CodeIgniter->runController(Object(App\Controllers\Workshop))
 8 SYSTEMPATH\CodeIgniter.php(353): CodeIgniter\CodeIgniter->handleRequest(null, Object(Config\Cache), false)
 9 FCPATH\index.php(79): CodeIgniter\CodeIgniter->run()
10 SYSTEMPATH\Commands\Server\rewrite.php(47): require_once('C:\\laragon\\www\\Gagraduate\\public\\index.php')
CRITICAL - 2024-02-22 02:32:03 --> Invalid file: "workshop/index.php"
in SYSTEMPATH\Exceptions\FrameworkException.php on line 39.
 1 SYSTEMPATH\View\View.php(214): CodeIgniter\Exceptions\FrameworkException::forInvalidFile('workshop/index.php')
 2 SYSTEMPATH\Common.php(1188): CodeIgniter\View\View->render('workshop/index', [], true)
 3 APPPATH\Controllers\Workshop.php(17): view('workshop/index', [...])
 4 SYSTEMPATH\CodeIgniter.php(919): App\Controllers\Workshop->index()
 5 SYSTEMPATH\CodeIgniter.php(494): CodeIgniter\CodeIgniter->runController(Object(App\Controllers\Workshop))
 6 SYSTEMPATH\CodeIgniter.php(353): CodeIgniter\CodeIgniter->handleRequest(null, Object(Config\Cache), false)
 7 FCPATH\index.php(79): CodeIgniter\CodeIgniter->run()
 8 SYSTEMPATH\Commands\Server\rewrite.php(47): require_once('C:\\laragon\\www\\Gagraduate\\public\\index.php')
CRITICAL - 2024-02-22 02:35:47 --> Invalid file: "workshop/message_and_join.php"
in SYSTEMPATH\Exceptions\FrameworkException.php on line 39.
 1 SYSTEMPATH\View\View.php(214): CodeIgniter\Exceptions\FrameworkException::forInvalidFile('workshop/message_and_join.php')
 2 SYSTEMPATH\Common.php(1188): CodeIgniter\View\View->render('workshop/message_and_join', [], true)
 3 APPPATH\Controllers\Workshop.php(83): view('workshop/message_and_join', [...])
 4 SYSTEMPATH\CodeIgniter.php(919): App\Controllers\Workshop->messageAndJoin('1')
 5 SYSTEMPATH\CodeIgniter.php(494): CodeIgniter\CodeIgniter->runController(Object(App\Controllers\Workshop))
 6 SYSTEMPATH\CodeIgniter.php(353): CodeIgniter\CodeIgniter->handleRequest(null, Object(Config\Cache), false)
 7 FCPATH\index.php(79): CodeIgniter\CodeIgniter->run()
 8 SYSTEMPATH\Commands\Server\rewrite.php(47): require_once('C:\\laragon\\www\\Gagraduate\\public\\index.php')
CRITICAL - 2024-02-22 02:36:26 --> Invalid file: "workshop/message_and_join.php"
in SYSTEMPATH\Exceptions\FrameworkException.php on line 39.
 1 SYSTEMPATH\View\View.php(214): CodeIgniter\Exceptions\FrameworkException::forInvalidFile('workshop/message_and_join.php')
 2 SYSTEMPATH\Common.php(1188): CodeIgniter\View\View->render('workshop/message_and_join', [], true)
 3 APPPATH\Controllers\Workshop.php(83): view('workshop/message_and_join', [...])
 4 SYSTEMPATH\CodeIgniter.php(919): App\Controllers\Workshop->messageAndJoin('1')
 5 SYSTEMPATH\CodeIgniter.php(494): CodeIgniter\CodeIgniter->runController(Object(App\Controllers\Workshop))
 6 SYSTEMPATH\CodeIgniter.php(353): CodeIgniter\CodeIgniter->handleRequest(null, Object(Config\Cache), false)
 7 FCPATH\index.php(79): CodeIgniter\CodeIgniter->run()
 8 SYSTEMPATH\Commands\Server\rewrite.php(47): require_once('C:\\laragon\\www\\Gagraduate\\public\\index.php')
CRITICAL - 2024-02-22 02:38:33 --> Invalid file: "workshop/message_and_join.php"
in SYSTEMPATH\Exceptions\FrameworkException.php on line 39.
 1 SYSTEMPATH\View\View.php(214): CodeIgniter\Exceptions\FrameworkException::forInvalidFile('workshop/message_and_join.php')
 2 SYSTEMPATH\Common.php(1188): CodeIgniter\View\View->render('workshop/message_and_join', [], true)
 3 APPPATH\Controllers\Workshop.php(83): view('workshop/message_and_join', [...])
 4 SYSTEMPATH\CodeIgniter.php(919): App\Controllers\Workshop->messageAndJoin('2')
 5 SYSTEMPATH\CodeIgniter.php(494): CodeIgniter\CodeIgniter->runController(Object(App\Controllers\Workshop))
 6 SYSTEMPATH\CodeIgniter.php(353): CodeIgniter\CodeIgniter->handleRequest(null, Object(Config\Cache), false)
 7 FCPATH\index.php(79): CodeIgniter\CodeIgniter->run()
 8 SYSTEMPATH\Commands\Server\rewrite.php(47): require_once('C:\\laragon\\www\\Gagraduate\\public\\index.php')
CRITICAL - 2024-02-22 02:39:36 --> Invalid file: "workshop/message_and_join.php"
in SYSTEMPATH\Exceptions\FrameworkException.php on line 39.
 1 SYSTEMPATH\View\View.php(214): CodeIgniter\Exceptions\FrameworkException::forInvalidFile('workshop/message_and_join.php')
 2 SYSTEMPATH\Common.php(1188): CodeIgniter\View\View->render('workshop/message_and_join', [], true)
 3 APPPATH\Controllers\Workshop.php(83): view('workshop/message_and_join', [...])
 4 SYSTEMPATH\CodeIgniter.php(919): App\Controllers\Workshop->messageAndJoin('2')
 5 SYSTEMPATH\CodeIgniter.php(494): CodeIgniter\CodeIgniter->runController(Object(App\Controllers\Workshop))
 6 SYSTEMPATH\CodeIgniter.php(353): CodeIgniter\CodeIgniter->handleRequest(null, Object(Config\Cache), false)
 7 FCPATH\index.php(79): CodeIgniter\CodeIgniter->run()
 8 SYSTEMPATH\Commands\Server\rewrite.php(47): require_once('C:\\laragon\\www\\Gagraduate\\public\\index.php')
CRITICAL - 2024-02-22 02:39:53 --> Invalid file: "workshop/message_and_join.php"
in SYSTEMPATH\Exceptions\FrameworkException.php on line 39.
 1 SYSTEMPATH\View\View.php(214): CodeIgniter\Exceptions\FrameworkException::forInvalidFile('workshop/message_and_join.php')
 2 SYSTEMPATH\Common.php(1188): CodeIgniter\View\View->render('workshop/message_and_join', [], true)
 3 APPPATH\Controllers\Workshop.php(83): view('workshop/message_and_join', [...])
 4 SYSTEMPATH\CodeIgniter.php(919): App\Controllers\Workshop->messageAndJoin('2')
 5 SYSTEMPATH\CodeIgniter.php(494): CodeIgniter\CodeIgniter->runController(Object(App\Controllers\Workshop))
 6 SYSTEMPATH\CodeIgniter.php(353): CodeIgniter\CodeIgniter->handleRequest(null, Object(Config\Cache), false)
 7 FCPATH\index.php(79): CodeIgniter\CodeIgniter->run()
 8 SYSTEMPATH\Commands\Server\rewrite.php(47): require_once('C:\\laragon\\www\\Gagraduate\\public\\index.php')
CRITICAL - 2024-02-22 02:41:05 --> Too few arguments to function App\Controllers\Workshop::messageAndJoin(), 0 passed in C:\laragon\www\Gagraduate\system\CodeIgniter.php on line 919 and exactly 1 expected
in APPPATH\Controllers\Workshop.php on line 75.
 1 SYSTEMPATH\CodeIgniter.php(919): App\Controllers\Workshop->messageAndJoin()
 2 SYSTEMPATH\CodeIgniter.php(494): CodeIgniter\CodeIgniter->runController(Object(App\Controllers\Workshop))
 3 SYSTEMPATH\CodeIgniter.php(353): CodeIgniter\CodeIgniter->handleRequest(null, Object(Config\Cache), false)
 4 FCPATH\index.php(79): CodeIgniter\CodeIgniter->run()
 5 SYSTEMPATH\Commands\Server\rewrite.php(47): require_once('C:\\laragon\\www\\Gagraduate\\public\\index.php')
CRITICAL - 2024-02-22 02:44:25 --> Invalid file: "workshop/index.php"
in SYSTEMPATH\Exceptions\FrameworkException.php on line 39.
 1 SYSTEMPATH\View\View.php(214): CodeIgniter\Exceptions\FrameworkException::forInvalidFile('workshop/index.php')
 2 SYSTEMPATH\Common.php(1188): CodeIgniter\View\View->render('workshop/index', [], true)
 3 APPPATH\Controllers\Workshop.php(17): view('workshop/index', [...])
 4 SYSTEMPATH\CodeIgniter.php(919): App\Controllers\Workshop->index()
 5 SYSTEMPATH\CodeIgniter.php(494): CodeIgniter\CodeIgniter->runController(Object(App\Controllers\Workshop))
 6 SYSTEMPATH\CodeIgniter.php(353): CodeIgniter\CodeIgniter->handleRequest(null, Object(Config\Cache), false)
 7 FCPATH\index.php(79): CodeIgniter\CodeIgniter->run()
 8 SYSTEMPATH\Commands\Server\rewrite.php(47): require_once('C:\\laragon\\www\\Gagraduate\\public\\index.php')
CRITICAL - 2024-02-22 02:44:34 --> Trying to access array offset on value of type null
in APPPATH\Views\workshop_update.php on line 11.
 1 APPPATH\Views\workshop_update.php(11): CodeIgniter\Debug\Exceptions->errorHandler(2, 'Trying to access array offset on value of type null', 'C:\\laragon\\www\\Gagraduate\\app\\Views\\workshop_update.php', 11)
 2 SYSTEMPATH\View\View.php(226): include('C:\\laragon\\www\\Gagraduate\\app\\Views\\workshop_update.php')
 3 SYSTEMPATH\View\View.php(229): CodeIgniter\View\View->CodeIgniter\View\{closure}()
 4 SYSTEMPATH\Common.php(1188): CodeIgniter\View\View->render('workshop_update', [], true)
 5 APPPATH\Controllers\Workshop.php(69): view('workshop_update', [...])
 6 SYSTEMPATH\CodeIgniter.php(919): App\Controllers\Workshop->update('1')
 7 SYSTEMPATH\CodeIgniter.php(494): CodeIgniter\CodeIgniter->runController(Object(App\Controllers\Workshop))
 8 SYSTEMPATH\CodeIgniter.php(353): CodeIgniter\CodeIgniter->handleRequest(null, Object(Config\Cache), false)
 9 FCPATH\index.php(79): CodeIgniter\CodeIgniter->run()
10 SYSTEMPATH\Commands\Server\rewrite.php(47): require_once('C:\\laragon\\www\\Gagraduate\\public\\index.php')
CRITICAL - 2024-02-22 02:44:40 --> Invalid file: "workshop/index.php"
in SYSTEMPATH\Exceptions\FrameworkException.php on line 39.
 1 SYSTEMPATH\View\View.php(214): CodeIgniter\Exceptions\FrameworkException::forInvalidFile('workshop/index.php')
 2 SYSTEMPATH\Common.php(1188): CodeIgniter\View\View->render('workshop/index', [], true)
 3 APPPATH\Controllers\Workshop.php(17): view('workshop/index', [...])
 4 SYSTEMPATH\CodeIgniter.php(919): App\Controllers\Workshop->index()
 5 SYSTEMPATH\CodeIgniter.php(494): CodeIgniter\CodeIgniter->runController(Object(App\Controllers\Workshop))
 6 SYSTEMPATH\CodeIgniter.php(353): CodeIgniter\CodeIgniter->handleRequest(null, Object(Config\Cache), false)
 7 FCPATH\index.php(79): CodeIgniter\CodeIgniter->run()
 8 SYSTEMPATH\Commands\Server\rewrite.php(47): require_once('C:\\laragon\\www\\Gagraduate\\public\\index.php')
CRITICAL - 2024-02-22 02:46:36 --> Invalid file: "workshop/index.php"
in SYSTEMPATH\Exceptions\FrameworkException.php on line 39.
 1 SYSTEMPATH\View\View.php(214): CodeIgniter\Exceptions\FrameworkException::forInvalidFile('workshop/index.php')
 2 SYSTEMPATH\Common.php(1188): CodeIgniter\View\View->render('workshop/index', [], true)
 3 APPPATH\Controllers\Workshop.php(17): view('workshop/index', [...])
 4 SYSTEMPATH\CodeIgniter.php(919): App\Controllers\Workshop->index()
 5 SYSTEMPATH\CodeIgniter.php(494): CodeIgniter\CodeIgniter->runController(Object(App\Controllers\Workshop))
 6 SYSTEMPATH\CodeIgniter.php(353): CodeIgniter\CodeIgniter->handleRequest(null, Object(Config\Cache), false)
 7 FCPATH\index.php(79): CodeIgniter\CodeIgniter->run()
 8 SYSTEMPATH\Commands\Server\rewrite.php(47): require_once('C:\\laragon\\www\\Gagraduate\\public\\index.php')
CRITICAL - 2024-02-22 02:46:37 --> Invalid file: "workshop/index.php"
in SYSTEMPATH\Exceptions\FrameworkException.php on line 39.
 1 SYSTEMPATH\View\View.php(214): CodeIgniter\Exceptions\FrameworkException::forInvalidFile('workshop/index.php')
 2 SYSTEMPATH\Common.php(1188): CodeIgniter\View\View->render('workshop/index', [], true)
 3 APPPATH\Controllers\Workshop.php(17): view('workshop/index', [...])
 4 SYSTEMPATH\CodeIgniter.php(919): App\Controllers\Workshop->index()
 5 SYSTEMPATH\CodeIgniter.php(494): CodeIgniter\CodeIgniter->runController(Object(App\Controllers\Workshop))
 6 SYSTEMPATH\CodeIgniter.php(353): CodeIgniter\CodeIgniter->handleRequest(null, Object(Config\Cache), false)
 7 FCPATH\index.php(79): CodeIgniter\CodeIgniter->run()
 8 SYSTEMPATH\Commands\Server\rewrite.php(47): require_once('C:\\laragon\\www\\Gagraduate\\public\\index.php')
CRITICAL - 2024-02-22 02:46:38 --> Invalid file: "workshop/index.php"
in SYSTEMPATH\Exceptions\FrameworkException.php on line 39.
 1 SYSTEMPATH\View\View.php(214): CodeIgniter\Exceptions\FrameworkException::forInvalidFile('workshop/index.php')
 2 SYSTEMPATH\Common.php(1188): CodeIgniter\View\View->render('workshop/index', [], true)
 3 APPPATH\Controllers\Workshop.php(17): view('workshop/index', [...])
 4 SYSTEMPATH\CodeIgniter.php(919): App\Controllers\Workshop->index()
 5 SYSTEMPATH\CodeIgniter.php(494): CodeIgniter\CodeIgniter->runController(Object(App\Controllers\Workshop))
 6 SYSTEMPATH\CodeIgniter.php(353): CodeIgniter\CodeIgniter->handleRequest(null, Object(Config\Cache), false)
 7 FCPATH\index.php(79): CodeIgniter\CodeIgniter->run()
 8 SYSTEMPATH\Commands\Server\rewrite.php(47): require_once('C:\\laragon\\www\\Gagraduate\\public\\index.php')
CRITICAL - 2024-02-22 02:46:39 --> Invalid file: "workshop/index.php"
in SYSTEMPATH\Exceptions\FrameworkException.php on line 39.
 1 SYSTEMPATH\View\View.php(214): CodeIgniter\Exceptions\FrameworkException::forInvalidFile('workshop/index.php')
 2 SYSTEMPATH\Common.php(1188): CodeIgniter\View\View->render('workshop/index', [], true)
 3 APPPATH\Controllers\Workshop.php(17): view('workshop/index', [...])
 4 SYSTEMPATH\CodeIgniter.php(919): App\Controllers\Workshop->index()
 5 SYSTEMPATH\CodeIgniter.php(494): CodeIgniter\CodeIgniter->runController(Object(App\Controllers\Workshop))
 6 SYSTEMPATH\CodeIgniter.php(353): CodeIgniter\CodeIgniter->handleRequest(null, Object(Config\Cache), false)
 7 FCPATH\index.php(79): CodeIgniter\CodeIgniter->run()
 8 SYSTEMPATH\Commands\Server\rewrite.php(47): require_once('C:\\laragon\\www\\Gagraduate\\public\\index.php')
CRITICAL - 2024-02-22 02:46:39 --> Invalid file: "workshop/index.php"
in SYSTEMPATH\Exceptions\FrameworkException.php on line 39.
 1 SYSTEMPATH\View\View.php(214): CodeIgniter\Exceptions\FrameworkException::forInvalidFile('workshop/index.php')
 2 SYSTEMPATH\Common.php(1188): CodeIgniter\View\View->render('workshop/index', [], true)
 3 APPPATH\Controllers\Workshop.php(17): view('workshop/index', [...])
 4 SYSTEMPATH\CodeIgniter.php(919): App\Controllers\Workshop->index()
 5 SYSTEMPATH\CodeIgniter.php(494): CodeIgniter\CodeIgniter->runController(Object(App\Controllers\Workshop))
 6 SYSTEMPATH\CodeIgniter.php(353): CodeIgniter\CodeIgniter->handleRequest(null, Object(Config\Cache), false)
 7 FCPATH\index.php(79): CodeIgniter\CodeIgniter->run()
 8 SYSTEMPATH\Commands\Server\rewrite.php(47): require_once('C:\\laragon\\www\\Gagraduate\\public\\index.php')
CRITICAL - 2024-02-22 02:46:39 --> Invalid file: "workshop/index.php"
in SYSTEMPATH\Exceptions\FrameworkException.php on line 39.
 1 SYSTEMPATH\View\View.php(214): CodeIgniter\Exceptions\FrameworkException::forInvalidFile('workshop/index.php')
 2 SYSTEMPATH\Common.php(1188): CodeIgniter\View\View->render('workshop/index', [], true)
 3 APPPATH\Controllers\Workshop.php(17): view('workshop/index', [...])
 4 SYSTEMPATH\CodeIgniter.php(919): App\Controllers\Workshop->index()
 5 SYSTEMPATH\CodeIgniter.php(494): CodeIgniter\CodeIgniter->runController(Object(App\Controllers\Workshop))
 6 SYSTEMPATH\CodeIgniter.php(353): CodeIgniter\CodeIgniter->handleRequest(null, Object(Config\Cache), false)
 7 FCPATH\index.php(79): CodeIgniter\CodeIgniter->run()
 8 SYSTEMPATH\Commands\Server\rewrite.php(47): require_once('C:\\laragon\\www\\Gagraduate\\public\\index.php')
CRITICAL - 2024-02-22 02:46:40 --> Invalid file: "workshop/index.php"
in SYSTEMPATH\Exceptions\FrameworkException.php on line 39.
 1 SYSTEMPATH\View\View.php(214): CodeIgniter\Exceptions\FrameworkException::forInvalidFile('workshop/index.php')
 2 SYSTEMPATH\Common.php(1188): CodeIgniter\View\View->render('workshop/index', [], true)
 3 APPPATH\Controllers\Workshop.php(17): view('workshop/index', [...])
 4 SYSTEMPATH\CodeIgniter.php(919): App\Controllers\Workshop->index()
 5 SYSTEMPATH\CodeIgniter.php(494): CodeIgniter\CodeIgniter->runController(Object(App\Controllers\Workshop))
 6 SYSTEMPATH\CodeIgniter.php(353): CodeIgniter\CodeIgniter->handleRequest(null, Object(Config\Cache), false)
 7 FCPATH\index.php(79): CodeIgniter\CodeIgniter->run()
 8 SYSTEMPATH\Commands\Server\rewrite.php(47): require_once('C:\\laragon\\www\\Gagraduate\\public\\index.php')
CRITICAL - 2024-02-22 02:46:40 --> Invalid file: "workshop/index.php"
in SYSTEMPATH\Exceptions\FrameworkException.php on line 39.
 1 SYSTEMPATH\View\View.php(214): CodeIgniter\Exceptions\FrameworkException::forInvalidFile('workshop/index.php')
 2 SYSTEMPATH\Common.php(1188): CodeIgniter\View\View->render('workshop/index', [], true)
 3 APPPATH\Controllers\Workshop.php(17): view('workshop/index', [...])
 4 SYSTEMPATH\CodeIgniter.php(919): App\Controllers\Workshop->index()
 5 SYSTEMPATH\CodeIgniter.php(494): CodeIgniter\CodeIgniter->runController(Object(App\Controllers\Workshop))
 6 SYSTEMPATH\CodeIgniter.php(353): CodeIgniter\CodeIgniter->handleRequest(null, Object(Config\Cache), false)
 7 FCPATH\index.php(79): CodeIgniter\CodeIgniter->run()
 8 SYSTEMPATH\Commands\Server\rewrite.php(47): require_once('C:\\laragon\\www\\Gagraduate\\public\\index.php')
CRITICAL - 2024-02-22 02:46:56 --> Invalid file: "workshop/index.php"
in SYSTEMPATH\Exceptions\FrameworkException.php on line 39.
 1 SYSTEMPATH\View\View.php(214): CodeIgniter\Exceptions\FrameworkException::forInvalidFile('workshop/index.php')
 2 SYSTEMPATH\Common.php(1188): CodeIgniter\View\View->render('workshop/index', [], true)
 3 APPPATH\Controllers\Workshop.php(17): view('workshop/index', [...])
 4 SYSTEMPATH\CodeIgniter.php(919): App\Controllers\Workshop->index()
 5 SYSTEMPATH\CodeIgniter.php(494): CodeIgniter\CodeIgniter->runController(Object(App\Controllers\Workshop))
 6 SYSTEMPATH\CodeIgniter.php(353): CodeIgniter\CodeIgniter->handleRequest(null, Object(Config\Cache), false)
 7 FCPATH\index.php(79): CodeIgniter\CodeIgniter->run()
 8 SYSTEMPATH\Commands\Server\rewrite.php(47): require_once('C:\\laragon\\www\\Gagraduate\\public\\index.php')
CRITICAL - 2024-02-22 02:46:57 --> Invalid file: "workshop/index.php"
in SYSTEMPATH\Exceptions\FrameworkException.php on line 39.
 1 SYSTEMPATH\View\View.php(214): CodeIgniter\Exceptions\FrameworkException::forInvalidFile('workshop/index.php')
 2 SYSTEMPATH\Common.php(1188): CodeIgniter\View\View->render('workshop/index', [], true)
 3 APPPATH\Controllers\Workshop.php(17): view('workshop/index', [...])
 4 SYSTEMPATH\CodeIgniter.php(919): App\Controllers\Workshop->index()
 5 SYSTEMPATH\CodeIgniter.php(494): CodeIgniter\CodeIgniter->runController(Object(App\Controllers\Workshop))
 6 SYSTEMPATH\CodeIgniter.php(353): CodeIgniter\CodeIgniter->handleRequest(null, Object(Config\Cache), false)
 7 FCPATH\index.php(79): CodeIgniter\CodeIgniter->run()
 8 SYSTEMPATH\Commands\Server\rewrite.php(47): require_once('C:\\laragon\\www\\Gagraduate\\public\\index.php')
CRITICAL - 2024-02-22 02:46:58 --> Invalid file: "workshop/index.php"
in SYSTEMPATH\Exceptions\FrameworkException.php on line 39.
 1 SYSTEMPATH\View\View.php(214): CodeIgniter\Exceptions\FrameworkException::forInvalidFile('workshop/index.php')
 2 SYSTEMPATH\Common.php(1188): CodeIgniter\View\View->render('workshop/index', [], true)
 3 APPPATH\Controllers\Workshop.php(17): view('workshop/index', [...])
 4 SYSTEMPATH\CodeIgniter.php(919): App\Controllers\Workshop->index()
 5 SYSTEMPATH\CodeIgniter.php(494): CodeIgniter\CodeIgniter->runController(Object(App\Controllers\Workshop))
 6 SYSTEMPATH\CodeIgniter.php(353): CodeIgniter\CodeIgniter->handleRequest(null, Object(Config\Cache), false)
 7 FCPATH\index.php(79): CodeIgniter\CodeIgniter->run()
 8 SYSTEMPATH\Commands\Server\rewrite.php(47): require_once('C:\\laragon\\www\\Gagraduate\\public\\index.php')
CRITICAL - 2024-02-22 02:47:15 --> Invalid file: "workshop/index.php"
in SYSTEMPATH\Exceptions\FrameworkException.php on line 39.
 1 SYSTEMPATH\View\View.php(214): CodeIgniter\Exceptions\FrameworkException::forInvalidFile('workshop/index.php')
 2 SYSTEMPATH\Common.php(1188): CodeIgniter\View\View->render('workshop/index', [], true)
 3 APPPATH\Controllers\Workshop.php(17): view('workshop/index', [...])
 4 SYSTEMPATH\CodeIgniter.php(919): App\Controllers\Workshop->index()
 5 SYSTEMPATH\CodeIgniter.php(494): CodeIgniter\CodeIgniter->runController(Object(App\Controllers\Workshop))
 6 SYSTEMPATH\CodeIgniter.php(353): CodeIgniter\CodeIgniter->handleRequest(null, Object(Config\Cache), false)
 7 FCPATH\index.php(79): CodeIgniter\CodeIgniter->run()
 8 SYSTEMPATH\Commands\Server\rewrite.php(47): require_once('C:\\laragon\\www\\Gagraduate\\public\\index.php')
