CRITICAL - 2024-04-06 10:25:46 --> Undefined array key "id"
in APPPATH\Views\workshop\index.php on line 105.
 1 APPPATH\Views\workshop\index.php(105): CodeIgniter\Debug\Exceptions->errorHandler(2, 'Undefined array key "id"', 'C:\\laragon\\www\\Gagraduate\\app\\Views\\workshop\\index.php', 105)
 2 SYSTEMPATH\View\View.php(226): include('C:\\laragon\\www\\Gagraduate\\app\\Views\\workshop\\index.php')
 3 SYSTEMPATH\View\View.php(229): CodeIgniter\View\View->CodeIgniter\View\{closure}()
 4 SYSTEMPATH\Common.php(1188): CodeIgniter\View\View->render('workshop/index', [], true)
 5 APPPATH\Controllers\Workshop.php(15): view('workshop/index', [...])
 6 SYSTEMPATH\CodeIgniter.php(919): App\Controllers\Workshop->index()
 7 SYSTEMPATH\CodeIgniter.php(494): CodeIgniter\CodeIgniter->runController(Object(App\Controllers\Workshop))
 8 SYSTEMPATH\CodeIgniter.php(353): CodeIgniter\CodeIgniter->handleRequest(null, Object(Config\Cache), false)
 9 FCPATH\index.php(79): CodeIgniter\CodeIgniter->run()
10 SYSTEMPATH\Commands\Server\rewrite.php(47): require_once('C:\\laragon\\www\\Gagraduate\\public\\index.php')
CRITICAL - 2024-04-06 11:39:15 --> Class "App\Controllers\DocumentModel" not found
in APPPATH\Controllers\DocumentController.php on line 11.
 1 SYSTEMPATH\CodeIgniter.php(919): App\Controllers\DocumentController->index()
 2 SYSTEMPATH\CodeIgniter.php(494): CodeIgniter\CodeIgniter->runController(Object(App\Controllers\DocumentController))
 3 SYSTEMPATH\CodeIgniter.php(353): CodeIgniter\CodeIgniter->handleRequest(null, Object(Config\Cache), false)
 4 FCPATH\index.php(79): CodeIgniter\CodeIgniter->run()
 5 SYSTEMPATH\Commands\Server\rewrite.php(47): require_once('C:\\laragon\\www\\Gagraduate\\public\\index.php')
CRITICAL - 2024-04-06 11:42:05 --> The uploaded file has already been moved.
in SYSTEMPATH\HTTP\Files\UploadedFile.php on line 142.
 1 SYSTEMPATH\HTTP\Files\UploadedFile.php(142): CodeIgniter\HTTP\Exceptions\HTTPException::forAlreadyMoved()
 2 APPPATH\Controllers\DocumentController.php(33): CodeIgniter\HTTP\Files\UploadedFile->move('C:\\laragon\\www\\Gagraduate\\writable\\uploads/')
 3 SYSTEMPATH\CodeIgniter.php(919): App\Controllers\DocumentController->store()
 4 SYSTEMPATH\CodeIgniter.php(494): CodeIgniter\CodeIgniter->runController(Object(App\Controllers\DocumentController))
 5 SYSTEMPATH\CodeIgniter.php(353): CodeIgniter\CodeIgniter->handleRequest(null, Object(Config\Cache), false)
 6 FCPATH\index.php(79): CodeIgniter\CodeIgniter->run()
 7 SYSTEMPATH\Commands\Server\rewrite.php(47): require_once('C:\\laragon\\www\\Gagraduate\\public\\index.php')
CRITICAL - 2024-04-06 11:42:57 --> Call to a member function isValid() on array
in APPPATH\Controllers\DocumentController.php on line 39.
 1 SYSTEMPATH\CodeIgniter.php(919): App\Controllers\DocumentController->store()
 2 SYSTEMPATH\CodeIgniter.php(494): CodeIgniter\CodeIgniter->runController(Object(App\Controllers\DocumentController))
 3 SYSTEMPATH\CodeIgniter.php(353): CodeIgniter\CodeIgniter->handleRequest(null, Object(Config\Cache), false)
 4 FCPATH\index.php(79): CodeIgniter\CodeIgniter->run()
 5 SYSTEMPATH\Commands\Server\rewrite.php(47): require_once('C:\\laragon\\www\\Gagraduate\\public\\index.php')
CRITICAL - 2024-04-06 11:43:07 --> Call to a member function isValid() on array
in APPPATH\Controllers\DocumentController.php on line 39.
 1 SYSTEMPATH\CodeIgniter.php(919): App\Controllers\DocumentController->store()
 2 SYSTEMPATH\CodeIgniter.php(494): CodeIgniter\CodeIgniter->runController(Object(App\Controllers\DocumentController))
 3 SYSTEMPATH\CodeIgniter.php(353): CodeIgniter\CodeIgniter->handleRequest(null, Object(Config\Cache), false)
 4 FCPATH\index.php(79): CodeIgniter\CodeIgniter->run()
 5 SYSTEMPATH\Commands\Server\rewrite.php(47): require_once('C:\\laragon\\www\\Gagraduate\\public\\index.php')
