CRITICAL - 2024-04-19 14:54:02 --> Call to a member function isValid() on null
in APPPATH\Controllers\Documentaries.php on line 65.
 1 SYSTEMPATH\CodeIgniter.php(919): App\Controllers\Documentaries->update('4')
 2 SYSTEMPATH\CodeIgniter.php(494): CodeIgniter\CodeIgniter->runController(Object(App\Controllers\Documentaries))
 3 SYSTEMPATH\CodeIgniter.php(353): CodeIgniter\CodeIgniter->handleRequest(null, Object(Config\Cache), false)
 4 FCPATH\index.php(79): CodeIgniter\CodeIgniter->run()
 5 SYSTEMPATH\Commands\Server\rewrite.php(47): require_once('C:\\laragon\\www\\testbag\\public\\index.php')
CRITICAL - 2024-04-19 14:54:14 --> Call to a member function isValid() on null
in APPPATH\Controllers\Documentaries.php on line 65.
 1 SYSTEMPATH\CodeIgniter.php(919): App\Controllers\Documentaries->update('4')
 2 SYSTEMPATH\CodeIgniter.php(494): CodeIgniter\CodeIgniter->runController(Object(App\Controllers\Documentaries))
 3 SYSTEMPATH\CodeIgniter.php(353): CodeIgniter\CodeIgniter->handleRequest(null, Object(Config\Cache), false)
 4 FCPATH\index.php(79): CodeIgniter\CodeIgniter->run()
 5 SYSTEMPATH\Commands\Server\rewrite.php(47): require_once('C:\\laragon\\www\\testbag\\public\\index.php')
CRITICAL - 2024-04-19 15:01:36 --> Undefined variable $documentary
in APPPATH\Views\Uploads\upload_form.php on line 16.
 1 APPPATH\Views\Uploads\upload_form.php(16): CodeIgniter\Debug\Exceptions->errorHandler(2, 'Undefined variable $documentary', 'C:\\laragon\\www\\testbag\\app\\Views\\Uploads\\upload_form.php', 16)
 2 SYSTEMPATH\View\View.php(226): include('C:\\laragon\\www\\testbag\\app\\Views\\Uploads\\upload_form.php')
 3 SYSTEMPATH\View\View.php(229): CodeIgniter\View\View->CodeIgniter\View\{closure}()
 4 SYSTEMPATH\Common.php(1188): CodeIgniter\View\View->render('Uploads/upload_form', [], true)
 5 APPPATH\Controllers\Upload.php(12): view('Uploads/upload_form')
 6 SYSTEMPATH\CodeIgniter.php(919): App\Controllers\Upload->index()
 7 SYSTEMPATH\CodeIgniter.php(494): CodeIgniter\CodeIgniter->runController(Object(App\Controllers\Upload))
 8 SYSTEMPATH\CodeIgniter.php(353): CodeIgniter\CodeIgniter->handleRequest(null, Object(Config\Cache), false)
 9 FCPATH\index.php(79): CodeIgniter\CodeIgniter->run()
10 SYSTEMPATH\Commands\Server\rewrite.php(47): require_once('C:\\laragon\\www\\testbag\\public\\index.php')
CRITICAL - 2024-04-19 15:53:19 --> Undefined variable $documentaries
in APPPATH\Views\template\index.php on line 246.
 1 APPPATH\Views\template\index.php(246): CodeIgniter\Debug\Exceptions->errorHandler(2, 'Undefined variable $documentaries', 'C:\\laragon\\www\\testbag\\app\\Views\\template\\index.php', 246)
 2 SYSTEMPATH\View\View.php(226): include('C:\\laragon\\www\\testbag\\app\\Views\\template\\index.php')
 3 SYSTEMPATH\View\View.php(229): CodeIgniter\View\View->CodeIgniter\View\{closure}()
 4 SYSTEMPATH\Common.php(1188): CodeIgniter\View\View->render('template/index', [], true)
 5 APPPATH\Controllers\HomeController.php(20): view('template/index', [...])
 6 SYSTEMPATH\CodeIgniter.php(919): App\Controllers\HomeController->index()
 7 SYSTEMPATH\CodeIgniter.php(494): CodeIgniter\CodeIgniter->runController(Object(App\Controllers\HomeController))
 8 SYSTEMPATH\CodeIgniter.php(353): CodeIgniter\CodeIgniter->handleRequest(null, Object(Config\Cache), false)
 9 FCPATH\index.php(79): CodeIgniter\CodeIgniter->run()
10 SYSTEMPATH\Commands\Server\rewrite.php(47): require_once('C:\\laragon\\www\\testbag\\public\\index.php')
CRITICAL - 2024-04-19 15:54:32 --> Undefined variable $documentaries
in APPPATH\Views\template\index.php on line 246.
 1 APPPATH\Views\template\index.php(246): CodeIgniter\Debug\Exceptions->errorHandler(2, 'Undefined variable $documentaries', 'C:\\laragon\\www\\testbag\\app\\Views\\template\\index.php', 246)
 2 SYSTEMPATH\View\View.php(226): include('C:\\laragon\\www\\testbag\\app\\Views\\template\\index.php')
 3 SYSTEMPATH\View\View.php(229): CodeIgniter\View\View->CodeIgniter\View\{closure}()
 4 SYSTEMPATH\Common.php(1188): CodeIgniter\View\View->render('template/index', [], true)
 5 APPPATH\Controllers\HomeController.php(20): view('template/index', [...])
 6 SYSTEMPATH\CodeIgniter.php(919): App\Controllers\HomeController->index()
 7 SYSTEMPATH\CodeIgniter.php(494): CodeIgniter\CodeIgniter->runController(Object(App\Controllers\HomeController))
 8 SYSTEMPATH\CodeIgniter.php(353): CodeIgniter\CodeIgniter->handleRequest(null, Object(Config\Cache), false)
 9 FCPATH\index.php(79): CodeIgniter\CodeIgniter->run()
10 SYSTEMPATH\Commands\Server\rewrite.php(47): require_once('C:\\laragon\\www\\testbag\\public\\index.php')
CRITICAL - 2024-04-19 15:56:09 --> Undefined variable $documentaries
in APPPATH\Views\template\index.php on line 246.
 1 APPPATH\Views\template\index.php(246): CodeIgniter\Debug\Exceptions->errorHandler(2, 'Undefined variable $documentaries', 'C:\\laragon\\www\\testbag\\app\\Views\\template\\index.php', 246)
 2 SYSTEMPATH\View\View.php(226): include('C:\\laragon\\www\\testbag\\app\\Views\\template\\index.php')
 3 SYSTEMPATH\View\View.php(229): CodeIgniter\View\View->CodeIgniter\View\{closure}()
 4 SYSTEMPATH\Common.php(1188): CodeIgniter\View\View->render('template/index', [], true)
 5 APPPATH\Controllers\HomeController.php(20): view('template/index', [...])
 6 SYSTEMPATH\CodeIgniter.php(919): App\Controllers\HomeController->index()
 7 SYSTEMPATH\CodeIgniter.php(494): CodeIgniter\CodeIgniter->runController(Object(App\Controllers\HomeController))
 8 SYSTEMPATH\CodeIgniter.php(353): CodeIgniter\CodeIgniter->handleRequest(null, Object(Config\Cache), false)
 9 FCPATH\index.php(79): CodeIgniter\CodeIgniter->run()
10 SYSTEMPATH\Commands\Server\rewrite.php(47): require_once('C:\\laragon\\www\\testbag\\public\\index.php')
CRITICAL - 2024-04-19 15:57:26 --> Undefined variable $documentaries
in APPPATH\Views\template\index.php on line 246.
 1 APPPATH\Views\template\index.php(246): CodeIgniter\Debug\Exceptions->errorHandler(2, 'Undefined variable $documentaries', 'C:\\laragon\\www\\testbag\\app\\Views\\template\\index.php', 246)
 2 SYSTEMPATH\View\View.php(226): include('C:\\laragon\\www\\testbag\\app\\Views\\template\\index.php')
 3 SYSTEMPATH\View\View.php(229): CodeIgniter\View\View->CodeIgniter\View\{closure}()
 4 SYSTEMPATH\Common.php(1188): CodeIgniter\View\View->render('template/index', [], true)
 5 APPPATH\Controllers\HomeController.php(20): view('template/index', [...])
 6 SYSTEMPATH\CodeIgniter.php(919): App\Controllers\HomeController->index()
 7 SYSTEMPATH\CodeIgniter.php(494): CodeIgniter\CodeIgniter->runController(Object(App\Controllers\HomeController))
 8 SYSTEMPATH\CodeIgniter.php(353): CodeIgniter\CodeIgniter->handleRequest(null, Object(Config\Cache), false)
 9 FCPATH\index.php(79): CodeIgniter\CodeIgniter->run()
10 SYSTEMPATH\Commands\Server\rewrite.php(47): require_once('C:\\laragon\\www\\testbag\\public\\index.php')
CRITICAL - 2024-04-19 15:57:29 --> Undefined variable $documentaries
in APPPATH\Views\template\index.php on line 246.
 1 APPPATH\Views\template\index.php(246): CodeIgniter\Debug\Exceptions->errorHandler(2, 'Undefined variable $documentaries', 'C:\\laragon\\www\\testbag\\app\\Views\\template\\index.php', 246)
 2 SYSTEMPATH\View\View.php(226): include('C:\\laragon\\www\\testbag\\app\\Views\\template\\index.php')
 3 SYSTEMPATH\View\View.php(229): CodeIgniter\View\View->CodeIgniter\View\{closure}()
 4 SYSTEMPATH\Common.php(1188): CodeIgniter\View\View->render('template/index', [], true)
 5 APPPATH\Controllers\HomeController.php(20): view('template/index', [...])
 6 SYSTEMPATH\CodeIgniter.php(919): App\Controllers\HomeController->index()
 7 SYSTEMPATH\CodeIgniter.php(494): CodeIgniter\CodeIgniter->runController(Object(App\Controllers\HomeController))
 8 SYSTEMPATH\CodeIgniter.php(353): CodeIgniter\CodeIgniter->handleRequest(null, Object(Config\Cache), false)
 9 FCPATH\index.php(79): CodeIgniter\CodeIgniter->run()
10 SYSTEMPATH\Commands\Server\rewrite.php(47): require_once('C:\\laragon\\www\\testbag\\public\\index.php')
CRITICAL - 2024-04-19 16:04:10 --> Undefined array key "Monday"
in APPPATH\Views\events\index.php on line 111.
 1 APPPATH\Views\events\index.php(111): CodeIgniter\Debug\Exceptions->errorHandler(2, 'Undefined array key "Monday"', 'C:\\laragon\\www\\testbag\\app\\Views\\events\\index.php', 111)
 2 SYSTEMPATH\View\View.php(226): include('C:\\laragon\\www\\testbag\\app\\Views\\events\\index.php')
 3 SYSTEMPATH\View\View.php(229): CodeIgniter\View\View->CodeIgniter\View\{closure}()
 4 SYSTEMPATH\Common.php(1188): CodeIgniter\View\View->render('events/index', [], true)
 5 APPPATH\Controllers\Event.php(15): view('events/index', [...])
 6 SYSTEMPATH\CodeIgniter.php(919): App\Controllers\Event->index()
 7 SYSTEMPATH\CodeIgniter.php(494): CodeIgniter\CodeIgniter->runController(Object(App\Controllers\Event))
 8 SYSTEMPATH\CodeIgniter.php(353): CodeIgniter\CodeIgniter->handleRequest(null, Object(Config\Cache), false)
 9 FCPATH\index.php(79): CodeIgniter\CodeIgniter->run()
10 SYSTEMPATH\Commands\Server\rewrite.php(47): require_once('C:\\laragon\\www\\testbag\\public\\index.php')
CRITICAL - 2024-04-19 16:05:25 --> Undefined array key "Monday"
in APPPATH\Views\events\index.php on line 108.
 1 APPPATH\Views\events\index.php(108): CodeIgniter\Debug\Exceptions->errorHandler(2, 'Undefined array key "Monday"', 'C:\\laragon\\www\\testbag\\app\\Views\\events\\index.php', 108)
 2 SYSTEMPATH\View\View.php(226): include('C:\\laragon\\www\\testbag\\app\\Views\\events\\index.php')
 3 SYSTEMPATH\View\View.php(229): CodeIgniter\View\View->CodeIgniter\View\{closure}()
 4 SYSTEMPATH\Common.php(1188): CodeIgniter\View\View->render('events/index', [], true)
 5 APPPATH\Controllers\Event.php(15): view('events/index', [...])
 6 SYSTEMPATH\CodeIgniter.php(919): App\Controllers\Event->index()
 7 SYSTEMPATH\CodeIgniter.php(494): CodeIgniter\CodeIgniter->runController(Object(App\Controllers\Event))
 8 SYSTEMPATH\CodeIgniter.php(353): CodeIgniter\CodeIgniter->handleRequest(null, Object(Config\Cache), false)
 9 FCPATH\index.php(79): CodeIgniter\CodeIgniter->run()
10 SYSTEMPATH\Commands\Server\rewrite.php(47): require_once('C:\\laragon\\www\\testbag\\public\\index.php')
