CRITICAL - 2024-02-25 05:58:13 --> Undefined variable $joinings
in APPPATH\Views\workshop\index.php on line 159.
 1 APPPATH\Views\workshop\index.php(159): CodeIgniter\Debug\Exceptions->errorHandler(2, 'Undefined variable $joinings', 'C:\\laragon\\www\\Gagraduate\\app\\Views\\workshop\\index.php', 159)
 2 SYSTEMPATH\View\View.php(226): include('C:\\laragon\\www\\Gagraduate\\app\\Views\\workshop\\index.php')
 3 SYSTEMPATH\View\View.php(229): CodeIgniter\View\View->CodeIgniter\View\{closure}()
 4 SYSTEMPATH\Common.php(1188): CodeIgniter\View\View->render('workshop/index', [], true)
 5 APPPATH\Controllers\Workshop.php(14): view('workshop/index', [...])
 6 SYSTEMPATH\CodeIgniter.php(919): App\Controllers\Workshop->index()
 7 SYSTEMPATH\CodeIgniter.php(494): CodeIgniter\CodeIgniter->runController(Object(App\Controllers\Workshop))
 8 SYSTEMPATH\CodeIgniter.php(353): CodeIgniter\CodeIgniter->handleRequest(null, Object(Config\Cache), false)
 9 FCPATH\index.php(79): CodeIgniter\CodeIgniter->run()
10 SYSTEMPATH\Commands\Server\rewrite.php(47): require_once('C:\\laragon\\www\\Gagraduate\\public\\index.php')
CRITICAL - 2024-02-25 06:06:18 --> Undefined variable $joinings
in APPPATH\Views\workshop\index.php on line 192.
 1 APPPATH\Views\workshop\index.php(192): CodeIgniter\Debug\Exceptions->errorHandler(2, 'Undefined variable $joinings', 'C:\\laragon\\www\\Gagraduate\\app\\Views\\workshop\\index.php', 192)
 2 SYSTEMPATH\View\View.php(226): include('C:\\laragon\\www\\Gagraduate\\app\\Views\\workshop\\index.php')
 3 SYSTEMPATH\View\View.php(229): CodeIgniter\View\View->CodeIgniter\View\{closure}()
 4 SYSTEMPATH\Common.php(1188): CodeIgniter\View\View->render('workshop/index', [], true)
 5 APPPATH\Controllers\Workshop.php(14): view('workshop/index', [...])
 6 SYSTEMPATH\CodeIgniter.php(919): App\Controllers\Workshop->index()
 7 SYSTEMPATH\CodeIgniter.php(494): CodeIgniter\CodeIgniter->runController(Object(App\Controllers\Workshop))
 8 SYSTEMPATH\CodeIgniter.php(353): CodeIgniter\CodeIgniter->handleRequest(null, Object(Config\Cache), false)
 9 FCPATH\index.php(79): CodeIgniter\CodeIgniter->run()
10 SYSTEMPATH\Commands\Server\rewrite.php(47): require_once('C:\\laragon\\www\\Gagraduate\\public\\index.php')
CRITICAL - 2024-02-25 06:07:07 --> Undefined variable $joinings
in APPPATH\Views\workshop\index.php on line 192.
 1 APPPATH\Views\workshop\index.php(192): CodeIgniter\Debug\Exceptions->errorHandler(2, 'Undefined variable $joinings', 'C:\\laragon\\www\\Gagraduate\\app\\Views\\workshop\\index.php', 192)
 2 SYSTEMPATH\View\View.php(226): include('C:\\laragon\\www\\Gagraduate\\app\\Views\\workshop\\index.php')
 3 SYSTEMPATH\View\View.php(229): CodeIgniter\View\View->CodeIgniter\View\{closure}()
 4 SYSTEMPATH\Common.php(1188): CodeIgniter\View\View->render('workshop/index', [], true)
 5 APPPATH\Controllers\Workshop.php(16): view('workshop/index', [...])
 6 SYSTEMPATH\CodeIgniter.php(919): App\Controllers\Workshop->index()
 7 SYSTEMPATH\CodeIgniter.php(494): CodeIgniter\CodeIgniter->runController(Object(App\Controllers\Workshop))
 8 SYSTEMPATH\CodeIgniter.php(353): CodeIgniter\CodeIgniter->handleRequest(null, Object(Config\Cache), false)
 9 FCPATH\index.php(79): CodeIgniter\CodeIgniter->run()
10 SYSTEMPATH\Commands\Server\rewrite.php(47): require_once('C:\\laragon\\www\\Gagraduate\\public\\index.php')
CRITICAL - 2024-02-25 06:07:08 --> Undefined variable $joinings
in APPPATH\Views\workshop\index.php on line 192.
 1 APPPATH\Views\workshop\index.php(192): CodeIgniter\Debug\Exceptions->errorHandler(2, 'Undefined variable $joinings', 'C:\\laragon\\www\\Gagraduate\\app\\Views\\workshop\\index.php', 192)
 2 SYSTEMPATH\View\View.php(226): include('C:\\laragon\\www\\Gagraduate\\app\\Views\\workshop\\index.php')
 3 SYSTEMPATH\View\View.php(229): CodeIgniter\View\View->CodeIgniter\View\{closure}()
 4 SYSTEMPATH\Common.php(1188): CodeIgniter\View\View->render('workshop/index', [], true)
 5 APPPATH\Controllers\Workshop.php(16): view('workshop/index', [...])
 6 SYSTEMPATH\CodeIgniter.php(919): App\Controllers\Workshop->index()
 7 SYSTEMPATH\CodeIgniter.php(494): CodeIgniter\CodeIgniter->runController(Object(App\Controllers\Workshop))
 8 SYSTEMPATH\CodeIgniter.php(353): CodeIgniter\CodeIgniter->handleRequest(null, Object(Config\Cache), false)
 9 FCPATH\index.php(79): CodeIgniter\CodeIgniter->run()
10 SYSTEMPATH\Commands\Server\rewrite.php(47): require_once('C:\\laragon\\www\\Gagraduate\\public\\index.php')
CRITICAL - 2024-02-25 06:07:31 --> Undefined variable $joinings
in APPPATH\Views\workshop\index.php on line 192.
 1 APPPATH\Views\workshop\index.php(192): CodeIgniter\Debug\Exceptions->errorHandler(2, 'Undefined variable $joinings', 'C:\\laragon\\www\\Gagraduate\\app\\Views\\workshop\\index.php', 192)
 2 SYSTEMPATH\View\View.php(226): include('C:\\laragon\\www\\Gagraduate\\app\\Views\\workshop\\index.php')
 3 SYSTEMPATH\View\View.php(229): CodeIgniter\View\View->CodeIgniter\View\{closure}()
 4 SYSTEMPATH\Common.php(1188): CodeIgniter\View\View->render('workshop/index', [], true)
 5 APPPATH\Controllers\Workshop.php(15): view('workshop/index', [...])
 6 SYSTEMPATH\CodeIgniter.php(919): App\Controllers\Workshop->index()
 7 SYSTEMPATH\CodeIgniter.php(494): CodeIgniter\CodeIgniter->runController(Object(App\Controllers\Workshop))
 8 SYSTEMPATH\CodeIgniter.php(353): CodeIgniter\CodeIgniter->handleRequest(null, Object(Config\Cache), false)
 9 FCPATH\index.php(79): CodeIgniter\CodeIgniter->run()
10 SYSTEMPATH\Commands\Server\rewrite.php(47): require_once('C:\\laragon\\www\\Gagraduate\\public\\index.php')
CRITICAL - 2024-02-25 06:07:32 --> Undefined variable $joinings
in APPPATH\Views\workshop\index.php on line 192.
 1 APPPATH\Views\workshop\index.php(192): CodeIgniter\Debug\Exceptions->errorHandler(2, 'Undefined variable $joinings', 'C:\\laragon\\www\\Gagraduate\\app\\Views\\workshop\\index.php', 192)
 2 SYSTEMPATH\View\View.php(226): include('C:\\laragon\\www\\Gagraduate\\app\\Views\\workshop\\index.php')
 3 SYSTEMPATH\View\View.php(229): CodeIgniter\View\View->CodeIgniter\View\{closure}()
 4 SYSTEMPATH\Common.php(1188): CodeIgniter\View\View->render('workshop/index', [], true)
 5 APPPATH\Controllers\Workshop.php(15): view('workshop/index', [...])
 6 SYSTEMPATH\CodeIgniter.php(919): App\Controllers\Workshop->index()
 7 SYSTEMPATH\CodeIgniter.php(494): CodeIgniter\CodeIgniter->runController(Object(App\Controllers\Workshop))
 8 SYSTEMPATH\CodeIgniter.php(353): CodeIgniter\CodeIgniter->handleRequest(null, Object(Config\Cache), false)
 9 FCPATH\index.php(79): CodeIgniter\CodeIgniter->run()
10 SYSTEMPATH\Commands\Server\rewrite.php(47): require_once('C:\\laragon\\www\\Gagraduate\\public\\index.php')
CRITICAL - 2024-02-25 06:10:31 --> Undefined variable $joinings
in APPPATH\Views\workshop\index.php on line 192.
 1 APPPATH\Views\workshop\index.php(192): CodeIgniter\Debug\Exceptions->errorHandler(2, 'Undefined variable $joinings', 'C:\\laragon\\www\\Gagraduate\\app\\Views\\workshop\\index.php', 192)
 2 SYSTEMPATH\View\View.php(226): include('C:\\laragon\\www\\Gagraduate\\app\\Views\\workshop\\index.php')
 3 SYSTEMPATH\View\View.php(229): CodeIgniter\View\View->CodeIgniter\View\{closure}()
 4 SYSTEMPATH\Common.php(1188): CodeIgniter\View\View->render('workshop/index', [], true)
 5 APPPATH\Controllers\Workshop.php(15): view('workshop/index', [...])
 6 SYSTEMPATH\CodeIgniter.php(919): App\Controllers\Workshop->index()
 7 SYSTEMPATH\CodeIgniter.php(494): CodeIgniter\CodeIgniter->runController(Object(App\Controllers\Workshop))
 8 SYSTEMPATH\CodeIgniter.php(353): CodeIgniter\CodeIgniter->handleRequest(null, Object(Config\Cache), false)
 9 FCPATH\index.php(79): CodeIgniter\CodeIgniter->run()
10 SYSTEMPATH\Commands\Server\rewrite.php(47): require_once('C:\\laragon\\www\\Gagraduate\\public\\index.php')
CRITICAL - 2024-02-25 06:10:32 --> Undefined variable $joinings
in APPPATH\Views\workshop\index.php on line 192.
 1 APPPATH\Views\workshop\index.php(192): CodeIgniter\Debug\Exceptions->errorHandler(2, 'Undefined variable $joinings', 'C:\\laragon\\www\\Gagraduate\\app\\Views\\workshop\\index.php', 192)
 2 SYSTEMPATH\View\View.php(226): include('C:\\laragon\\www\\Gagraduate\\app\\Views\\workshop\\index.php')
 3 SYSTEMPATH\View\View.php(229): CodeIgniter\View\View->CodeIgniter\View\{closure}()
 4 SYSTEMPATH\Common.php(1188): CodeIgniter\View\View->render('workshop/index', [], true)
 5 APPPATH\Controllers\Workshop.php(15): view('workshop/index', [...])
 6 SYSTEMPATH\CodeIgniter.php(919): App\Controllers\Workshop->index()
 7 SYSTEMPATH\CodeIgniter.php(494): CodeIgniter\CodeIgniter->runController(Object(App\Controllers\Workshop))
 8 SYSTEMPATH\CodeIgniter.php(353): CodeIgniter\CodeIgniter->handleRequest(null, Object(Config\Cache), false)
 9 FCPATH\index.php(79): CodeIgniter\CodeIgniter->run()
10 SYSTEMPATH\Commands\Server\rewrite.php(47): require_once('C:\\laragon\\www\\Gagraduate\\public\\index.php')
CRITICAL - 2024-02-25 06:10:33 --> Undefined variable $joinings
in APPPATH\Views\workshop\index.php on line 192.
 1 APPPATH\Views\workshop\index.php(192): CodeIgniter\Debug\Exceptions->errorHandler(2, 'Undefined variable $joinings', 'C:\\laragon\\www\\Gagraduate\\app\\Views\\workshop\\index.php', 192)
 2 SYSTEMPATH\View\View.php(226): include('C:\\laragon\\www\\Gagraduate\\app\\Views\\workshop\\index.php')
 3 SYSTEMPATH\View\View.php(229): CodeIgniter\View\View->CodeIgniter\View\{closure}()
 4 SYSTEMPATH\Common.php(1188): CodeIgniter\View\View->render('workshop/index', [], true)
 5 APPPATH\Controllers\Workshop.php(15): view('workshop/index', [...])
 6 SYSTEMPATH\CodeIgniter.php(919): App\Controllers\Workshop->index()
 7 SYSTEMPATH\CodeIgniter.php(494): CodeIgniter\CodeIgniter->runController(Object(App\Controllers\Workshop))
 8 SYSTEMPATH\CodeIgniter.php(353): CodeIgniter\CodeIgniter->handleRequest(null, Object(Config\Cache), false)
 9 FCPATH\index.php(79): CodeIgniter\CodeIgniter->run()
10 SYSTEMPATH\Commands\Server\rewrite.php(47): require_once('C:\\laragon\\www\\Gagraduate\\public\\index.php')
CRITICAL - 2024-02-25 06:12:20 --> Undefined variable $joinings
in APPPATH\Views\workshop\index.php on line 192.
 1 APPPATH\Views\workshop\index.php(192): CodeIgniter\Debug\Exceptions->errorHandler(2, 'Undefined variable $joinings', 'C:\\laragon\\www\\Gagraduate\\app\\Views\\workshop\\index.php', 192)
 2 SYSTEMPATH\View\View.php(226): include('C:\\laragon\\www\\Gagraduate\\app\\Views\\workshop\\index.php')
 3 SYSTEMPATH\View\View.php(229): CodeIgniter\View\View->CodeIgniter\View\{closure}()
 4 SYSTEMPATH\Common.php(1188): CodeIgniter\View\View->render('workshop/index', [], true)
 5 APPPATH\Controllers\Workshop.php(15): view('workshop/index', [...])
 6 SYSTEMPATH\CodeIgniter.php(919): App\Controllers\Workshop->index()
 7 SYSTEMPATH\CodeIgniter.php(494): CodeIgniter\CodeIgniter->runController(Object(App\Controllers\Workshop))
 8 SYSTEMPATH\CodeIgniter.php(353): CodeIgniter\CodeIgniter->handleRequest(null, Object(Config\Cache), false)
 9 FCPATH\index.php(79): CodeIgniter\CodeIgniter->run()
10 SYSTEMPATH\Commands\Server\rewrite.php(47): require_once('C:\\laragon\\www\\Gagraduate\\public\\index.php')
CRITICAL - 2024-02-25 06:12:30 --> Undefined variable $joinings
in APPPATH\Views\workshop\index.php on line 192.
 1 APPPATH\Views\workshop\index.php(192): CodeIgniter\Debug\Exceptions->errorHandler(2, 'Undefined variable $joinings', 'C:\\laragon\\www\\Gagraduate\\app\\Views\\workshop\\index.php', 192)
 2 SYSTEMPATH\View\View.php(226): include('C:\\laragon\\www\\Gagraduate\\app\\Views\\workshop\\index.php')
 3 SYSTEMPATH\View\View.php(229): CodeIgniter\View\View->CodeIgniter\View\{closure}()
 4 SYSTEMPATH\Common.php(1188): CodeIgniter\View\View->render('workshop/index', [], true)
 5 APPPATH\Controllers\Workshop.php(15): view('workshop/index', [...])
 6 SYSTEMPATH\CodeIgniter.php(919): App\Controllers\Workshop->index()
 7 SYSTEMPATH\CodeIgniter.php(494): CodeIgniter\CodeIgniter->runController(Object(App\Controllers\Workshop))
 8 SYSTEMPATH\CodeIgniter.php(353): CodeIgniter\CodeIgniter->handleRequest(null, Object(Config\Cache), false)
 9 FCPATH\index.php(79): CodeIgniter\CodeIgniter->run()
10 SYSTEMPATH\Commands\Server\rewrite.php(47): require_once('C:\\laragon\\www\\Gagraduate\\public\\index.php')
CRITICAL - 2024-02-25 06:12:31 --> Undefined variable $joinings
in APPPATH\Views\workshop\index.php on line 192.
 1 APPPATH\Views\workshop\index.php(192): CodeIgniter\Debug\Exceptions->errorHandler(2, 'Undefined variable $joinings', 'C:\\laragon\\www\\Gagraduate\\app\\Views\\workshop\\index.php', 192)
 2 SYSTEMPATH\View\View.php(226): include('C:\\laragon\\www\\Gagraduate\\app\\Views\\workshop\\index.php')
 3 SYSTEMPATH\View\View.php(229): CodeIgniter\View\View->CodeIgniter\View\{closure}()
 4 SYSTEMPATH\Common.php(1188): CodeIgniter\View\View->render('workshop/index', [], true)
 5 APPPATH\Controllers\Workshop.php(15): view('workshop/index', [...])
 6 SYSTEMPATH\CodeIgniter.php(919): App\Controllers\Workshop->index()
 7 SYSTEMPATH\CodeIgniter.php(494): CodeIgniter\CodeIgniter->runController(Object(App\Controllers\Workshop))
 8 SYSTEMPATH\CodeIgniter.php(353): CodeIgniter\CodeIgniter->handleRequest(null, Object(Config\Cache), false)
 9 FCPATH\index.php(79): CodeIgniter\CodeIgniter->run()
10 SYSTEMPATH\Commands\Server\rewrite.php(47): require_once('C:\\laragon\\www\\Gagraduate\\public\\index.php')
CRITICAL - 2024-02-25 06:12:31 --> Undefined variable $joinings
in APPPATH\Views\workshop\index.php on line 192.
 1 APPPATH\Views\workshop\index.php(192): CodeIgniter\Debug\Exceptions->errorHandler(2, 'Undefined variable $joinings', 'C:\\laragon\\www\\Gagraduate\\app\\Views\\workshop\\index.php', 192)
 2 SYSTEMPATH\View\View.php(226): include('C:\\laragon\\www\\Gagraduate\\app\\Views\\workshop\\index.php')
 3 SYSTEMPATH\View\View.php(229): CodeIgniter\View\View->CodeIgniter\View\{closure}()
 4 SYSTEMPATH\Common.php(1188): CodeIgniter\View\View->render('workshop/index', [], true)
 5 APPPATH\Controllers\Workshop.php(15): view('workshop/index', [...])
 6 SYSTEMPATH\CodeIgniter.php(919): App\Controllers\Workshop->index()
 7 SYSTEMPATH\CodeIgniter.php(494): CodeIgniter\CodeIgniter->runController(Object(App\Controllers\Workshop))
 8 SYSTEMPATH\CodeIgniter.php(353): CodeIgniter\CodeIgniter->handleRequest(null, Object(Config\Cache), false)
 9 FCPATH\index.php(79): CodeIgniter\CodeIgniter->run()
10 SYSTEMPATH\Commands\Server\rewrite.php(47): require_once('C:\\laragon\\www\\Gagraduate\\public\\index.php')
CRITICAL - 2024-02-25 06:12:36 --> Undefined variable $joinings
in APPPATH\Views\workshop\index.php on line 192.
 1 APPPATH\Views\workshop\index.php(192): CodeIgniter\Debug\Exceptions->errorHandler(2, 'Undefined variable $joinings', 'C:\\laragon\\www\\Gagraduate\\app\\Views\\workshop\\index.php', 192)
 2 SYSTEMPATH\View\View.php(226): include('C:\\laragon\\www\\Gagraduate\\app\\Views\\workshop\\index.php')
 3 SYSTEMPATH\View\View.php(229): CodeIgniter\View\View->CodeIgniter\View\{closure}()
 4 SYSTEMPATH\Common.php(1188): CodeIgniter\View\View->render('workshop/index', [], true)
 5 APPPATH\Controllers\Workshop.php(15): view('workshop/index', [...])
 6 SYSTEMPATH\CodeIgniter.php(919): App\Controllers\Workshop->index()
 7 SYSTEMPATH\CodeIgniter.php(494): CodeIgniter\CodeIgniter->runController(Object(App\Controllers\Workshop))
 8 SYSTEMPATH\CodeIgniter.php(353): CodeIgniter\CodeIgniter->handleRequest(null, Object(Config\Cache), false)
 9 FCPATH\index.php(79): CodeIgniter\CodeIgniter->run()
10 SYSTEMPATH\Commands\Server\rewrite.php(47): require_once('C:\\laragon\\www\\Gagraduate\\public\\index.php')
ERROR - 2024-02-25 06:14:48 --> mysqli_sql_exception: Table 'prod.joinings' doesn't exist in C:\laragon\www\Gagraduate\system\Database\MySQLi\Connection.php:306
Stack trace:
#0 C:\laragon\www\Gagraduate\system\Database\MySQLi\Connection.php(306): mysqli->query('SELECT *\nFROM `...', 0)
#1 C:\laragon\www\Gagraduate\system\Database\BaseConnection.php(692): CodeIgniter\Database\MySQLi\Connection->execute('SELECT *\nFROM `...')
#2 C:\laragon\www\Gagraduate\system\Database\BaseConnection.php(606): CodeIgniter\Database\BaseConnection->simpleQuery('SELECT *\nFROM `...')
#3 C:\laragon\www\Gagraduate\system\Database\BaseBuilder.php(1615): CodeIgniter\Database\BaseConnection->query('SELECT *\nFROM `...', Array, false)
#4 C:\laragon\www\Gagraduate\system\Model.php(237): CodeIgniter\Database\BaseBuilder->get()
#5 C:\laragon\www\Gagraduate\system\BaseModel.php(624): CodeIgniter\Model->doFindAll(0, 0)
#6 C:\laragon\www\Gagraduate\app\Controllers\JoiningController.php(13): CodeIgniter\BaseModel->findAll()
#7 C:\laragon\www\Gagraduate\system\CodeIgniter.php(919): App\Controllers\JoiningController->index()
#8 C:\laragon\www\Gagraduate\system\CodeIgniter.php(494): CodeIgniter\CodeIgniter->runController(Object(App\Controllers\JoiningController))
#9 C:\laragon\www\Gagraduate\system\CodeIgniter.php(353): CodeIgniter\CodeIgniter->handleRequest(NULL, Object(Config\Cache), false)
#10 C:\laragon\www\Gagraduate\public\index.php(79): CodeIgniter\CodeIgniter->run()
#11 C:\laragon\www\Gagraduate\system\Commands\Server\rewrite.php(47): require_once('C:\\laragon\\www\\...')
#12 {main}
CRITICAL - 2024-02-25 06:14:48 --> Table 'prod.joinings' doesn't exist
in SYSTEMPATH\Database\BaseConnection.php on line 646.
 1 SYSTEMPATH\Database\BaseBuilder.php(1615): CodeIgniter\Database\BaseConnection->query('SELECT *
FROM `joinings`', [], false)
 2 SYSTEMPATH\Model.php(237): CodeIgniter\Database\BaseBuilder->get()
 3 SYSTEMPATH\BaseModel.php(624): CodeIgniter\Model->doFindAll(0, 0)
 4 APPPATH\Controllers\JoiningController.php(13): CodeIgniter\BaseModel->findAll()
 5 SYSTEMPATH\CodeIgniter.php(919): App\Controllers\JoiningController->index()
 6 SYSTEMPATH\CodeIgniter.php(494): CodeIgniter\CodeIgniter->runController(Object(App\Controllers\JoiningController))
 7 SYSTEMPATH\CodeIgniter.php(353): CodeIgniter\CodeIgniter->handleRequest(null, Object(Config\Cache), false)
 8 FCPATH\index.php(79): CodeIgniter\CodeIgniter->run()
 9 SYSTEMPATH\Commands\Server\rewrite.php(47): require_once('C:\\laragon\\www\\Gagraduate\\public\\index.php')
ERROR - 2024-02-25 06:16:00 --> mysqli_sql_exception: Table 'prod.joinings' doesn't exist in C:\laragon\www\Gagraduate\system\Database\MySQLi\Connection.php:306
Stack trace:
#0 C:\laragon\www\Gagraduate\system\Database\MySQLi\Connection.php(306): mysqli->query('SELECT *\nFROM `...', 0)
#1 C:\laragon\www\Gagraduate\system\Database\BaseConnection.php(692): CodeIgniter\Database\MySQLi\Connection->execute('SELECT *\nFROM `...')
#2 C:\laragon\www\Gagraduate\system\Database\BaseConnection.php(606): CodeIgniter\Database\BaseConnection->simpleQuery('SELECT *\nFROM `...')
#3 C:\laragon\www\Gagraduate\system\Database\BaseBuilder.php(1615): CodeIgniter\Database\BaseConnection->query('SELECT *\nFROM `...', Array, false)
#4 C:\laragon\www\Gagraduate\system\Model.php(237): CodeIgniter\Database\BaseBuilder->get()
#5 C:\laragon\www\Gagraduate\system\BaseModel.php(624): CodeIgniter\Model->doFindAll(0, 0)
#6 C:\laragon\www\Gagraduate\app\Controllers\JoiningController.php(13): CodeIgniter\BaseModel->findAll()
#7 C:\laragon\www\Gagraduate\system\CodeIgniter.php(919): App\Controllers\JoiningController->index()
#8 C:\laragon\www\Gagraduate\system\CodeIgniter.php(494): CodeIgniter\CodeIgniter->runController(Object(App\Controllers\JoiningController))
#9 C:\laragon\www\Gagraduate\system\CodeIgniter.php(353): CodeIgniter\CodeIgniter->handleRequest(NULL, Object(Config\Cache), false)
#10 C:\laragon\www\Gagraduate\public\index.php(79): CodeIgniter\CodeIgniter->run()
#11 C:\laragon\www\Gagraduate\system\Commands\Server\rewrite.php(47): require_once('C:\\laragon\\www\\...')
#12 {main}
CRITICAL - 2024-02-25 06:16:00 --> Table 'prod.joinings' doesn't exist
in SYSTEMPATH\Database\BaseConnection.php on line 646.
 1 SYSTEMPATH\Database\BaseBuilder.php(1615): CodeIgniter\Database\BaseConnection->query('SELECT *
FROM `joinings`', [], false)
 2 SYSTEMPATH\Model.php(237): CodeIgniter\Database\BaseBuilder->get()
 3 SYSTEMPATH\BaseModel.php(624): CodeIgniter\Model->doFindAll(0, 0)
 4 APPPATH\Controllers\JoiningController.php(13): CodeIgniter\BaseModel->findAll()
 5 SYSTEMPATH\CodeIgniter.php(919): App\Controllers\JoiningController->index()
 6 SYSTEMPATH\CodeIgniter.php(494): CodeIgniter\CodeIgniter->runController(Object(App\Controllers\JoiningController))
 7 SYSTEMPATH\CodeIgniter.php(353): CodeIgniter\CodeIgniter->handleRequest(null, Object(Config\Cache), false)
 8 FCPATH\index.php(79): CodeIgniter\CodeIgniter->run()
 9 SYSTEMPATH\Commands\Server\rewrite.php(47): require_once('C:\\laragon\\www\\Gagraduate\\public\\index.php')
CRITICAL - 2024-02-25 06:23:02 --> Invalid file: "joinings/index.php"
in SYSTEMPATH\Exceptions\FrameworkException.php on line 39.
 1 SYSTEMPATH\View\View.php(214): CodeIgniter\Exceptions\FrameworkException::forInvalidFile('joinings/index.php')
 2 SYSTEMPATH\Common.php(1188): CodeIgniter\View\View->render('joinings/index', [], true)
 3 APPPATH\Controllers\JoiningController.php(14): view('joinings/index', [...])
 4 SYSTEMPATH\CodeIgniter.php(919): App\Controllers\JoiningController->index()
 5 SYSTEMPATH\CodeIgniter.php(494): CodeIgniter\CodeIgniter->runController(Object(App\Controllers\JoiningController))
 6 SYSTEMPATH\CodeIgniter.php(353): CodeIgniter\CodeIgniter->handleRequest(null, Object(Config\Cache), false)
 7 FCPATH\index.php(79): CodeIgniter\CodeIgniter->run()
 8 SYSTEMPATH\Commands\Server\rewrite.php(47): require_once('C:\\laragon\\www\\Gagraduate\\public\\index.php')
CRITICAL - 2024-02-25 06:23:54 --> Invalid file: "joinings/index.php"
in SYSTEMPATH\Exceptions\FrameworkException.php on line 39.
 1 SYSTEMPATH\View\View.php(214): CodeIgniter\Exceptions\FrameworkException::forInvalidFile('joinings/index.php')
 2 SYSTEMPATH\Common.php(1188): CodeIgniter\View\View->render('joinings/index', [], true)
 3 APPPATH\Controllers\JoiningController.php(14): view('joinings/index', [...])
 4 SYSTEMPATH\CodeIgniter.php(919): App\Controllers\JoiningController->index()
 5 SYSTEMPATH\CodeIgniter.php(494): CodeIgniter\CodeIgniter->runController(Object(App\Controllers\JoiningController))
 6 SYSTEMPATH\CodeIgniter.php(353): CodeIgniter\CodeIgniter->handleRequest(null, Object(Config\Cache), false)
 7 FCPATH\index.php(79): CodeIgniter\CodeIgniter->run()
 8 SYSTEMPATH\Commands\Server\rewrite.php(47): require_once('C:\\laragon\\www\\Gagraduate\\public\\index.php')
ERROR - 2024-02-25 06:38:27 --> mysqli_sql_exception: Table 'prod.joinings' doesn't exist in C:\laragon\www\Gagraduate\system\Database\MySQLi\Connection.php:306
Stack trace:
#0 C:\laragon\www\Gagraduate\system\Database\MySQLi\Connection.php(306): mysqli->query('SELECT *\nFROM `...', 0)
#1 C:\laragon\www\Gagraduate\system\Database\BaseConnection.php(692): CodeIgniter\Database\MySQLi\Connection->execute('SELECT *\nFROM `...')
#2 C:\laragon\www\Gagraduate\system\Database\BaseConnection.php(606): CodeIgniter\Database\BaseConnection->simpleQuery('SELECT *\nFROM `...')
#3 C:\laragon\www\Gagraduate\system\Database\BaseBuilder.php(1615): CodeIgniter\Database\BaseConnection->query('SELECT *\nFROM `...', Array, false)
#4 C:\laragon\www\Gagraduate\system\Model.php(237): CodeIgniter\Database\BaseBuilder->get()
#5 C:\laragon\www\Gagraduate\system\BaseModel.php(624): CodeIgniter\Model->doFindAll(0, 0)
#6 C:\laragon\www\Gagraduate\app\Controllers\Joining.php(13): CodeIgniter\BaseModel->findAll()
#7 C:\laragon\www\Gagraduate\system\CodeIgniter.php(919): App\Controllers\Joining->index()
#8 C:\laragon\www\Gagraduate\system\CodeIgniter.php(494): CodeIgniter\CodeIgniter->runController(Object(App\Controllers\Joining))
#9 C:\laragon\www\Gagraduate\system\CodeIgniter.php(353): CodeIgniter\CodeIgniter->handleRequest(NULL, Object(Config\Cache), false)
#10 C:\laragon\www\Gagraduate\public\index.php(79): CodeIgniter\CodeIgniter->run()
#11 C:\laragon\www\Gagraduate\system\Commands\Server\rewrite.php(47): require_once('C:\\laragon\\www\\...')
#12 {main}
CRITICAL - 2024-02-25 06:38:27 --> Table 'prod.joinings' doesn't exist
in SYSTEMPATH\Database\BaseConnection.php on line 646.
 1 SYSTEMPATH\Database\BaseBuilder.php(1615): CodeIgniter\Database\BaseConnection->query('SELECT *
FROM `joinings`', [], false)
 2 SYSTEMPATH\Model.php(237): CodeIgniter\Database\BaseBuilder->get()
 3 SYSTEMPATH\BaseModel.php(624): CodeIgniter\Model->doFindAll(0, 0)
 4 APPPATH\Controllers\Joining.php(13): CodeIgniter\BaseModel->findAll()
 5 SYSTEMPATH\CodeIgniter.php(919): App\Controllers\Joining->index()
 6 SYSTEMPATH\CodeIgniter.php(494): CodeIgniter\CodeIgniter->runController(Object(App\Controllers\Joining))
 7 SYSTEMPATH\CodeIgniter.php(353): CodeIgniter\CodeIgniter->handleRequest(null, Object(Config\Cache), false)
 8 FCPATH\index.php(79): CodeIgniter\CodeIgniter->run()
 9 SYSTEMPATH\Commands\Server\rewrite.php(47): require_once('C:\\laragon\\www\\Gagraduate\\public\\index.php')
ERROR - 2024-02-25 06:40:37 --> mysqli_sql_exception: Table 'prod.joinings' doesn't exist in C:\laragon\www\Gagraduate\system\Database\MySQLi\Connection.php:306
Stack trace:
#0 C:\laragon\www\Gagraduate\system\Database\MySQLi\Connection.php(306): mysqli->query('SELECT *\nFROM `...', 0)
#1 C:\laragon\www\Gagraduate\system\Database\BaseConnection.php(692): CodeIgniter\Database\MySQLi\Connection->execute('SELECT *\nFROM `...')
#2 C:\laragon\www\Gagraduate\system\Database\BaseConnection.php(606): CodeIgniter\Database\BaseConnection->simpleQuery('SELECT *\nFROM `...')
#3 C:\laragon\www\Gagraduate\system\Database\BaseBuilder.php(1615): CodeIgniter\Database\BaseConnection->query('SELECT *\nFROM `...', Array, false)
#4 C:\laragon\www\Gagraduate\system\Model.php(237): CodeIgniter\Database\BaseBuilder->get()
#5 C:\laragon\www\Gagraduate\system\BaseModel.php(624): CodeIgniter\Model->doFindAll(0, 0)
#6 C:\laragon\www\Gagraduate\app\Controllers\Joining.php(13): CodeIgniter\BaseModel->findAll()
#7 C:\laragon\www\Gagraduate\system\CodeIgniter.php(919): App\Controllers\Joining->index()
#8 C:\laragon\www\Gagraduate\system\CodeIgniter.php(494): CodeIgniter\CodeIgniter->runController(Object(App\Controllers\Joining))
#9 C:\laragon\www\Gagraduate\system\CodeIgniter.php(353): CodeIgniter\CodeIgniter->handleRequest(NULL, Object(Config\Cache), false)
#10 C:\laragon\www\Gagraduate\public\index.php(79): CodeIgniter\CodeIgniter->run()
#11 C:\laragon\www\Gagraduate\system\Commands\Server\rewrite.php(47): require_once('C:\\laragon\\www\\...')
#12 {main}
CRITICAL - 2024-02-25 06:40:37 --> Table 'prod.joinings' doesn't exist
in SYSTEMPATH\Database\BaseConnection.php on line 646.
 1 SYSTEMPATH\Database\BaseBuilder.php(1615): CodeIgniter\Database\BaseConnection->query('SELECT *
FROM `joinings`', [], false)
 2 SYSTEMPATH\Model.php(237): CodeIgniter\Database\BaseBuilder->get()
 3 SYSTEMPATH\BaseModel.php(624): CodeIgniter\Model->doFindAll(0, 0)
 4 APPPATH\Controllers\Joining.php(13): CodeIgniter\BaseModel->findAll()
 5 SYSTEMPATH\CodeIgniter.php(919): App\Controllers\Joining->index()
 6 SYSTEMPATH\CodeIgniter.php(494): CodeIgniter\CodeIgniter->runController(Object(App\Controllers\Joining))
 7 SYSTEMPATH\CodeIgniter.php(353): CodeIgniter\CodeIgniter->handleRequest(null, Object(Config\Cache), false)
 8 FCPATH\index.php(79): CodeIgniter\CodeIgniter->run()
 9 SYSTEMPATH\Commands\Server\rewrite.php(47): require_once('C:\\laragon\\www\\Gagraduate\\public\\index.php')
CRITICAL - 2024-02-25 09:30:37 --> Undefined variable $join
in APPPATH\Views\workshop\index.php on line 119.
 1 APPPATH\Views\workshop\index.php(119): CodeIgniter\Debug\Exceptions->errorHandler(2, 'Undefined variable $join', 'C:\\laragon\\www\\Gagraduate\\app\\Views\\workshop\\index.php', 119)
 2 SYSTEMPATH\View\View.php(226): include('C:\\laragon\\www\\Gagraduate\\app\\Views\\workshop\\index.php')
 3 SYSTEMPATH\View\View.php(229): CodeIgniter\View\View->CodeIgniter\View\{closure}()
 4 SYSTEMPATH\Common.php(1188): CodeIgniter\View\View->render('workshop/index', [], true)
 5 APPPATH\Controllers\Workshop.php(15): view('workshop/index', [...])
 6 SYSTEMPATH\CodeIgniter.php(919): App\Controllers\Workshop->index()
 7 SYSTEMPATH\CodeIgniter.php(494): CodeIgniter\CodeIgniter->runController(Object(App\Controllers\Workshop))
 8 SYSTEMPATH\CodeIgniter.php(353): CodeIgniter\CodeIgniter->handleRequest(null, Object(Config\Cache), false)
 9 FCPATH\index.php(79): CodeIgniter\CodeIgniter->run()
10 SYSTEMPATH\Commands\Server\rewrite.php(47): require_once('C:\\laragon\\www\\Gagraduate\\public\\index.php')
CRITICAL - 2024-02-25 09:30:51 --> Undefined variable $joining
in APPPATH\Views\workshop\index.php on line 119.
 1 APPPATH\Views\workshop\index.php(119): CodeIgniter\Debug\Exceptions->errorHandler(2, 'Undefined variable $joining', 'C:\\laragon\\www\\Gagraduate\\app\\Views\\workshop\\index.php', 119)
 2 SYSTEMPATH\View\View.php(226): include('C:\\laragon\\www\\Gagraduate\\app\\Views\\workshop\\index.php')
 3 SYSTEMPATH\View\View.php(229): CodeIgniter\View\View->CodeIgniter\View\{closure}()
 4 SYSTEMPATH\Common.php(1188): CodeIgniter\View\View->render('workshop/index', [], true)
 5 APPPATH\Controllers\Workshop.php(15): view('workshop/index', [...])
 6 SYSTEMPATH\CodeIgniter.php(919): App\Controllers\Workshop->index()
 7 SYSTEMPATH\CodeIgniter.php(494): CodeIgniter\CodeIgniter->runController(Object(App\Controllers\Workshop))
 8 SYSTEMPATH\CodeIgniter.php(353): CodeIgniter\CodeIgniter->handleRequest(null, Object(Config\Cache), false)
 9 FCPATH\index.php(79): CodeIgniter\CodeIgniter->run()
10 SYSTEMPATH\Commands\Server\rewrite.php(47): require_once('C:\\laragon\\www\\Gagraduate\\public\\index.php')
CRITICAL - 2024-02-25 09:31:59 --> Undefined variable $join
in APPPATH\Views\joining\index.php on line 12.
 1 APPPATH\Views\joining\index.php(12): CodeIgniter\Debug\Exceptions->errorHandler(2, 'Undefined variable $join', 'C:\\laragon\\www\\Gagraduate\\app\\Views\\joining\\index.php', 12)
 2 SYSTEMPATH\View\View.php(226): include('C:\\laragon\\www\\Gagraduate\\app\\Views\\joining\\index.php')
 3 SYSTEMPATH\View\View.php(229): CodeIgniter\View\View->CodeIgniter\View\{closure}()
 4 SYSTEMPATH\Common.php(1188): CodeIgniter\View\View->render('joining/index', [], true)
 5 APPPATH\Controllers\Joining.php(15): view('joining/index', [...])
 6 SYSTEMPATH\CodeIgniter.php(919): App\Controllers\Joining->index()
 7 SYSTEMPATH\CodeIgniter.php(494): CodeIgniter\CodeIgniter->runController(Object(App\Controllers\Joining))
 8 SYSTEMPATH\CodeIgniter.php(353): CodeIgniter\CodeIgniter->handleRequest(null, Object(Config\Cache), false)
 9 FCPATH\index.php(79): CodeIgniter\CodeIgniter->run()
10 SYSTEMPATH\Commands\Server\rewrite.php(47): require_once('C:\\laragon\\www\\Gagraduate\\public\\index.php')
CRITICAL - 2024-02-25 09:32:47 --> Undefined variable $joiningId
in APPPATH\Views\joining\index.php on line 12.
 1 APPPATH\Views\joining\index.php(12): CodeIgniter\Debug\Exceptions->errorHandler(2, 'Undefined variable $joiningId', 'C:\\laragon\\www\\Gagraduate\\app\\Views\\joining\\index.php', 12)
 2 SYSTEMPATH\View\View.php(226): include('C:\\laragon\\www\\Gagraduate\\app\\Views\\joining\\index.php')
 3 SYSTEMPATH\View\View.php(229): CodeIgniter\View\View->CodeIgniter\View\{closure}()
 4 SYSTEMPATH\Common.php(1188): CodeIgniter\View\View->render('joining/index', [], true)
 5 APPPATH\Controllers\Joining.php(15): view('joining/index', [...])
 6 SYSTEMPATH\CodeIgniter.php(919): App\Controllers\Joining->index()
 7 SYSTEMPATH\CodeIgniter.php(494): CodeIgniter\CodeIgniter->runController(Object(App\Controllers\Joining))
 8 SYSTEMPATH\CodeIgniter.php(353): CodeIgniter\CodeIgniter->handleRequest(null, Object(Config\Cache), false)
 9 FCPATH\index.php(79): CodeIgniter\CodeIgniter->run()
10 SYSTEMPATH\Commands\Server\rewrite.php(47): require_once('C:\\laragon\\www\\Gagraduate\\public\\index.php')
CRITICAL - 2024-02-25 09:32:48 --> Undefined variable $joiningId
in APPPATH\Views\joining\index.php on line 12.
 1 APPPATH\Views\joining\index.php(12): CodeIgniter\Debug\Exceptions->errorHandler(2, 'Undefined variable $joiningId', 'C:\\laragon\\www\\Gagraduate\\app\\Views\\joining\\index.php', 12)
 2 SYSTEMPATH\View\View.php(226): include('C:\\laragon\\www\\Gagraduate\\app\\Views\\joining\\index.php')
 3 SYSTEMPATH\View\View.php(229): CodeIgniter\View\View->CodeIgniter\View\{closure}()
 4 SYSTEMPATH\Common.php(1188): CodeIgniter\View\View->render('joining/index', [], true)
 5 APPPATH\Controllers\Joining.php(15): view('joining/index', [...])
 6 SYSTEMPATH\CodeIgniter.php(919): App\Controllers\Joining->index()
 7 SYSTEMPATH\CodeIgniter.php(494): CodeIgniter\CodeIgniter->runController(Object(App\Controllers\Joining))
 8 SYSTEMPATH\CodeIgniter.php(353): CodeIgniter\CodeIgniter->handleRequest(null, Object(Config\Cache), false)
 9 FCPATH\index.php(79): CodeIgniter\CodeIgniter->run()
10 SYSTEMPATH\Commands\Server\rewrite.php(47): require_once('C:\\laragon\\www\\Gagraduate\\public\\index.php')
CRITICAL - 2024-02-25 09:32:57 --> Undefined variable $joiningId
in APPPATH\Views\joining\index.php on line 12.
 1 APPPATH\Views\joining\index.php(12): CodeIgniter\Debug\Exceptions->errorHandler(2, 'Undefined variable $joiningId', 'C:\\laragon\\www\\Gagraduate\\app\\Views\\joining\\index.php', 12)
 2 SYSTEMPATH\View\View.php(226): include('C:\\laragon\\www\\Gagraduate\\app\\Views\\joining\\index.php')
 3 SYSTEMPATH\View\View.php(229): CodeIgniter\View\View->CodeIgniter\View\{closure}()
 4 SYSTEMPATH\Common.php(1188): CodeIgniter\View\View->render('joining/index', [], true)
 5 APPPATH\Controllers\Joining.php(15): view('joining/index', [...])
 6 SYSTEMPATH\CodeIgniter.php(919): App\Controllers\Joining->index()
 7 SYSTEMPATH\CodeIgniter.php(494): CodeIgniter\CodeIgniter->runController(Object(App\Controllers\Joining))
 8 SYSTEMPATH\CodeIgniter.php(353): CodeIgniter\CodeIgniter->handleRequest(null, Object(Config\Cache), false)
 9 FCPATH\index.php(79): CodeIgniter\CodeIgniter->run()
10 SYSTEMPATH\Commands\Server\rewrite.php(47): require_once('C:\\laragon\\www\\Gagraduate\\public\\index.php')
CRITICAL - 2024-02-25 09:40:44 --> Undefined variable $joining
in APPPATH\Views\workshop\index.php on line 139.
 1 APPPATH\Views\workshop\index.php(139): CodeIgniter\Debug\Exceptions->errorHandler(2, 'Undefined variable $joining', 'C:\\laragon\\www\\Gagraduate\\app\\Views\\workshop\\index.php', 139)
 2 SYSTEMPATH\View\View.php(226): include('C:\\laragon\\www\\Gagraduate\\app\\Views\\workshop\\index.php')
 3 SYSTEMPATH\View\View.php(229): CodeIgniter\View\View->CodeIgniter\View\{closure}()
 4 SYSTEMPATH\Common.php(1188): CodeIgniter\View\View->render('workshop/index', [], true)
 5 APPPATH\Controllers\Workshop.php(15): view('workshop/index', [...])
 6 SYSTEMPATH\CodeIgniter.php(919): App\Controllers\Workshop->index()
 7 SYSTEMPATH\CodeIgniter.php(494): CodeIgniter\CodeIgniter->runController(Object(App\Controllers\Workshop))
 8 SYSTEMPATH\CodeIgniter.php(353): CodeIgniter\CodeIgniter->handleRequest(null, Object(Config\Cache), false)
 9 FCPATH\index.php(79): CodeIgniter\CodeIgniter->run()
10 SYSTEMPATH\Commands\Server\rewrite.php(47): require_once('C:\\laragon\\www\\Gagraduate\\public\\index.php')
CRITICAL - 2024-02-25 09:43:01 --> Undefined variable $joining
in APPPATH\Views\workshop\index.php on line 139.
 1 APPPATH\Views\workshop\index.php(139): CodeIgniter\Debug\Exceptions->errorHandler(2, 'Undefined variable $joining', 'C:\\laragon\\www\\Gagraduate\\app\\Views\\workshop\\index.php', 139)
 2 SYSTEMPATH\View\View.php(226): include('C:\\laragon\\www\\Gagraduate\\app\\Views\\workshop\\index.php')
 3 SYSTEMPATH\View\View.php(229): CodeIgniter\View\View->CodeIgniter\View\{closure}()
 4 SYSTEMPATH\Common.php(1188): CodeIgniter\View\View->render('workshop/index', [], true)
 5 APPPATH\Controllers\Workshop.php(15): view('workshop/index', [...])
 6 SYSTEMPATH\CodeIgniter.php(919): App\Controllers\Workshop->index()
 7 SYSTEMPATH\CodeIgniter.php(494): CodeIgniter\CodeIgniter->runController(Object(App\Controllers\Workshop))
 8 SYSTEMPATH\CodeIgniter.php(353): CodeIgniter\CodeIgniter->handleRequest(null, Object(Config\Cache), false)
 9 FCPATH\index.php(79): CodeIgniter\CodeIgniter->run()
10 SYSTEMPATH\Commands\Server\rewrite.php(47): require_once('C:\\laragon\\www\\Gagraduate\\public\\index.php')
CRITICAL - 2024-02-25 09:43:02 --> Undefined variable $joining
in APPPATH\Views\workshop\index.php on line 139.
 1 APPPATH\Views\workshop\index.php(139): CodeIgniter\Debug\Exceptions->errorHandler(2, 'Undefined variable $joining', 'C:\\laragon\\www\\Gagraduate\\app\\Views\\workshop\\index.php', 139)
 2 SYSTEMPATH\View\View.php(226): include('C:\\laragon\\www\\Gagraduate\\app\\Views\\workshop\\index.php')
 3 SYSTEMPATH\View\View.php(229): CodeIgniter\View\View->CodeIgniter\View\{closure}()
 4 SYSTEMPATH\Common.php(1188): CodeIgniter\View\View->render('workshop/index', [], true)
 5 APPPATH\Controllers\Workshop.php(15): view('workshop/index', [...])
 6 SYSTEMPATH\CodeIgniter.php(919): App\Controllers\Workshop->index()
 7 SYSTEMPATH\CodeIgniter.php(494): CodeIgniter\CodeIgniter->runController(Object(App\Controllers\Workshop))
 8 SYSTEMPATH\CodeIgniter.php(353): CodeIgniter\CodeIgniter->handleRequest(null, Object(Config\Cache), false)
 9 FCPATH\index.php(79): CodeIgniter\CodeIgniter->run()
10 SYSTEMPATH\Commands\Server\rewrite.php(47): require_once('C:\\laragon\\www\\Gagraduate\\public\\index.php')
CRITICAL - 2024-02-25 09:43:55 --> Undefined variable $joining
in APPPATH\Views\workshop\index.php on line 139.
 1 APPPATH\Views\workshop\index.php(139): CodeIgniter\Debug\Exceptions->errorHandler(2, 'Undefined variable $joining', 'C:\\laragon\\www\\Gagraduate\\app\\Views\\workshop\\index.php', 139)
 2 SYSTEMPATH\View\View.php(226): include('C:\\laragon\\www\\Gagraduate\\app\\Views\\workshop\\index.php')
 3 SYSTEMPATH\View\View.php(229): CodeIgniter\View\View->CodeIgniter\View\{closure}()
 4 SYSTEMPATH\Common.php(1188): CodeIgniter\View\View->render('workshop/index', [], true)
 5 APPPATH\Controllers\Workshop.php(15): view('workshop/index', [...])
 6 SYSTEMPATH\CodeIgniter.php(919): App\Controllers\Workshop->index()
 7 SYSTEMPATH\CodeIgniter.php(494): CodeIgniter\CodeIgniter->runController(Object(App\Controllers\Workshop))
 8 SYSTEMPATH\CodeIgniter.php(353): CodeIgniter\CodeIgniter->handleRequest(null, Object(Config\Cache), false)
 9 FCPATH\index.php(79): CodeIgniter\CodeIgniter->run()
10 SYSTEMPATH\Commands\Server\rewrite.php(47): require_once('C:\\laragon\\www\\Gagraduate\\public\\index.php')
CRITICAL - 2024-02-25 09:43:57 --> Undefined variable $joining
in APPPATH\Views\workshop\index.php on line 139.
 1 APPPATH\Views\workshop\index.php(139): CodeIgniter\Debug\Exceptions->errorHandler(2, 'Undefined variable $joining', 'C:\\laragon\\www\\Gagraduate\\app\\Views\\workshop\\index.php', 139)
 2 SYSTEMPATH\View\View.php(226): include('C:\\laragon\\www\\Gagraduate\\app\\Views\\workshop\\index.php')
 3 SYSTEMPATH\View\View.php(229): CodeIgniter\View\View->CodeIgniter\View\{closure}()
 4 SYSTEMPATH\Common.php(1188): CodeIgniter\View\View->render('workshop/index', [], true)
 5 APPPATH\Controllers\Workshop.php(15): view('workshop/index', [...])
 6 SYSTEMPATH\CodeIgniter.php(919): App\Controllers\Workshop->index()
 7 SYSTEMPATH\CodeIgniter.php(494): CodeIgniter\CodeIgniter->runController(Object(App\Controllers\Workshop))
 8 SYSTEMPATH\CodeIgniter.php(353): CodeIgniter\CodeIgniter->handleRequest(null, Object(Config\Cache), false)
 9 FCPATH\index.php(79): CodeIgniter\CodeIgniter->run()
10 SYSTEMPATH\Commands\Server\rewrite.php(47): require_once('C:\\laragon\\www\\Gagraduate\\public\\index.php')
CRITICAL - 2024-02-25 09:45:46 --> Undefined variable $joining
in APPPATH\Views\workshop\index.php on line 139.
 1 APPPATH\Views\workshop\index.php(139): CodeIgniter\Debug\Exceptions->errorHandler(2, 'Undefined variable $joining', 'C:\\laragon\\www\\Gagraduate\\app\\Views\\workshop\\index.php', 139)
 2 SYSTEMPATH\View\View.php(226): include('C:\\laragon\\www\\Gagraduate\\app\\Views\\workshop\\index.php')
 3 SYSTEMPATH\View\View.php(229): CodeIgniter\View\View->CodeIgniter\View\{closure}()
 4 SYSTEMPATH\Common.php(1188): CodeIgniter\View\View->render('workshop/index', [], true)
 5 APPPATH\Controllers\Workshop.php(15): view('workshop/index', [...])
 6 SYSTEMPATH\CodeIgniter.php(919): App\Controllers\Workshop->index()
 7 SYSTEMPATH\CodeIgniter.php(494): CodeIgniter\CodeIgniter->runController(Object(App\Controllers\Workshop))
 8 SYSTEMPATH\CodeIgniter.php(353): CodeIgniter\CodeIgniter->handleRequest(null, Object(Config\Cache), false)
 9 FCPATH\index.php(79): CodeIgniter\CodeIgniter->run()
10 SYSTEMPATH\Commands\Server\rewrite.php(47): require_once('C:\\laragon\\www\\Gagraduate\\public\\index.php')
CRITICAL - 2024-02-25 09:45:48 --> Undefined variable $joining
in APPPATH\Views\workshop\index.php on line 139.
 1 APPPATH\Views\workshop\index.php(139): CodeIgniter\Debug\Exceptions->errorHandler(2, 'Undefined variable $joining', 'C:\\laragon\\www\\Gagraduate\\app\\Views\\workshop\\index.php', 139)
 2 SYSTEMPATH\View\View.php(226): include('C:\\laragon\\www\\Gagraduate\\app\\Views\\workshop\\index.php')
 3 SYSTEMPATH\View\View.php(229): CodeIgniter\View\View->CodeIgniter\View\{closure}()
 4 SYSTEMPATH\Common.php(1188): CodeIgniter\View\View->render('workshop/index', [], true)
 5 APPPATH\Controllers\Workshop.php(15): view('workshop/index', [...])
 6 SYSTEMPATH\CodeIgniter.php(919): App\Controllers\Workshop->index()
 7 SYSTEMPATH\CodeIgniter.php(494): CodeIgniter\CodeIgniter->runController(Object(App\Controllers\Workshop))
 8 SYSTEMPATH\CodeIgniter.php(353): CodeIgniter\CodeIgniter->handleRequest(null, Object(Config\Cache), false)
 9 FCPATH\index.php(79): CodeIgniter\CodeIgniter->run()
10 SYSTEMPATH\Commands\Server\rewrite.php(47): require_once('C:\\laragon\\www\\Gagraduate\\public\\index.php')
CRITICAL - 2024-02-25 09:45:49 --> Undefined variable $joining
in APPPATH\Views\workshop\index.php on line 139.
 1 APPPATH\Views\workshop\index.php(139): CodeIgniter\Debug\Exceptions->errorHandler(2, 'Undefined variable $joining', 'C:\\laragon\\www\\Gagraduate\\app\\Views\\workshop\\index.php', 139)
 2 SYSTEMPATH\View\View.php(226): include('C:\\laragon\\www\\Gagraduate\\app\\Views\\workshop\\index.php')
 3 SYSTEMPATH\View\View.php(229): CodeIgniter\View\View->CodeIgniter\View\{closure}()
 4 SYSTEMPATH\Common.php(1188): CodeIgniter\View\View->render('workshop/index', [], true)
 5 APPPATH\Controllers\Workshop.php(15): view('workshop/index', [...])
 6 SYSTEMPATH\CodeIgniter.php(919): App\Controllers\Workshop->index()
 7 SYSTEMPATH\CodeIgniter.php(494): CodeIgniter\CodeIgniter->runController(Object(App\Controllers\Workshop))
 8 SYSTEMPATH\CodeIgniter.php(353): CodeIgniter\CodeIgniter->handleRequest(null, Object(Config\Cache), false)
 9 FCPATH\index.php(79): CodeIgniter\CodeIgniter->run()
10 SYSTEMPATH\Commands\Server\rewrite.php(47): require_once('C:\\laragon\\www\\Gagraduate\\public\\index.php')
CRITICAL - 2024-02-25 15:28:24 --> Invalid file: "joining.php"
in SYSTEMPATH\Exceptions\FrameworkException.php on line 39.
 1 SYSTEMPATH\View\View.php(214): CodeIgniter\Exceptions\FrameworkException::forInvalidFile('joining.php')
 2 SYSTEMPATH\Common.php(1188): CodeIgniter\View\View->render('joining', [], true)
 3 APPPATH\Controllers\Joining.php(15): view('joining', [...])
 4 SYSTEMPATH\CodeIgniter.php(919): App\Controllers\Joining->index()
 5 SYSTEMPATH\CodeIgniter.php(494): CodeIgniter\CodeIgniter->runController(Object(App\Controllers\Joining))
 6 SYSTEMPATH\CodeIgniter.php(353): CodeIgniter\CodeIgniter->handleRequest(null, Object(Config\Cache), false)
 7 FCPATH\index.php(79): CodeIgniter\CodeIgniter->run()
 8 SYSTEMPATH\Commands\Server\rewrite.php(47): require_once('C:\\laragon\\www\\Gagraduate\\public\\index.php')
CRITICAL - 2024-02-25 15:38:29 --> Undefined variable $joining
in APPPATH\Views\admin.php on line 179.
 1 APPPATH\Views\admin.php(179): CodeIgniter\Debug\Exceptions->errorHandler(2, 'Undefined variable $joining', 'C:\\laragon\\www\\Gagraduate\\app\\Views\\admin.php', 179)
 2 SYSTEMPATH\View\View.php(226): include('C:\\laragon\\www\\Gagraduate\\app\\Views\\admin.php')
 3 SYSTEMPATH\View\View.php(229): CodeIgniter\View\View->CodeIgniter\View\{closure}()
 4 SYSTEMPATH\Common.php(1188): CodeIgniter\View\View->render('admin', [], true)
 5 APPPATH\Controllers\AdminController.php(158): view('admin')
 6 SYSTEMPATH\CodeIgniter.php(919): App\Controllers\AdminController->admin()
 7 SYSTEMPATH\CodeIgniter.php(494): CodeIgniter\CodeIgniter->runController(Object(App\Controllers\AdminController))
 8 SYSTEMPATH\CodeIgniter.php(353): CodeIgniter\CodeIgniter->handleRequest(null, Object(Config\Cache), false)
 9 FCPATH\index.php(79): CodeIgniter\CodeIgniter->run()
10 SYSTEMPATH\Commands\Server\rewrite.php(47): require_once('C:\\laragon\\www\\Gagraduate\\public\\index.php')
CRITICAL - 2024-02-25 15:38:47 --> Undefined variable $joining
in APPPATH\Views\admin.php on line 179.
 1 APPPATH\Views\admin.php(179): CodeIgniter\Debug\Exceptions->errorHandler(2, 'Undefined variable $joining', 'C:\\laragon\\www\\Gagraduate\\app\\Views\\admin.php', 179)
 2 SYSTEMPATH\View\View.php(226): include('C:\\laragon\\www\\Gagraduate\\app\\Views\\admin.php')
 3 SYSTEMPATH\View\View.php(229): CodeIgniter\View\View->CodeIgniter\View\{closure}()
 4 SYSTEMPATH\Common.php(1188): CodeIgniter\View\View->render('admin', [], true)
 5 APPPATH\Controllers\AdminController.php(158): view('admin')
 6 SYSTEMPATH\CodeIgniter.php(919): App\Controllers\AdminController->admin()
 7 SYSTEMPATH\CodeIgniter.php(494): CodeIgniter\CodeIgniter->runController(Object(App\Controllers\AdminController))
 8 SYSTEMPATH\CodeIgniter.php(353): CodeIgniter\CodeIgniter->handleRequest(null, Object(Config\Cache), false)
 9 FCPATH\index.php(79): CodeIgniter\CodeIgniter->run()
10 SYSTEMPATH\Commands\Server\rewrite.php(47): require_once('C:\\laragon\\www\\Gagraduate\\public\\index.php')
CRITICAL - 2024-02-25 15:58:02 --> Undefined array key "title"
in APPPATH\Views\joining\index.php on line 127.
 1 APPPATH\Views\joining\index.php(127): CodeIgniter\Debug\Exceptions->errorHandler(2, 'Undefined array key "title"', 'C:\\laragon\\www\\Gagraduate\\app\\Views\\joining\\index.php', 127)
 2 SYSTEMPATH\View\View.php(226): include('C:\\laragon\\www\\Gagraduate\\app\\Views\\joining\\index.php')
 3 SYSTEMPATH\View\View.php(229): CodeIgniter\View\View->CodeIgniter\View\{closure}()
 4 SYSTEMPATH\Common.php(1188): CodeIgniter\View\View->render('joining/index', [], true)
 5 APPPATH\Controllers\Joining.php(15): view('joining/index', [...])
 6 SYSTEMPATH\CodeIgniter.php(919): App\Controllers\Joining->index()
 7 SYSTEMPATH\CodeIgniter.php(494): CodeIgniter\CodeIgniter->runController(Object(App\Controllers\Joining))
 8 SYSTEMPATH\CodeIgniter.php(353): CodeIgniter\CodeIgniter->handleRequest(null, Object(Config\Cache), false)
 9 FCPATH\index.php(79): CodeIgniter\CodeIgniter->run()
10 SYSTEMPATH\Commands\Server\rewrite.php(47): require_once('C:\\laragon\\www\\Gagraduate\\public\\index.php')
