CRITICAL - 2024-02-26 03:27:10 --> Undefined variable $members
in APPPATH\Views\admin.php on line 120.
 1 APPPATH\Views\admin.php(120): CodeIgniter\Debug\Exceptions->errorHandler(2, 'Undefined variable $members', 'C:\\laragon\\www\\Gagraduate\\app\\Views\\admin.php', 120)
 2 SYSTEMPATH\View\View.php(226): include('C:\\laragon\\www\\Gagraduate\\app\\Views\\admin.php')
 3 SYSTEMPATH\View\View.php(229): CodeIgniter\View\View->CodeIgniter\View\{closure}()
 4 SYSTEMPATH\Common.php(1188): CodeIgniter\View\View->render('admin', [], true)
 5 APPPATH\Controllers\AdminController.php(158): view('admin')
 6 SYSTEMPATH\CodeIgniter.php(919): App\Controllers\AdminController->admin()
 7 SYSTEMPATH\CodeIgniter.php(494): CodeIgniter\CodeIgniter->runController(Object(App\Controllers\AdminController))
 8 SYSTEMPATH\CodeIgniter.php(353): CodeIgniter\CodeIgniter->handleRequest(null, Object(Config\Cache), false)
 9 FCPATH\index.php(79): CodeIgniter\CodeIgniter->run()
10 SYSTEMPATH\Commands\Server\rewrite.php(47): require_once('C:\\laragon\\www\\Gagraduate\\public\\index.php')
CRITICAL - 2024-02-26 03:42:52 --> Undefined variable $data
in APPPATH\Views\admin.php on line 122.
 1 APPPATH\Views\admin.php(122): CodeIgniter\Debug\Exceptions->errorHandler(2, 'Undefined variable $data', 'C:\\laragon\\www\\Gagraduate\\app\\Views\\admin.php', 122)
 2 SYSTEMPATH\View\View.php(226): include('C:\\laragon\\www\\Gagraduate\\app\\Views\\admin.php')
 3 SYSTEMPATH\View\View.php(229): CodeIgniter\View\View->CodeIgniter\View\{closure}()
 4 SYSTEMPATH\Common.php(1188): CodeIgniter\View\View->render('admin', [], true)
 5 APPPATH\Controllers\AdminController.php(158): view('admin')
 6 SYSTEMPATH\CodeIgniter.php(919): App\Controllers\AdminController->admin()
 7 SYSTEMPATH\CodeIgniter.php(494): CodeIgniter\CodeIgniter->runController(Object(App\Controllers\AdminController))
 8 SYSTEMPATH\CodeIgniter.php(353): CodeIgniter\CodeIgniter->handleRequest(null, Object(Config\Cache), false)
 9 FCPATH\index.php(79): CodeIgniter\CodeIgniter->run()
10 SYSTEMPATH\Commands\Server\rewrite.php(47): require_once('C:\\laragon\\www\\Gagraduate\\public\\index.php')
CRITICAL - 2024-02-26 03:51:18 --> syntax error, unexpected token "=", expecting "function" or "const"
in APPPATH\Controllers\AdminController.php on line 156.
 1 SYSTEMPATH\Autoloader\Autoloader.php(285): CodeIgniter\Autoloader\Autoloader->includeFile('C:\\laragon\\www\\Gagraduate\\app\\Controllers\\AdminController.php')
 2 SYSTEMPATH\Autoloader\Autoloader.php(263): CodeIgniter\Autoloader\Autoloader->loadInNamespace('App\\Controllers\\AdminController')
 3 [internal function]: CodeIgniter\Autoloader\Autoloader->loadClass('App\\Controllers\\AdminController')
 4 SYSTEMPATH\CodeIgniter.php(877): class_exists('\\App\\Controllers\\AdminController', true)
 5 SYSTEMPATH\CodeIgniter.php(481): CodeIgniter\CodeIgniter->startController()
 6 SYSTEMPATH\CodeIgniter.php(353): CodeIgniter\CodeIgniter->handleRequest(null, Object(Config\Cache), false)
 7 FCPATH\index.php(79): CodeIgniter\CodeIgniter->run()
 8 SYSTEMPATH\Commands\Server\rewrite.php(47): require_once('C:\\laragon\\www\\Gagraduate\\public\\index.php')
CRITICAL - 2024-02-26 03:51:27 --> Undefined property: App\Controllers\AdminController::$load
in APPPATH\Controllers\AdminController.php on line 160.
 1 APPPATH\Controllers\AdminController.php(160): CodeIgniter\Debug\Exceptions->errorHandler(2, 'Undefined property: App\\Controllers\\AdminController::$load', 'C:\\laragon\\www\\Gagraduate\\app\\Controllers\\AdminController.php', 160)
 2 SYSTEMPATH\CodeIgniter.php(919): App\Controllers\AdminController->admin()
 3 SYSTEMPATH\CodeIgniter.php(494): CodeIgniter\CodeIgniter->runController(Object(App\Controllers\AdminController))
 4 SYSTEMPATH\CodeIgniter.php(353): CodeIgniter\CodeIgniter->handleRequest(null, Object(Config\Cache), false)
 5 FCPATH\index.php(79): CodeIgniter\CodeIgniter->run()
 6 SYSTEMPATH\Commands\Server\rewrite.php(47): require_once('C:\\laragon\\www\\Gagraduate\\public\\index.php')
CRITICAL - 2024-02-26 03:51:40 --> Undefined property: App\Controllers\AdminController::$load
in APPPATH\Controllers\AdminController.php on line 160.
 1 APPPATH\Controllers\AdminController.php(160): CodeIgniter\Debug\Exceptions->errorHandler(2, 'Undefined property: App\\Controllers\\AdminController::$load', 'C:\\laragon\\www\\Gagraduate\\app\\Controllers\\AdminController.php', 160)
 2 SYSTEMPATH\CodeIgniter.php(919): App\Controllers\AdminController->admin()
 3 SYSTEMPATH\CodeIgniter.php(494): CodeIgniter\CodeIgniter->runController(Object(App\Controllers\AdminController))
 4 SYSTEMPATH\CodeIgniter.php(353): CodeIgniter\CodeIgniter->handleRequest(null, Object(Config\Cache), false)
 5 FCPATH\index.php(79): CodeIgniter\CodeIgniter->run()
 6 SYSTEMPATH\Commands\Server\rewrite.php(47): require_once('C:\\laragon\\www\\Gagraduate\\public\\index.php')
CRITICAL - 2024-02-26 03:51:40 --> Undefined property: App\Controllers\AdminController::$load
in APPPATH\Controllers\AdminController.php on line 160.
 1 APPPATH\Controllers\AdminController.php(160): CodeIgniter\Debug\Exceptions->errorHandler(2, 'Undefined property: App\\Controllers\\AdminController::$load', 'C:\\laragon\\www\\Gagraduate\\app\\Controllers\\AdminController.php', 160)
 2 SYSTEMPATH\CodeIgniter.php(919): App\Controllers\AdminController->admin()
 3 SYSTEMPATH\CodeIgniter.php(494): CodeIgniter\CodeIgniter->runController(Object(App\Controllers\AdminController))
 4 SYSTEMPATH\CodeIgniter.php(353): CodeIgniter\CodeIgniter->handleRequest(null, Object(Config\Cache), false)
 5 FCPATH\index.php(79): CodeIgniter\CodeIgniter->run()
 6 SYSTEMPATH\Commands\Server\rewrite.php(47): require_once('C:\\laragon\\www\\Gagraduate\\public\\index.php')
CRITICAL - 2024-02-26 03:51:41 --> Undefined property: App\Controllers\AdminController::$load
in APPPATH\Controllers\AdminController.php on line 160.
 1 APPPATH\Controllers\AdminController.php(160): CodeIgniter\Debug\Exceptions->errorHandler(2, 'Undefined property: App\\Controllers\\AdminController::$load', 'C:\\laragon\\www\\Gagraduate\\app\\Controllers\\AdminController.php', 160)
 2 SYSTEMPATH\CodeIgniter.php(919): App\Controllers\AdminController->admin()
 3 SYSTEMPATH\CodeIgniter.php(494): CodeIgniter\CodeIgniter->runController(Object(App\Controllers\AdminController))
 4 SYSTEMPATH\CodeIgniter.php(353): CodeIgniter\CodeIgniter->handleRequest(null, Object(Config\Cache), false)
 5 FCPATH\index.php(79): CodeIgniter\CodeIgniter->run()
 6 SYSTEMPATH\Commands\Server\rewrite.php(47): require_once('C:\\laragon\\www\\Gagraduate\\public\\index.php')
CRITICAL - 2024-02-26 03:52:37 --> Class "App\Controllers\MemberModel" not found
in APPPATH\Controllers\AdminController.php on line 160.
 1 SYSTEMPATH\CodeIgniter.php(919): App\Controllers\AdminController->admin()
 2 SYSTEMPATH\CodeIgniter.php(494): CodeIgniter\CodeIgniter->runController(Object(App\Controllers\AdminController))
 3 SYSTEMPATH\CodeIgniter.php(353): CodeIgniter\CodeIgniter->handleRequest(null, Object(Config\Cache), false)
 4 FCPATH\index.php(79): CodeIgniter\CodeIgniter->run()
 5 SYSTEMPATH\Commands\Server\rewrite.php(47): require_once('C:\\laragon\\www\\Gagraduate\\public\\index.php')
ERROR - 2024-02-26 03:53:06 --> mysqli_sql_exception: Unknown column 'name' in 'field list' in C:\laragon\www\Gagraduate\system\Database\MySQLi\Connection.php:306
Stack trace:
#0 C:\laragon\www\Gagraduate\system\Database\MySQLi\Connection.php(306): mysqli->query('SELECT name, mi...', 0)
#1 C:\laragon\www\Gagraduate\system\Database\BaseConnection.php(692): CodeIgniter\Database\MySQLi\Connection->execute('SELECT name, mi...')
#2 C:\laragon\www\Gagraduate\system\Database\BaseConnection.php(606): CodeIgniter\Database\BaseConnection->simpleQuery('SELECT name, mi...')
#3 C:\laragon\www\Gagraduate\app\Models\MemberModel.php(46): CodeIgniter\Database\BaseConnection->query('SELECT name, mi...')
#4 C:\laragon\www\Gagraduate\app\Controllers\AdminController.php(164): App\Models\MemberModel->getMembers()
#5 C:\laragon\www\Gagraduate\system\CodeIgniter.php(919): App\Controllers\AdminController->admin()
#6 C:\laragon\www\Gagraduate\system\CodeIgniter.php(494): CodeIgniter\CodeIgniter->runController(Object(App\Controllers\AdminController))
#7 C:\laragon\www\Gagraduate\system\CodeIgniter.php(353): CodeIgniter\CodeIgniter->handleRequest(NULL, Object(Config\Cache), false)
#8 C:\laragon\www\Gagraduate\public\index.php(79): CodeIgniter\CodeIgniter->run()
#9 C:\laragon\www\Gagraduate\system\Commands\Server\rewrite.php(47): require_once('C:\\laragon\\www\\...')
#10 {main}
CRITICAL - 2024-02-26 03:53:07 --> Unknown column 'name' in 'field list'
in SYSTEMPATH\Database\BaseConnection.php on line 646.
 1 APPPATH\Models\MemberModel.php(46): CodeIgniter\Database\BaseConnection->query('SELECT name, middle_name, age, sex, location, contact_number, created_at FROM members')
 2 APPPATH\Controllers\AdminController.php(164): App\Models\MemberModel->getMembers()
 3 SYSTEMPATH\CodeIgniter.php(919): App\Controllers\AdminController->admin()
 4 SYSTEMPATH\CodeIgniter.php(494): CodeIgniter\CodeIgniter->runController(Object(App\Controllers\AdminController))
 5 SYSTEMPATH\CodeIgniter.php(353): CodeIgniter\CodeIgniter->handleRequest(null, Object(Config\Cache), false)
 6 FCPATH\index.php(79): CodeIgniter\CodeIgniter->run()
 7 SYSTEMPATH\Commands\Server\rewrite.php(47): require_once('C:\\laragon\\www\\Gagraduate\\public\\index.php')
ERROR - 2024-02-26 03:53:31 --> mysqli_sql_exception: Unknown column 'middle_name' in 'field list' in C:\laragon\www\Gagraduate\system\Database\MySQLi\Connection.php:306
Stack trace:
#0 C:\laragon\www\Gagraduate\system\Database\MySQLi\Connection.php(306): mysqli->query('SELECT username...', 0)
#1 C:\laragon\www\Gagraduate\system\Database\BaseConnection.php(692): CodeIgniter\Database\MySQLi\Connection->execute('SELECT username...')
#2 C:\laragon\www\Gagraduate\system\Database\BaseConnection.php(606): CodeIgniter\Database\BaseConnection->simpleQuery('SELECT username...')
#3 C:\laragon\www\Gagraduate\app\Models\MemberModel.php(46): CodeIgniter\Database\BaseConnection->query('SELECT username...')
#4 C:\laragon\www\Gagraduate\app\Controllers\AdminController.php(164): App\Models\MemberModel->getMembers()
#5 C:\laragon\www\Gagraduate\system\CodeIgniter.php(919): App\Controllers\AdminController->admin()
#6 C:\laragon\www\Gagraduate\system\CodeIgniter.php(494): CodeIgniter\CodeIgniter->runController(Object(App\Controllers\AdminController))
#7 C:\laragon\www\Gagraduate\system\CodeIgniter.php(353): CodeIgniter\CodeIgniter->handleRequest(NULL, Object(Config\Cache), false)
#8 C:\laragon\www\Gagraduate\public\index.php(79): CodeIgniter\CodeIgniter->run()
#9 C:\laragon\www\Gagraduate\system\Commands\Server\rewrite.php(47): require_once('C:\\laragon\\www\\...')
#10 {main}
CRITICAL - 2024-02-26 03:53:31 --> Unknown column 'middle_name' in 'field list'
in SYSTEMPATH\Database\BaseConnection.php on line 646.
 1 APPPATH\Models\MemberModel.php(46): CodeIgniter\Database\BaseConnection->query('SELECT username, middle_name, age, sex, location, contact_number, created_at FROM members')
 2 APPPATH\Controllers\AdminController.php(164): App\Models\MemberModel->getMembers()
 3 SYSTEMPATH\CodeIgniter.php(919): App\Controllers\AdminController->admin()
 4 SYSTEMPATH\CodeIgniter.php(494): CodeIgniter\CodeIgniter->runController(Object(App\Controllers\AdminController))
 5 SYSTEMPATH\CodeIgniter.php(353): CodeIgniter\CodeIgniter->handleRequest(null, Object(Config\Cache), false)
 6 FCPATH\index.php(79): CodeIgniter\CodeIgniter->run()
 7 SYSTEMPATH\Commands\Server\rewrite.php(47): require_once('C:\\laragon\\www\\Gagraduate\\public\\index.php')
ERROR - 2024-02-26 03:54:06 --> mysqli_sql_exception: Unknown column 'age' in 'field list' in C:\laragon\www\Gagraduate\system\Database\MySQLi\Connection.php:306
Stack trace:
#0 C:\laragon\www\Gagraduate\system\Database\MySQLi\Connection.php(306): mysqli->query('SELECT username...', 0)
#1 C:\laragon\www\Gagraduate\system\Database\BaseConnection.php(692): CodeIgniter\Database\MySQLi\Connection->execute('SELECT username...')
#2 C:\laragon\www\Gagraduate\system\Database\BaseConnection.php(606): CodeIgniter\Database\BaseConnection->simpleQuery('SELECT username...')
#3 C:\laragon\www\Gagraduate\app\Models\MemberModel.php(46): CodeIgniter\Database\BaseConnection->query('SELECT username...')
#4 C:\laragon\www\Gagraduate\app\Controllers\AdminController.php(164): App\Models\MemberModel->getMembers()
#5 C:\laragon\www\Gagraduate\system\CodeIgniter.php(919): App\Controllers\AdminController->admin()
#6 C:\laragon\www\Gagraduate\system\CodeIgniter.php(494): CodeIgniter\CodeIgniter->runController(Object(App\Controllers\AdminController))
#7 C:\laragon\www\Gagraduate\system\CodeIgniter.php(353): CodeIgniter\CodeIgniter->handleRequest(NULL, Object(Config\Cache), false)
#8 C:\laragon\www\Gagraduate\public\index.php(79): CodeIgniter\CodeIgniter->run()
#9 C:\laragon\www\Gagraduate\system\Commands\Server\rewrite.php(47): require_once('C:\\laragon\\www\\...')
#10 {main}
CRITICAL - 2024-02-26 03:54:06 --> Unknown column 'age' in 'field list'
in SYSTEMPATH\Database\BaseConnection.php on line 646.
 1 APPPATH\Models\MemberModel.php(46): CodeIgniter\Database\BaseConnection->query('SELECT username, age, sex, location, contact_number, created_at FROM members')
 2 APPPATH\Controllers\AdminController.php(164): App\Models\MemberModel->getMembers()
 3 SYSTEMPATH\CodeIgniter.php(919): App\Controllers\AdminController->admin()
 4 SYSTEMPATH\CodeIgniter.php(494): CodeIgniter\CodeIgniter->runController(Object(App\Controllers\AdminController))
 5 SYSTEMPATH\CodeIgniter.php(353): CodeIgniter\CodeIgniter->handleRequest(null, Object(Config\Cache), false)
 6 FCPATH\index.php(79): CodeIgniter\CodeIgniter->run()
 7 SYSTEMPATH\Commands\Server\rewrite.php(47): require_once('C:\\laragon\\www\\Gagraduate\\public\\index.php')
CRITICAL - 2024-02-26 03:54:41 --> Call to undefined method CodeIgniter\Database\MySQLi\Result::result_array()
in APPPATH\Models\MemberModel.php on line 49.
 1 APPPATH\Controllers\AdminController.php(164): App\Models\MemberModel->getMembers()
 2 SYSTEMPATH\CodeIgniter.php(919): App\Controllers\AdminController->admin()
 3 SYSTEMPATH\CodeIgniter.php(494): CodeIgniter\CodeIgniter->runController(Object(App\Controllers\AdminController))
 4 SYSTEMPATH\CodeIgniter.php(353): CodeIgniter\CodeIgniter->handleRequest(null, Object(Config\Cache), false)
 5 FCPATH\index.php(79): CodeIgniter\CodeIgniter->run()
 6 SYSTEMPATH\Commands\Server\rewrite.php(47): require_once('C:\\laragon\\www\\Gagraduate\\public\\index.php')
CRITICAL - 2024-02-26 04:00:47 --> Undefined property: App\Controllers\AdminController::$memberModel
in APPPATH\Controllers\AdminController.php on line 164.
 1 APPPATH\Controllers\AdminController.php(164): CodeIgniter\Debug\Exceptions->errorHandler(2, 'Undefined property: App\\Controllers\\AdminController::$memberModel', 'C:\\laragon\\www\\Gagraduate\\app\\Controllers\\AdminController.php', 164)
 2 SYSTEMPATH\CodeIgniter.php(919): App\Controllers\AdminController->admin()
 3 SYSTEMPATH\CodeIgniter.php(494): CodeIgniter\CodeIgniter->runController(Object(App\Controllers\AdminController))
 4 SYSTEMPATH\CodeIgniter.php(353): CodeIgniter\CodeIgniter->handleRequest(null, Object(Config\Cache), false)
 5 FCPATH\index.php(79): CodeIgniter\CodeIgniter->run()
 6 SYSTEMPATH\Commands\Server\rewrite.php(47): require_once('C:\\laragon\\www\\Gagraduate\\public\\index.php')
CRITICAL - 2024-02-26 04:01:31 --> Undefined property: App\Controllers\AdminController::$MemberModel
in APPPATH\Controllers\AdminController.php on line 164.
 1 APPPATH\Controllers\AdminController.php(164): CodeIgniter\Debug\Exceptions->errorHandler(2, 'Undefined property: App\\Controllers\\AdminController::$MemberModel', 'C:\\laragon\\www\\Gagraduate\\app\\Controllers\\AdminController.php', 164)
 2 SYSTEMPATH\CodeIgniter.php(919): App\Controllers\AdminController->admin()
 3 SYSTEMPATH\CodeIgniter.php(494): CodeIgniter\CodeIgniter->runController(Object(App\Controllers\AdminController))
 4 SYSTEMPATH\CodeIgniter.php(353): CodeIgniter\CodeIgniter->handleRequest(null, Object(Config\Cache), false)
 5 FCPATH\index.php(79): CodeIgniter\CodeIgniter->run()
 6 SYSTEMPATH\Commands\Server\rewrite.php(47): require_once('C:\\laragon\\www\\Gagraduate\\public\\index.php')
CRITICAL - 2024-02-26 04:01:32 --> Undefined property: App\Controllers\AdminController::$MemberModel
in APPPATH\Controllers\AdminController.php on line 164.
 1 APPPATH\Controllers\AdminController.php(164): CodeIgniter\Debug\Exceptions->errorHandler(2, 'Undefined property: App\\Controllers\\AdminController::$MemberModel', 'C:\\laragon\\www\\Gagraduate\\app\\Controllers\\AdminController.php', 164)
 2 SYSTEMPATH\CodeIgniter.php(919): App\Controllers\AdminController->admin()
 3 SYSTEMPATH\CodeIgniter.php(494): CodeIgniter\CodeIgniter->runController(Object(App\Controllers\AdminController))
 4 SYSTEMPATH\CodeIgniter.php(353): CodeIgniter\CodeIgniter->handleRequest(null, Object(Config\Cache), false)
 5 FCPATH\index.php(79): CodeIgniter\CodeIgniter->run()
 6 SYSTEMPATH\Commands\Server\rewrite.php(47): require_once('C:\\laragon\\www\\Gagraduate\\public\\index.php')
CRITICAL - 2024-02-26 04:16:21 --> Undefined variable $dates
in APPPATH\Views\admin.php on line 171.
 1 APPPATH\Views\admin.php(171): CodeIgniter\Debug\Exceptions->errorHandler(2, 'Undefined variable $dates', 'C:\\laragon\\www\\Gagraduate\\app\\Views\\admin.php', 171)
 2 SYSTEMPATH\View\View.php(226): include('C:\\laragon\\www\\Gagraduate\\app\\Views\\admin.php')
 3 SYSTEMPATH\View\View.php(229): CodeIgniter\View\View->CodeIgniter\View\{closure}()
 4 SYSTEMPATH\Common.php(1188): CodeIgniter\View\View->render('admin', [], true)
 5 APPPATH\Controllers\AdminController.php(184): view('admin', [...])
 6 SYSTEMPATH\CodeIgniter.php(919): App\Controllers\AdminController->admin()
 7 SYSTEMPATH\CodeIgniter.php(494): CodeIgniter\CodeIgniter->runController(Object(App\Controllers\AdminController))
 8 SYSTEMPATH\CodeIgniter.php(353): CodeIgniter\CodeIgniter->handleRequest(null, Object(Config\Cache), false)
 9 FCPATH\index.php(79): CodeIgniter\CodeIgniter->run()
10 SYSTEMPATH\Commands\Server\rewrite.php(47): require_once('C:\\laragon\\www\\Gagraduate\\public\\index.php')
CRITICAL - 2024-02-26 04:18:26 --> Undefined variable $memberCounts
in APPPATH\Views\admin.php on line 196.
 1 APPPATH\Views\admin.php(196): CodeIgniter\Debug\Exceptions->errorHandler(2, 'Undefined variable $memberCounts', 'C:\\laragon\\www\\Gagraduate\\app\\Views\\admin.php', 196)
 2 SYSTEMPATH\View\View.php(226): include('C:\\laragon\\www\\Gagraduate\\app\\Views\\admin.php')
 3 SYSTEMPATH\View\View.php(229): CodeIgniter\View\View->CodeIgniter\View\{closure}()
 4 SYSTEMPATH\Common.php(1188): CodeIgniter\View\View->render('admin', [], true)
 5 APPPATH\Controllers\AdminController.php(184): view('admin', [...])
 6 SYSTEMPATH\CodeIgniter.php(919): App\Controllers\AdminController->admin()
 7 SYSTEMPATH\CodeIgniter.php(494): CodeIgniter\CodeIgniter->runController(Object(App\Controllers\AdminController))
 8 SYSTEMPATH\CodeIgniter.php(353): CodeIgniter\CodeIgniter->handleRequest(null, Object(Config\Cache), false)
 9 FCPATH\index.php(79): CodeIgniter\CodeIgniter->run()
10 SYSTEMPATH\Commands\Server\rewrite.php(47): require_once('C:\\laragon\\www\\Gagraduate\\public\\index.php')
CRITICAL - 2024-02-26 04:18:28 --> Undefined variable $memberCounts
in APPPATH\Views\admin.php on line 196.
 1 APPPATH\Views\admin.php(196): CodeIgniter\Debug\Exceptions->errorHandler(2, 'Undefined variable $memberCounts', 'C:\\laragon\\www\\Gagraduate\\app\\Views\\admin.php', 196)
 2 SYSTEMPATH\View\View.php(226): include('C:\\laragon\\www\\Gagraduate\\app\\Views\\admin.php')
 3 SYSTEMPATH\View\View.php(229): CodeIgniter\View\View->CodeIgniter\View\{closure}()
 4 SYSTEMPATH\Common.php(1188): CodeIgniter\View\View->render('admin', [], true)
 5 APPPATH\Controllers\AdminController.php(184): view('admin', [...])
 6 SYSTEMPATH\CodeIgniter.php(919): App\Controllers\AdminController->admin()
 7 SYSTEMPATH\CodeIgniter.php(494): CodeIgniter\CodeIgniter->runController(Object(App\Controllers\AdminController))
 8 SYSTEMPATH\CodeIgniter.php(353): CodeIgniter\CodeIgniter->handleRequest(null, Object(Config\Cache), false)
 9 FCPATH\index.php(79): CodeIgniter\CodeIgniter->run()
10 SYSTEMPATH\Commands\Server\rewrite.php(47): require_once('C:\\laragon\\www\\Gagraduate\\public\\index.php')
CRITICAL - 2024-02-26 11:37:19 --> Invalid file: ".php"
in SYSTEMPATH\Exceptions\FrameworkException.php on line 39.
 1 SYSTEMPATH\View\View.php(214): CodeIgniter\Exceptions\FrameworkException::forInvalidFile('.php')
 2 SYSTEMPATH\Common.php(1188): CodeIgniter\View\View->render('', [], true)
 3 APPPATH\Controllers\UserController.php(50): view('', [...])
 4 SYSTEMPATH\CodeIgniter.php(919): App\Controllers\UserController->store()
 5 SYSTEMPATH\CodeIgniter.php(494): CodeIgniter\CodeIgniter->runController(Object(App\Controllers\UserController))
 6 SYSTEMPATH\CodeIgniter.php(353): CodeIgniter\CodeIgniter->handleRequest(null, Object(Config\Cache), false)
 7 FCPATH\index.php(79): CodeIgniter\CodeIgniter->run()
 8 SYSTEMPATH\Commands\Server\rewrite.php(47): require_once('C:\\laragon\\www\\Gagraduate\\public\\index.php')
