CRITICAL - 2024-03-18 02:05:21 --> Undefined variable $orders
in APPPATH\Views\include\shop.php on line 311.
 1 APPPATH\Views\include\shop.php(311): CodeIgniter\Debug\Exceptions->errorHandler(2, 'Undefined variable $orders', 'C:\\laragon\\www\\Gagraduate\\app\\Views\\include\\shop.php', 311)
 2 SYSTEMPATH\View\View.php(226): include('C:\\laragon\\www\\Gagraduate\\app\\Views\\include\\shop.php')
 3 SYSTEMPATH\View\View.php(229): CodeIgniter\View\View->CodeIgniter\View\{closure}()
 4 SYSTEMPATH\Common.php(1188): CodeIgniter\View\View->render('include/shop', [], true)
 5 APPPATH\Config\Routes.php(19): view('include/shop')
 6 SYSTEMPATH\CodeIgniter.php(868): CodeIgniter\Router\RouteCollection->{closure}()
 7 SYSTEMPATH\CodeIgniter.php(481): CodeIgniter\CodeIgniter->startController()
 8 SYSTEMPATH\CodeIgniter.php(353): CodeIgniter\CodeIgniter->handleRequest(null, Object(Config\Cache), false)
 9 FCPATH\index.php(79): CodeIgniter\CodeIgniter->run()
10 SYSTEMPATH\Commands\Server\rewrite.php(47): require_once('C:\\laragon\\www\\Gagraduate\\public\\index.php')
CRITICAL - 2024-03-18 02:08:41 --> Undefined variable $orders
in APPPATH\Views\include\shop.php on line 311.
 1 APPPATH\Views\include\shop.php(311): CodeIgniter\Debug\Exceptions->errorHandler(2, 'Undefined variable $orders', 'C:\\laragon\\www\\Gagraduate\\app\\Views\\include\\shop.php', 311)
 2 SYSTEMPATH\View\View.php(226): include('C:\\laragon\\www\\Gagraduate\\app\\Views\\include\\shop.php')
 3 SYSTEMPATH\View\View.php(229): CodeIgniter\View\View->CodeIgniter\View\{closure}()
 4 SYSTEMPATH\Common.php(1188): CodeIgniter\View\View->render('include/shop', [], true)
 5 APPPATH\Config\Routes.php(19): view('include/shop')
 6 SYSTEMPATH\CodeIgniter.php(868): CodeIgniter\Router\RouteCollection->{closure}()
 7 SYSTEMPATH\CodeIgniter.php(481): CodeIgniter\CodeIgniter->startController()
 8 SYSTEMPATH\CodeIgniter.php(353): CodeIgniter\CodeIgniter->handleRequest(null, Object(Config\Cache), false)
 9 FCPATH\index.php(79): CodeIgniter\CodeIgniter->run()
10 SYSTEMPATH\Commands\Server\rewrite.php(47): require_once('C:\\laragon\\www\\Gagraduate\\public\\index.php')
CRITICAL - 2024-03-18 02:08:42 --> Undefined variable $orders
in APPPATH\Views\include\shop.php on line 311.
 1 APPPATH\Views\include\shop.php(311): CodeIgniter\Debug\Exceptions->errorHandler(2, 'Undefined variable $orders', 'C:\\laragon\\www\\Gagraduate\\app\\Views\\include\\shop.php', 311)
 2 SYSTEMPATH\View\View.php(226): include('C:\\laragon\\www\\Gagraduate\\app\\Views\\include\\shop.php')
 3 SYSTEMPATH\View\View.php(229): CodeIgniter\View\View->CodeIgniter\View\{closure}()
 4 SYSTEMPATH\Common.php(1188): CodeIgniter\View\View->render('include/shop', [], true)
 5 APPPATH\Config\Routes.php(19): view('include/shop')
 6 SYSTEMPATH\CodeIgniter.php(868): CodeIgniter\Router\RouteCollection->{closure}()
 7 SYSTEMPATH\CodeIgniter.php(481): CodeIgniter\CodeIgniter->startController()
 8 SYSTEMPATH\CodeIgniter.php(353): CodeIgniter\CodeIgniter->handleRequest(null, Object(Config\Cache), false)
 9 FCPATH\index.php(79): CodeIgniter\CodeIgniter->run()
10 SYSTEMPATH\Commands\Server\rewrite.php(47): require_once('C:\\laragon\\www\\Gagraduate\\public\\index.php')
CRITICAL - 2024-03-18 02:08:42 --> Undefined variable $orders
in APPPATH\Views\include\shop.php on line 311.
 1 APPPATH\Views\include\shop.php(311): CodeIgniter\Debug\Exceptions->errorHandler(2, 'Undefined variable $orders', 'C:\\laragon\\www\\Gagraduate\\app\\Views\\include\\shop.php', 311)
 2 SYSTEMPATH\View\View.php(226): include('C:\\laragon\\www\\Gagraduate\\app\\Views\\include\\shop.php')
 3 SYSTEMPATH\View\View.php(229): CodeIgniter\View\View->CodeIgniter\View\{closure}()
 4 SYSTEMPATH\Common.php(1188): CodeIgniter\View\View->render('include/shop', [], true)
 5 APPPATH\Config\Routes.php(19): view('include/shop')
 6 SYSTEMPATH\CodeIgniter.php(868): CodeIgniter\Router\RouteCollection->{closure}()
 7 SYSTEMPATH\CodeIgniter.php(481): CodeIgniter\CodeIgniter->startController()
 8 SYSTEMPATH\CodeIgniter.php(353): CodeIgniter\CodeIgniter->handleRequest(null, Object(Config\Cache), false)
 9 FCPATH\index.php(79): CodeIgniter\CodeIgniter->run()
10 SYSTEMPATH\Commands\Server\rewrite.php(47): require_once('C:\\laragon\\www\\Gagraduate\\public\\index.php')
CRITICAL - 2024-03-18 02:08:43 --> Undefined variable $orders
in APPPATH\Views\include\shop.php on line 311.
 1 APPPATH\Views\include\shop.php(311): CodeIgniter\Debug\Exceptions->errorHandler(2, 'Undefined variable $orders', 'C:\\laragon\\www\\Gagraduate\\app\\Views\\include\\shop.php', 311)
 2 SYSTEMPATH\View\View.php(226): include('C:\\laragon\\www\\Gagraduate\\app\\Views\\include\\shop.php')
 3 SYSTEMPATH\View\View.php(229): CodeIgniter\View\View->CodeIgniter\View\{closure}()
 4 SYSTEMPATH\Common.php(1188): CodeIgniter\View\View->render('include/shop', [], true)
 5 APPPATH\Config\Routes.php(19): view('include/shop')
 6 SYSTEMPATH\CodeIgniter.php(868): CodeIgniter\Router\RouteCollection->{closure}()
 7 SYSTEMPATH\CodeIgniter.php(481): CodeIgniter\CodeIgniter->startController()
 8 SYSTEMPATH\CodeIgniter.php(353): CodeIgniter\CodeIgniter->handleRequest(null, Object(Config\Cache), false)
 9 FCPATH\index.php(79): CodeIgniter\CodeIgniter->run()
10 SYSTEMPATH\Commands\Server\rewrite.php(47): require_once('C:\\laragon\\www\\Gagraduate\\public\\index.php')
CRITICAL - 2024-03-18 02:08:48 --> Undefined variable $orders
in APPPATH\Views\include\shop.php on line 311.
 1 APPPATH\Views\include\shop.php(311): CodeIgniter\Debug\Exceptions->errorHandler(2, 'Undefined variable $orders', 'C:\\laragon\\www\\Gagraduate\\app\\Views\\include\\shop.php', 311)
 2 SYSTEMPATH\View\View.php(226): include('C:\\laragon\\www\\Gagraduate\\app\\Views\\include\\shop.php')
 3 SYSTEMPATH\View\View.php(229): CodeIgniter\View\View->CodeIgniter\View\{closure}()
 4 SYSTEMPATH\Common.php(1188): CodeIgniter\View\View->render('include/shop', [], true)
 5 APPPATH\Config\Routes.php(19): view('include/shop')
 6 SYSTEMPATH\CodeIgniter.php(868): CodeIgniter\Router\RouteCollection->{closure}()
 7 SYSTEMPATH\CodeIgniter.php(481): CodeIgniter\CodeIgniter->startController()
 8 SYSTEMPATH\CodeIgniter.php(353): CodeIgniter\CodeIgniter->handleRequest(null, Object(Config\Cache), false)
 9 FCPATH\index.php(79): CodeIgniter\CodeIgniter->run()
10 SYSTEMPATH\Commands\Server\rewrite.php(47): require_once('C:\\laragon\\www\\Gagraduate\\public\\index.php')
CRITICAL - 2024-03-18 02:09:19 --> Undefined variable $orders
in APPPATH\Views\include\shop.php on line 311.
 1 APPPATH\Views\include\shop.php(311): CodeIgniter\Debug\Exceptions->errorHandler(2, 'Undefined variable $orders', 'C:\\laragon\\www\\Gagraduate\\app\\Views\\include\\shop.php', 311)
 2 SYSTEMPATH\View\View.php(226): include('C:\\laragon\\www\\Gagraduate\\app\\Views\\include\\shop.php')
 3 SYSTEMPATH\View\View.php(229): CodeIgniter\View\View->CodeIgniter\View\{closure}()
 4 SYSTEMPATH\Common.php(1188): CodeIgniter\View\View->render('include/shop', [], true)
 5 APPPATH\Config\Routes.php(19): view('include/shop')
 6 SYSTEMPATH\CodeIgniter.php(868): CodeIgniter\Router\RouteCollection->{closure}()
 7 SYSTEMPATH\CodeIgniter.php(481): CodeIgniter\CodeIgniter->startController()
 8 SYSTEMPATH\CodeIgniter.php(353): CodeIgniter\CodeIgniter->handleRequest(null, Object(Config\Cache), false)
 9 FCPATH\index.php(79): CodeIgniter\CodeIgniter->run()
10 SYSTEMPATH\Commands\Server\rewrite.php(47): require_once('C:\\laragon\\www\\Gagraduate\\public\\index.php')
CRITICAL - 2024-03-18 02:09:21 --> Undefined variable $orders
in APPPATH\Views\include\shop.php on line 311.
 1 APPPATH\Views\include\shop.php(311): CodeIgniter\Debug\Exceptions->errorHandler(2, 'Undefined variable $orders', 'C:\\laragon\\www\\Gagraduate\\app\\Views\\include\\shop.php', 311)
 2 SYSTEMPATH\View\View.php(226): include('C:\\laragon\\www\\Gagraduate\\app\\Views\\include\\shop.php')
 3 SYSTEMPATH\View\View.php(229): CodeIgniter\View\View->CodeIgniter\View\{closure}()
 4 SYSTEMPATH\Common.php(1188): CodeIgniter\View\View->render('include/shop', [], true)
 5 APPPATH\Config\Routes.php(19): view('include/shop')
 6 SYSTEMPATH\CodeIgniter.php(868): CodeIgniter\Router\RouteCollection->{closure}()
 7 SYSTEMPATH\CodeIgniter.php(481): CodeIgniter\CodeIgniter->startController()
 8 SYSTEMPATH\CodeIgniter.php(353): CodeIgniter\CodeIgniter->handleRequest(null, Object(Config\Cache), false)
 9 FCPATH\index.php(79): CodeIgniter\CodeIgniter->run()
10 SYSTEMPATH\Commands\Server\rewrite.php(47): require_once('C:\\laragon\\www\\Gagraduate\\public\\index.php')
CRITICAL - 2024-03-18 02:11:54 --> Undefined variable $orders
in APPPATH\Views\include\shop.php on line 311.
 1 APPPATH\Views\include\shop.php(311): CodeIgniter\Debug\Exceptions->errorHandler(2, 'Undefined variable $orders', 'C:\\laragon\\www\\Gagraduate\\app\\Views\\include\\shop.php', 311)
 2 SYSTEMPATH\View\View.php(226): include('C:\\laragon\\www\\Gagraduate\\app\\Views\\include\\shop.php')
 3 SYSTEMPATH\View\View.php(229): CodeIgniter\View\View->CodeIgniter\View\{closure}()
 4 SYSTEMPATH\Common.php(1188): CodeIgniter\View\View->render('include/shop', [], true)
 5 APPPATH\Config\Routes.php(19): view('include/shop')
 6 SYSTEMPATH\CodeIgniter.php(868): CodeIgniter\Router\RouteCollection->{closure}()
 7 SYSTEMPATH\CodeIgniter.php(481): CodeIgniter\CodeIgniter->startController()
 8 SYSTEMPATH\CodeIgniter.php(353): CodeIgniter\CodeIgniter->handleRequest(null, Object(Config\Cache), false)
 9 FCPATH\index.php(79): CodeIgniter\CodeIgniter->run()
10 SYSTEMPATH\Commands\Server\rewrite.php(47): require_once('C:\\laragon\\www\\Gagraduate\\public\\index.php')
CRITICAL - 2024-03-18 02:11:54 --> Undefined variable $orders
in APPPATH\Views\include\shop.php on line 311.
 1 APPPATH\Views\include\shop.php(311): CodeIgniter\Debug\Exceptions->errorHandler(2, 'Undefined variable $orders', 'C:\\laragon\\www\\Gagraduate\\app\\Views\\include\\shop.php', 311)
 2 SYSTEMPATH\View\View.php(226): include('C:\\laragon\\www\\Gagraduate\\app\\Views\\include\\shop.php')
 3 SYSTEMPATH\View\View.php(229): CodeIgniter\View\View->CodeIgniter\View\{closure}()
 4 SYSTEMPATH\Common.php(1188): CodeIgniter\View\View->render('include/shop', [], true)
 5 APPPATH\Config\Routes.php(19): view('include/shop')
 6 SYSTEMPATH\CodeIgniter.php(868): CodeIgniter\Router\RouteCollection->{closure}()
 7 SYSTEMPATH\CodeIgniter.php(481): CodeIgniter\CodeIgniter->startController()
 8 SYSTEMPATH\CodeIgniter.php(353): CodeIgniter\CodeIgniter->handleRequest(null, Object(Config\Cache), false)
 9 FCPATH\index.php(79): CodeIgniter\CodeIgniter->run()
10 SYSTEMPATH\Commands\Server\rewrite.php(47): require_once('C:\\laragon\\www\\Gagraduate\\public\\index.php')
CRITICAL - 2024-03-18 02:11:55 --> Undefined variable $orders
in APPPATH\Views\include\shop.php on line 311.
 1 APPPATH\Views\include\shop.php(311): CodeIgniter\Debug\Exceptions->errorHandler(2, 'Undefined variable $orders', 'C:\\laragon\\www\\Gagraduate\\app\\Views\\include\\shop.php', 311)
 2 SYSTEMPATH\View\View.php(226): include('C:\\laragon\\www\\Gagraduate\\app\\Views\\include\\shop.php')
 3 SYSTEMPATH\View\View.php(229): CodeIgniter\View\View->CodeIgniter\View\{closure}()
 4 SYSTEMPATH\Common.php(1188): CodeIgniter\View\View->render('include/shop', [], true)
 5 APPPATH\Config\Routes.php(19): view('include/shop')
 6 SYSTEMPATH\CodeIgniter.php(868): CodeIgniter\Router\RouteCollection->{closure}()
 7 SYSTEMPATH\CodeIgniter.php(481): CodeIgniter\CodeIgniter->startController()
 8 SYSTEMPATH\CodeIgniter.php(353): CodeIgniter\CodeIgniter->handleRequest(null, Object(Config\Cache), false)
 9 FCPATH\index.php(79): CodeIgniter\CodeIgniter->run()
10 SYSTEMPATH\Commands\Server\rewrite.php(47): require_once('C:\\laragon\\www\\Gagraduate\\public\\index.php')
CRITICAL - 2024-03-18 02:12:18 --> Undefined variable $orders
in APPPATH\Views\include\shop.php on line 311.
 1 APPPATH\Views\include\shop.php(311): CodeIgniter\Debug\Exceptions->errorHandler(2, 'Undefined variable $orders', 'C:\\laragon\\www\\Gagraduate\\app\\Views\\include\\shop.php', 311)
 2 SYSTEMPATH\View\View.php(226): include('C:\\laragon\\www\\Gagraduate\\app\\Views\\include\\shop.php')
 3 SYSTEMPATH\View\View.php(229): CodeIgniter\View\View->CodeIgniter\View\{closure}()
 4 SYSTEMPATH\Common.php(1188): CodeIgniter\View\View->render('include/shop', [], true)
 5 APPPATH\Config\Routes.php(19): view('include/shop')
 6 SYSTEMPATH\CodeIgniter.php(868): CodeIgniter\Router\RouteCollection->{closure}()
 7 SYSTEMPATH\CodeIgniter.php(481): CodeIgniter\CodeIgniter->startController()
 8 SYSTEMPATH\CodeIgniter.php(353): CodeIgniter\CodeIgniter->handleRequest(null, Object(Config\Cache), false)
 9 FCPATH\index.php(79): CodeIgniter\CodeIgniter->run()
10 SYSTEMPATH\Commands\Server\rewrite.php(47): require_once('C:\\laragon\\www\\Gagraduate\\public\\index.php')
CRITICAL - 2024-03-18 02:13:37 --> Undefined variable $orders
in APPPATH\Views\include\shop.php on line 311.
 1 APPPATH\Views\include\shop.php(311): CodeIgniter\Debug\Exceptions->errorHandler(2, 'Undefined variable $orders', 'C:\\laragon\\www\\Gagraduate\\app\\Views\\include\\shop.php', 311)
 2 SYSTEMPATH\View\View.php(226): include('C:\\laragon\\www\\Gagraduate\\app\\Views\\include\\shop.php')
 3 SYSTEMPATH\View\View.php(229): CodeIgniter\View\View->CodeIgniter\View\{closure}()
 4 SYSTEMPATH\Common.php(1188): CodeIgniter\View\View->render('include/shop', [], true)
 5 APPPATH\Config\Routes.php(19): view('include/shop')
 6 SYSTEMPATH\CodeIgniter.php(868): CodeIgniter\Router\RouteCollection->{closure}()
 7 SYSTEMPATH\CodeIgniter.php(481): CodeIgniter\CodeIgniter->startController()
 8 SYSTEMPATH\CodeIgniter.php(353): CodeIgniter\CodeIgniter->handleRequest(null, Object(Config\Cache), false)
 9 FCPATH\index.php(79): CodeIgniter\CodeIgniter->run()
10 SYSTEMPATH\Commands\Server\rewrite.php(47): require_once('C:\\laragon\\www\\Gagraduate\\public\\index.php')
CRITICAL - 2024-03-18 02:16:06 --> Undefined variable $orders
in APPPATH\Views\include\shop.php on line 311.
 1 APPPATH\Views\include\shop.php(311): CodeIgniter\Debug\Exceptions->errorHandler(2, 'Undefined variable $orders', 'C:\\laragon\\www\\Gagraduate\\app\\Views\\include\\shop.php', 311)
 2 SYSTEMPATH\View\View.php(226): include('C:\\laragon\\www\\Gagraduate\\app\\Views\\include\\shop.php')
 3 SYSTEMPATH\View\View.php(229): CodeIgniter\View\View->CodeIgniter\View\{closure}()
 4 SYSTEMPATH\Common.php(1188): CodeIgniter\View\View->render('include/shop', [], true)
 5 APPPATH\Config\Routes.php(19): view('include/shop')
 6 SYSTEMPATH\CodeIgniter.php(868): CodeIgniter\Router\RouteCollection->{closure}()
 7 SYSTEMPATH\CodeIgniter.php(481): CodeIgniter\CodeIgniter->startController()
 8 SYSTEMPATH\CodeIgniter.php(353): CodeIgniter\CodeIgniter->handleRequest(null, Object(Config\Cache), false)
 9 FCPATH\index.php(79): CodeIgniter\CodeIgniter->run()
10 SYSTEMPATH\Commands\Server\rewrite.php(47): require_once('C:\\laragon\\www\\Gagraduate\\public\\index.php')
CRITICAL - 2024-03-18 02:17:52 --> Undefined variable $orders
in APPPATH\Views\include\shop.php on line 311.
 1 APPPATH\Views\include\shop.php(311): CodeIgniter\Debug\Exceptions->errorHandler(2, 'Undefined variable $orders', 'C:\\laragon\\www\\Gagraduate\\app\\Views\\include\\shop.php', 311)
 2 SYSTEMPATH\View\View.php(226): include('C:\\laragon\\www\\Gagraduate\\app\\Views\\include\\shop.php')
 3 SYSTEMPATH\View\View.php(229): CodeIgniter\View\View->CodeIgniter\View\{closure}()
 4 SYSTEMPATH\Common.php(1188): CodeIgniter\View\View->render('include/shop', [], true)
 5 APPPATH\Config\Routes.php(19): view('include/shop')
 6 SYSTEMPATH\CodeIgniter.php(868): CodeIgniter\Router\RouteCollection->{closure}()
 7 SYSTEMPATH\CodeIgniter.php(481): CodeIgniter\CodeIgniter->startController()
 8 SYSTEMPATH\CodeIgniter.php(353): CodeIgniter\CodeIgniter->handleRequest(null, Object(Config\Cache), false)
 9 FCPATH\index.php(79): CodeIgniter\CodeIgniter->run()
10 SYSTEMPATH\Commands\Server\rewrite.php(47): require_once('C:\\laragon\\www\\Gagraduate\\public\\index.php')
CRITICAL - 2024-03-18 02:17:53 --> Undefined variable $orders
in APPPATH\Views\include\shop.php on line 311.
 1 APPPATH\Views\include\shop.php(311): CodeIgniter\Debug\Exceptions->errorHandler(2, 'Undefined variable $orders', 'C:\\laragon\\www\\Gagraduate\\app\\Views\\include\\shop.php', 311)
 2 SYSTEMPATH\View\View.php(226): include('C:\\laragon\\www\\Gagraduate\\app\\Views\\include\\shop.php')
 3 SYSTEMPATH\View\View.php(229): CodeIgniter\View\View->CodeIgniter\View\{closure}()
 4 SYSTEMPATH\Common.php(1188): CodeIgniter\View\View->render('include/shop', [], true)
 5 APPPATH\Config\Routes.php(19): view('include/shop')
 6 SYSTEMPATH\CodeIgniter.php(868): CodeIgniter\Router\RouteCollection->{closure}()
 7 SYSTEMPATH\CodeIgniter.php(481): CodeIgniter\CodeIgniter->startController()
 8 SYSTEMPATH\CodeIgniter.php(353): CodeIgniter\CodeIgniter->handleRequest(null, Object(Config\Cache), false)
 9 FCPATH\index.php(79): CodeIgniter\CodeIgniter->run()
10 SYSTEMPATH\Commands\Server\rewrite.php(47): require_once('C:\\laragon\\www\\Gagraduate\\public\\index.php')
CRITICAL - 2024-03-18 02:17:54 --> Undefined variable $orders
in APPPATH\Views\include\shop.php on line 311.
 1 APPPATH\Views\include\shop.php(311): CodeIgniter\Debug\Exceptions->errorHandler(2, 'Undefined variable $orders', 'C:\\laragon\\www\\Gagraduate\\app\\Views\\include\\shop.php', 311)
 2 SYSTEMPATH\View\View.php(226): include('C:\\laragon\\www\\Gagraduate\\app\\Views\\include\\shop.php')
 3 SYSTEMPATH\View\View.php(229): CodeIgniter\View\View->CodeIgniter\View\{closure}()
 4 SYSTEMPATH\Common.php(1188): CodeIgniter\View\View->render('include/shop', [], true)
 5 APPPATH\Config\Routes.php(19): view('include/shop')
 6 SYSTEMPATH\CodeIgniter.php(868): CodeIgniter\Router\RouteCollection->{closure}()
 7 SYSTEMPATH\CodeIgniter.php(481): CodeIgniter\CodeIgniter->startController()
 8 SYSTEMPATH\CodeIgniter.php(353): CodeIgniter\CodeIgniter->handleRequest(null, Object(Config\Cache), false)
 9 FCPATH\index.php(79): CodeIgniter\CodeIgniter->run()
10 SYSTEMPATH\Commands\Server\rewrite.php(47): require_once('C:\\laragon\\www\\Gagraduate\\public\\index.php')
CRITICAL - 2024-03-18 02:17:54 --> Undefined variable $orders
in APPPATH\Views\include\shop.php on line 311.
 1 APPPATH\Views\include\shop.php(311): CodeIgniter\Debug\Exceptions->errorHandler(2, 'Undefined variable $orders', 'C:\\laragon\\www\\Gagraduate\\app\\Views\\include\\shop.php', 311)
 2 SYSTEMPATH\View\View.php(226): include('C:\\laragon\\www\\Gagraduate\\app\\Views\\include\\shop.php')
 3 SYSTEMPATH\View\View.php(229): CodeIgniter\View\View->CodeIgniter\View\{closure}()
 4 SYSTEMPATH\Common.php(1188): CodeIgniter\View\View->render('include/shop', [], true)
 5 APPPATH\Config\Routes.php(19): view('include/shop')
 6 SYSTEMPATH\CodeIgniter.php(868): CodeIgniter\Router\RouteCollection->{closure}()
 7 SYSTEMPATH\CodeIgniter.php(481): CodeIgniter\CodeIgniter->startController()
 8 SYSTEMPATH\CodeIgniter.php(353): CodeIgniter\CodeIgniter->handleRequest(null, Object(Config\Cache), false)
 9 FCPATH\index.php(79): CodeIgniter\CodeIgniter->run()
10 SYSTEMPATH\Commands\Server\rewrite.php(47): require_once('C:\\laragon\\www\\Gagraduate\\public\\index.php')
CRITICAL - 2024-03-18 02:17:55 --> Undefined variable $orders
in APPPATH\Views\include\shop.php on line 311.
 1 APPPATH\Views\include\shop.php(311): CodeIgniter\Debug\Exceptions->errorHandler(2, 'Undefined variable $orders', 'C:\\laragon\\www\\Gagraduate\\app\\Views\\include\\shop.php', 311)
 2 SYSTEMPATH\View\View.php(226): include('C:\\laragon\\www\\Gagraduate\\app\\Views\\include\\shop.php')
 3 SYSTEMPATH\View\View.php(229): CodeIgniter\View\View->CodeIgniter\View\{closure}()
 4 SYSTEMPATH\Common.php(1188): CodeIgniter\View\View->render('include/shop', [], true)
 5 APPPATH\Config\Routes.php(19): view('include/shop')
 6 SYSTEMPATH\CodeIgniter.php(868): CodeIgniter\Router\RouteCollection->{closure}()
 7 SYSTEMPATH\CodeIgniter.php(481): CodeIgniter\CodeIgniter->startController()
 8 SYSTEMPATH\CodeIgniter.php(353): CodeIgniter\CodeIgniter->handleRequest(null, Object(Config\Cache), false)
 9 FCPATH\index.php(79): CodeIgniter\CodeIgniter->run()
10 SYSTEMPATH\Commands\Server\rewrite.php(47): require_once('C:\\laragon\\www\\Gagraduate\\public\\index.php')
CRITICAL - 2024-03-18 02:19:04 --> Undefined variable $orders
in APPPATH\Views\include\shop.php on line 311.
 1 APPPATH\Views\include\shop.php(311): CodeIgniter\Debug\Exceptions->errorHandler(2, 'Undefined variable $orders', 'C:\\laragon\\www\\Gagraduate\\app\\Views\\include\\shop.php', 311)
 2 SYSTEMPATH\View\View.php(226): include('C:\\laragon\\www\\Gagraduate\\app\\Views\\include\\shop.php')
 3 SYSTEMPATH\View\View.php(229): CodeIgniter\View\View->CodeIgniter\View\{closure}()
 4 SYSTEMPATH\Common.php(1188): CodeIgniter\View\View->render('include/shop', [], true)
 5 APPPATH\Config\Routes.php(19): view('include/shop')
 6 SYSTEMPATH\CodeIgniter.php(868): CodeIgniter\Router\RouteCollection->{closure}()
 7 SYSTEMPATH\CodeIgniter.php(481): CodeIgniter\CodeIgniter->startController()
 8 SYSTEMPATH\CodeIgniter.php(353): CodeIgniter\CodeIgniter->handleRequest(null, Object(Config\Cache), false)
 9 FCPATH\index.php(79): CodeIgniter\CodeIgniter->run()
10 SYSTEMPATH\Commands\Server\rewrite.php(47): require_once('C:\\laragon\\www\\Gagraduate\\public\\index.php')
CRITICAL - 2024-03-18 02:19:04 --> Undefined variable $orders
in APPPATH\Views\include\shop.php on line 311.
 1 APPPATH\Views\include\shop.php(311): CodeIgniter\Debug\Exceptions->errorHandler(2, 'Undefined variable $orders', 'C:\\laragon\\www\\Gagraduate\\app\\Views\\include\\shop.php', 311)
 2 SYSTEMPATH\View\View.php(226): include('C:\\laragon\\www\\Gagraduate\\app\\Views\\include\\shop.php')
 3 SYSTEMPATH\View\View.php(229): CodeIgniter\View\View->CodeIgniter\View\{closure}()
 4 SYSTEMPATH\Common.php(1188): CodeIgniter\View\View->render('include/shop', [], true)
 5 APPPATH\Config\Routes.php(19): view('include/shop')
 6 SYSTEMPATH\CodeIgniter.php(868): CodeIgniter\Router\RouteCollection->{closure}()
 7 SYSTEMPATH\CodeIgniter.php(481): CodeIgniter\CodeIgniter->startController()
 8 SYSTEMPATH\CodeIgniter.php(353): CodeIgniter\CodeIgniter->handleRequest(null, Object(Config\Cache), false)
 9 FCPATH\index.php(79): CodeIgniter\CodeIgniter->run()
10 SYSTEMPATH\Commands\Server\rewrite.php(47): require_once('C:\\laragon\\www\\Gagraduate\\public\\index.php')
CRITICAL - 2024-03-18 02:24:02 --> Undefined variable $cart
in APPPATH\Views\include\shop.php on line 311.
 1 APPPATH\Views\include\shop.php(311): CodeIgniter\Debug\Exceptions->errorHandler(2, 'Undefined variable $cart', 'C:\\laragon\\www\\Gagraduate\\app\\Views\\include\\shop.php', 311)
 2 SYSTEMPATH\View\View.php(226): include('C:\\laragon\\www\\Gagraduate\\app\\Views\\include\\shop.php')
 3 SYSTEMPATH\View\View.php(229): CodeIgniter\View\View->CodeIgniter\View\{closure}()
 4 SYSTEMPATH\Common.php(1188): CodeIgniter\View\View->render('include/shop', [], true)
 5 APPPATH\Config\Routes.php(19): view('include/shop')
 6 SYSTEMPATH\CodeIgniter.php(868): CodeIgniter\Router\RouteCollection->{closure}()
 7 SYSTEMPATH\CodeIgniter.php(481): CodeIgniter\CodeIgniter->startController()
 8 SYSTEMPATH\CodeIgniter.php(353): CodeIgniter\CodeIgniter->handleRequest(null, Object(Config\Cache), false)
 9 FCPATH\index.php(79): CodeIgniter\CodeIgniter->run()
10 SYSTEMPATH\Commands\Server\rewrite.php(47): require_once('C:\\laragon\\www\\Gagraduate\\public\\index.php')
CRITICAL - 2024-03-18 02:29:10 --> Undefined variable $cart
in APPPATH\Views\include\shop.php on line 311.
 1 APPPATH\Views\include\shop.php(311): CodeIgniter\Debug\Exceptions->errorHandler(2, 'Undefined variable $cart', 'C:\\laragon\\www\\Gagraduate\\app\\Views\\include\\shop.php', 311)
 2 SYSTEMPATH\View\View.php(226): include('C:\\laragon\\www\\Gagraduate\\app\\Views\\include\\shop.php')
 3 SYSTEMPATH\View\View.php(229): CodeIgniter\View\View->CodeIgniter\View\{closure}()
 4 SYSTEMPATH\Common.php(1188): CodeIgniter\View\View->render('include/shop', [], true)
 5 APPPATH\Config\Routes.php(19): view('include/shop')
 6 SYSTEMPATH\CodeIgniter.php(868): CodeIgniter\Router\RouteCollection->{closure}()
 7 SYSTEMPATH\CodeIgniter.php(481): CodeIgniter\CodeIgniter->startController()
 8 SYSTEMPATH\CodeIgniter.php(353): CodeIgniter\CodeIgniter->handleRequest(null, Object(Config\Cache), false)
 9 FCPATH\index.php(79): CodeIgniter\CodeIgniter->run()
10 SYSTEMPATH\Commands\Server\rewrite.php(47): require_once('C:\\laragon\\www\\Gagraduate\\public\\index.php')
CRITICAL - 2024-03-18 02:32:50 --> Call to undefined method App\Models\CartModel::button
in SYSTEMPATH\Model.php on line 873.
 1 APPPATH\Controllers\CartController.php(20): CodeIgniter\Model->__call('button', [...])
 2 SYSTEMPATH\CodeIgniter.php(919): App\Controllers\CartController->cart()
 3 SYSTEMPATH\CodeIgniter.php(494): CodeIgniter\CodeIgniter->runController(Object(App\Controllers\CartController))
 4 SYSTEMPATH\CodeIgniter.php(353): CodeIgniter\CodeIgniter->handleRequest(null, Object(Config\Cache), false)
 5 FCPATH\index.php(79): CodeIgniter\CodeIgniter->run()
 6 SYSTEMPATH\Commands\Server\rewrite.php(47): require_once('C:\\laragon\\www\\Gagraduate\\public\\index.php')
CRITICAL - 2024-03-18 02:35:03 --> Call to undefined method App\Models\CartModel::button
in SYSTEMPATH\Model.php on line 873.
 1 APPPATH\Controllers\CartController.php(20): CodeIgniter\Model->__call('button', [...])
 2 SYSTEMPATH\CodeIgniter.php(919): App\Controllers\CartController->cart()
 3 SYSTEMPATH\CodeIgniter.php(494): CodeIgniter\CodeIgniter->runController(Object(App\Controllers\CartController))
 4 SYSTEMPATH\CodeIgniter.php(353): CodeIgniter\CodeIgniter->handleRequest(null, Object(Config\Cache), false)
 5 FCPATH\index.php(79): CodeIgniter\CodeIgniter->run()
 6 SYSTEMPATH\Commands\Server\rewrite.php(47): require_once('C:\\laragon\\www\\Gagraduate\\public\\index.php')
CRITICAL - 2024-03-18 02:35:11 --> Call to undefined method App\Models\CartModel::button
in SYSTEMPATH\Model.php on line 873.
 1 APPPATH\Controllers\CartController.php(20): CodeIgniter\Model->__call('button', [...])
 2 SYSTEMPATH\CodeIgniter.php(919): App\Controllers\CartController->cart()
 3 SYSTEMPATH\CodeIgniter.php(494): CodeIgniter\CodeIgniter->runController(Object(App\Controllers\CartController))
 4 SYSTEMPATH\CodeIgniter.php(353): CodeIgniter\CodeIgniter->handleRequest(null, Object(Config\Cache), false)
 5 FCPATH\index.php(79): CodeIgniter\CodeIgniter->run()
 6 SYSTEMPATH\Commands\Server\rewrite.php(47): require_once('C:\\laragon\\www\\Gagraduate\\public\\index.php')
CRITICAL - 2024-03-18 02:35:11 --> Call to undefined method App\Models\CartModel::button
in SYSTEMPATH\Model.php on line 873.
 1 APPPATH\Controllers\CartController.php(20): CodeIgniter\Model->__call('button', [...])
 2 SYSTEMPATH\CodeIgniter.php(919): App\Controllers\CartController->cart()
 3 SYSTEMPATH\CodeIgniter.php(494): CodeIgniter\CodeIgniter->runController(Object(App\Controllers\CartController))
 4 SYSTEMPATH\CodeIgniter.php(353): CodeIgniter\CodeIgniter->handleRequest(null, Object(Config\Cache), false)
 5 FCPATH\index.php(79): CodeIgniter\CodeIgniter->run()
 6 SYSTEMPATH\Commands\Server\rewrite.php(47): require_once('C:\\laragon\\www\\Gagraduate\\public\\index.php')
CRITICAL - 2024-03-18 02:35:12 --> Call to undefined method App\Models\CartModel::button
in SYSTEMPATH\Model.php on line 873.
 1 APPPATH\Controllers\CartController.php(20): CodeIgniter\Model->__call('button', [...])
 2 SYSTEMPATH\CodeIgniter.php(919): App\Controllers\CartController->cart()
 3 SYSTEMPATH\CodeIgniter.php(494): CodeIgniter\CodeIgniter->runController(Object(App\Controllers\CartController))
 4 SYSTEMPATH\CodeIgniter.php(353): CodeIgniter\CodeIgniter->handleRequest(null, Object(Config\Cache), false)
 5 FCPATH\index.php(79): CodeIgniter\CodeIgniter->run()
 6 SYSTEMPATH\Commands\Server\rewrite.php(47): require_once('C:\\laragon\\www\\Gagraduate\\public\\index.php')
CRITICAL - 2024-03-18 02:35:12 --> Call to undefined method App\Models\CartModel::button
in SYSTEMPATH\Model.php on line 873.
 1 APPPATH\Controllers\CartController.php(20): CodeIgniter\Model->__call('button', [...])
 2 SYSTEMPATH\CodeIgniter.php(919): App\Controllers\CartController->cart()
 3 SYSTEMPATH\CodeIgniter.php(494): CodeIgniter\CodeIgniter->runController(Object(App\Controllers\CartController))
 4 SYSTEMPATH\CodeIgniter.php(353): CodeIgniter\CodeIgniter->handleRequest(null, Object(Config\Cache), false)
 5 FCPATH\index.php(79): CodeIgniter\CodeIgniter->run()
 6 SYSTEMPATH\Commands\Server\rewrite.php(47): require_once('C:\\laragon\\www\\Gagraduate\\public\\index.php')
CRITICAL - 2024-03-18 02:35:13 --> Call to undefined method App\Models\CartModel::button
in SYSTEMPATH\Model.php on line 873.
 1 APPPATH\Controllers\CartController.php(20): CodeIgniter\Model->__call('button', [...])
 2 SYSTEMPATH\CodeIgniter.php(919): App\Controllers\CartController->cart()
 3 SYSTEMPATH\CodeIgniter.php(494): CodeIgniter\CodeIgniter->runController(Object(App\Controllers\CartController))
 4 SYSTEMPATH\CodeIgniter.php(353): CodeIgniter\CodeIgniter->handleRequest(null, Object(Config\Cache), false)
 5 FCPATH\index.php(79): CodeIgniter\CodeIgniter->run()
 6 SYSTEMPATH\Commands\Server\rewrite.php(47): require_once('C:\\laragon\\www\\Gagraduate\\public\\index.php')
CRITICAL - 2024-03-18 02:41:08 --> Undefined variable $cart
in APPPATH\Views\include\shop.php on line 311.
 1 APPPATH\Views\include\shop.php(311): CodeIgniter\Debug\Exceptions->errorHandler(2, 'Undefined variable $cart', 'C:\\laragon\\www\\Gagraduate\\app\\Views\\include\\shop.php', 311)
 2 SYSTEMPATH\View\View.php(226): include('C:\\laragon\\www\\Gagraduate\\app\\Views\\include\\shop.php')
 3 SYSTEMPATH\View\View.php(229): CodeIgniter\View\View->CodeIgniter\View\{closure}()
 4 SYSTEMPATH\Common.php(1188): CodeIgniter\View\View->render('include/shop', [], true)
 5 APPPATH\Config\Routes.php(19): view('include/shop')
 6 SYSTEMPATH\CodeIgniter.php(868): CodeIgniter\Router\RouteCollection->{closure}()
 7 SYSTEMPATH\CodeIgniter.php(481): CodeIgniter\CodeIgniter->startController()
 8 SYSTEMPATH\CodeIgniter.php(353): CodeIgniter\CodeIgniter->handleRequest(null, Object(Config\Cache), false)
 9 FCPATH\index.php(79): CodeIgniter\CodeIgniter->run()
10 SYSTEMPATH\Commands\Server\rewrite.php(47): require_once('C:\\laragon\\www\\Gagraduate\\public\\index.php')
CRITICAL - 2024-03-18 02:42:26 --> Undefined variable $cart
in APPPATH\Views\include\shop.php on line 311.
 1 APPPATH\Views\include\shop.php(311): CodeIgniter\Debug\Exceptions->errorHandler(2, 'Undefined variable $cart', 'C:\\laragon\\www\\Gagraduate\\app\\Views\\include\\shop.php', 311)
 2 SYSTEMPATH\View\View.php(226): include('C:\\laragon\\www\\Gagraduate\\app\\Views\\include\\shop.php')
 3 SYSTEMPATH\View\View.php(229): CodeIgniter\View\View->CodeIgniter\View\{closure}()
 4 SYSTEMPATH\Common.php(1188): CodeIgniter\View\View->render('include/shop', [], true)
 5 APPPATH\Controllers\OrdersController.php(72): view('include/shop')
 6 SYSTEMPATH\CodeIgniter.php(919): App\Controllers\OrdersController->shop()
 7 SYSTEMPATH\CodeIgniter.php(494): CodeIgniter\CodeIgniter->runController(Object(App\Controllers\OrdersController))
 8 SYSTEMPATH\CodeIgniter.php(353): CodeIgniter\CodeIgniter->handleRequest(null, Object(Config\Cache), false)
 9 FCPATH\index.php(79): CodeIgniter\CodeIgniter->run()
10 SYSTEMPATH\Commands\Server\rewrite.php(47): require_once('C:\\laragon\\www\\Gagraduate\\public\\index.php')
CRITICAL - 2024-03-18 02:42:28 --> Undefined variable $cart
in APPPATH\Views\include\shop.php on line 311.
 1 APPPATH\Views\include\shop.php(311): CodeIgniter\Debug\Exceptions->errorHandler(2, 'Undefined variable $cart', 'C:\\laragon\\www\\Gagraduate\\app\\Views\\include\\shop.php', 311)
 2 SYSTEMPATH\View\View.php(226): include('C:\\laragon\\www\\Gagraduate\\app\\Views\\include\\shop.php')
 3 SYSTEMPATH\View\View.php(229): CodeIgniter\View\View->CodeIgniter\View\{closure}()
 4 SYSTEMPATH\Common.php(1188): CodeIgniter\View\View->render('include/shop', [], true)
 5 APPPATH\Controllers\OrdersController.php(72): view('include/shop')
 6 SYSTEMPATH\CodeIgniter.php(919): App\Controllers\OrdersController->shop()
 7 SYSTEMPATH\CodeIgniter.php(494): CodeIgniter\CodeIgniter->runController(Object(App\Controllers\OrdersController))
 8 SYSTEMPATH\CodeIgniter.php(353): CodeIgniter\CodeIgniter->handleRequest(null, Object(Config\Cache), false)
 9 FCPATH\index.php(79): CodeIgniter\CodeIgniter->run()
10 SYSTEMPATH\Commands\Server\rewrite.php(47): require_once('C:\\laragon\\www\\Gagraduate\\public\\index.php')
CRITICAL - 2024-03-18 02:43:48 --> Undefined variable $cart
in APPPATH\Views\include\shop.php on line 311.
 1 APPPATH\Views\include\shop.php(311): CodeIgniter\Debug\Exceptions->errorHandler(2, 'Undefined variable $cart', 'C:\\laragon\\www\\Gagraduate\\app\\Views\\include\\shop.php', 311)
 2 SYSTEMPATH\View\View.php(226): include('C:\\laragon\\www\\Gagraduate\\app\\Views\\include\\shop.php')
 3 SYSTEMPATH\View\View.php(229): CodeIgniter\View\View->CodeIgniter\View\{closure}()
 4 SYSTEMPATH\Common.php(1188): CodeIgniter\View\View->render('include/shop', [], true)
 5 APPPATH\Controllers\OrdersController.php(73): view('include/shop')
 6 SYSTEMPATH\CodeIgniter.php(919): App\Controllers\OrdersController->shop()
 7 SYSTEMPATH\CodeIgniter.php(494): CodeIgniter\CodeIgniter->runController(Object(App\Controllers\OrdersController))
 8 SYSTEMPATH\CodeIgniter.php(353): CodeIgniter\CodeIgniter->handleRequest(null, Object(Config\Cache), false)
 9 FCPATH\index.php(79): CodeIgniter\CodeIgniter->run()
10 SYSTEMPATH\Commands\Server\rewrite.php(47): require_once('C:\\laragon\\www\\Gagraduate\\public\\index.php')
CRITICAL - 2024-03-18 02:43:49 --> Undefined variable $cart
in APPPATH\Views\include\shop.php on line 311.
 1 APPPATH\Views\include\shop.php(311): CodeIgniter\Debug\Exceptions->errorHandler(2, 'Undefined variable $cart', 'C:\\laragon\\www\\Gagraduate\\app\\Views\\include\\shop.php', 311)
 2 SYSTEMPATH\View\View.php(226): include('C:\\laragon\\www\\Gagraduate\\app\\Views\\include\\shop.php')
 3 SYSTEMPATH\View\View.php(229): CodeIgniter\View\View->CodeIgniter\View\{closure}()
 4 SYSTEMPATH\Common.php(1188): CodeIgniter\View\View->render('include/shop', [], true)
 5 APPPATH\Controllers\OrdersController.php(73): view('include/shop')
 6 SYSTEMPATH\CodeIgniter.php(919): App\Controllers\OrdersController->shop()
 7 SYSTEMPATH\CodeIgniter.php(494): CodeIgniter\CodeIgniter->runController(Object(App\Controllers\OrdersController))
 8 SYSTEMPATH\CodeIgniter.php(353): CodeIgniter\CodeIgniter->handleRequest(null, Object(Config\Cache), false)
 9 FCPATH\index.php(79): CodeIgniter\CodeIgniter->run()
10 SYSTEMPATH\Commands\Server\rewrite.php(47): require_once('C:\\laragon\\www\\Gagraduate\\public\\index.php')
CRITICAL - 2024-03-18 02:45:49 --> Undefined variable $cart
in APPPATH\Views\include\shop.php on line 311.
 1 APPPATH\Views\include\shop.php(311): CodeIgniter\Debug\Exceptions->errorHandler(2, 'Undefined variable $cart', 'C:\\laragon\\www\\Gagraduate\\app\\Views\\include\\shop.php', 311)
 2 SYSTEMPATH\View\View.php(226): include('C:\\laragon\\www\\Gagraduate\\app\\Views\\include\\shop.php')
 3 SYSTEMPATH\View\View.php(229): CodeIgniter\View\View->CodeIgniter\View\{closure}()
 4 SYSTEMPATH\Common.php(1188): CodeIgniter\View\View->render('include/shop', [], true)
 5 APPPATH\Controllers\OrdersController.php(72): view('include/shop', [...])
 6 SYSTEMPATH\CodeIgniter.php(919): App\Controllers\OrdersController->shop()
 7 SYSTEMPATH\CodeIgniter.php(494): CodeIgniter\CodeIgniter->runController(Object(App\Controllers\OrdersController))
 8 SYSTEMPATH\CodeIgniter.php(353): CodeIgniter\CodeIgniter->handleRequest(null, Object(Config\Cache), false)
 9 FCPATH\index.php(79): CodeIgniter\CodeIgniter->run()
10 SYSTEMPATH\Commands\Server\rewrite.php(47): require_once('C:\\laragon\\www\\Gagraduate\\public\\index.php')
CRITICAL - 2024-03-18 02:45:50 --> Undefined variable $cart
in APPPATH\Views\include\shop.php on line 311.
 1 APPPATH\Views\include\shop.php(311): CodeIgniter\Debug\Exceptions->errorHandler(2, 'Undefined variable $cart', 'C:\\laragon\\www\\Gagraduate\\app\\Views\\include\\shop.php', 311)
 2 SYSTEMPATH\View\View.php(226): include('C:\\laragon\\www\\Gagraduate\\app\\Views\\include\\shop.php')
 3 SYSTEMPATH\View\View.php(229): CodeIgniter\View\View->CodeIgniter\View\{closure}()
 4 SYSTEMPATH\Common.php(1188): CodeIgniter\View\View->render('include/shop', [], true)
 5 APPPATH\Controllers\OrdersController.php(72): view('include/shop', [...])
 6 SYSTEMPATH\CodeIgniter.php(919): App\Controllers\OrdersController->shop()
 7 SYSTEMPATH\CodeIgniter.php(494): CodeIgniter\CodeIgniter->runController(Object(App\Controllers\OrdersController))
 8 SYSTEMPATH\CodeIgniter.php(353): CodeIgniter\CodeIgniter->handleRequest(null, Object(Config\Cache), false)
 9 FCPATH\index.php(79): CodeIgniter\CodeIgniter->run()
10 SYSTEMPATH\Commands\Server\rewrite.php(47): require_once('C:\\laragon\\www\\Gagraduate\\public\\index.php')
CRITICAL - 2024-03-18 02:45:51 --> Undefined variable $cart
in APPPATH\Views\include\shop.php on line 311.
 1 APPPATH\Views\include\shop.php(311): CodeIgniter\Debug\Exceptions->errorHandler(2, 'Undefined variable $cart', 'C:\\laragon\\www\\Gagraduate\\app\\Views\\include\\shop.php', 311)
 2 SYSTEMPATH\View\View.php(226): include('C:\\laragon\\www\\Gagraduate\\app\\Views\\include\\shop.php')
 3 SYSTEMPATH\View\View.php(229): CodeIgniter\View\View->CodeIgniter\View\{closure}()
 4 SYSTEMPATH\Common.php(1188): CodeIgniter\View\View->render('include/shop', [], true)
 5 APPPATH\Controllers\OrdersController.php(72): view('include/shop', [...])
 6 SYSTEMPATH\CodeIgniter.php(919): App\Controllers\OrdersController->shop()
 7 SYSTEMPATH\CodeIgniter.php(494): CodeIgniter\CodeIgniter->runController(Object(App\Controllers\OrdersController))
 8 SYSTEMPATH\CodeIgniter.php(353): CodeIgniter\CodeIgniter->handleRequest(null, Object(Config\Cache), false)
 9 FCPATH\index.php(79): CodeIgniter\CodeIgniter->run()
10 SYSTEMPATH\Commands\Server\rewrite.php(47): require_once('C:\\laragon\\www\\Gagraduate\\public\\index.php')
CRITICAL - 2024-03-18 02:45:51 --> Undefined variable $cart
in APPPATH\Views\include\shop.php on line 311.
 1 APPPATH\Views\include\shop.php(311): CodeIgniter\Debug\Exceptions->errorHandler(2, 'Undefined variable $cart', 'C:\\laragon\\www\\Gagraduate\\app\\Views\\include\\shop.php', 311)
 2 SYSTEMPATH\View\View.php(226): include('C:\\laragon\\www\\Gagraduate\\app\\Views\\include\\shop.php')
 3 SYSTEMPATH\View\View.php(229): CodeIgniter\View\View->CodeIgniter\View\{closure}()
 4 SYSTEMPATH\Common.php(1188): CodeIgniter\View\View->render('include/shop', [], true)
 5 APPPATH\Controllers\OrdersController.php(72): view('include/shop', [...])
 6 SYSTEMPATH\CodeIgniter.php(919): App\Controllers\OrdersController->shop()
 7 SYSTEMPATH\CodeIgniter.php(494): CodeIgniter\CodeIgniter->runController(Object(App\Controllers\OrdersController))
 8 SYSTEMPATH\CodeIgniter.php(353): CodeIgniter\CodeIgniter->handleRequest(null, Object(Config\Cache), false)
 9 FCPATH\index.php(79): CodeIgniter\CodeIgniter->run()
10 SYSTEMPATH\Commands\Server\rewrite.php(47): require_once('C:\\laragon\\www\\Gagraduate\\public\\index.php')
CRITICAL - 2024-03-18 02:45:52 --> Undefined variable $cart
in APPPATH\Views\include\shop.php on line 311.
 1 APPPATH\Views\include\shop.php(311): CodeIgniter\Debug\Exceptions->errorHandler(2, 'Undefined variable $cart', 'C:\\laragon\\www\\Gagraduate\\app\\Views\\include\\shop.php', 311)
 2 SYSTEMPATH\View\View.php(226): include('C:\\laragon\\www\\Gagraduate\\app\\Views\\include\\shop.php')
 3 SYSTEMPATH\View\View.php(229): CodeIgniter\View\View->CodeIgniter\View\{closure}()
 4 SYSTEMPATH\Common.php(1188): CodeIgniter\View\View->render('include/shop', [], true)
 5 APPPATH\Controllers\OrdersController.php(72): view('include/shop', [...])
 6 SYSTEMPATH\CodeIgniter.php(919): App\Controllers\OrdersController->shop()
 7 SYSTEMPATH\CodeIgniter.php(494): CodeIgniter\CodeIgniter->runController(Object(App\Controllers\OrdersController))
 8 SYSTEMPATH\CodeIgniter.php(353): CodeIgniter\CodeIgniter->handleRequest(null, Object(Config\Cache), false)
 9 FCPATH\index.php(79): CodeIgniter\CodeIgniter->run()
10 SYSTEMPATH\Commands\Server\rewrite.php(47): require_once('C:\\laragon\\www\\Gagraduate\\public\\index.php')
CRITICAL - 2024-03-18 02:45:53 --> Undefined variable $cart
in APPPATH\Views\include\shop.php on line 311.
 1 APPPATH\Views\include\shop.php(311): CodeIgniter\Debug\Exceptions->errorHandler(2, 'Undefined variable $cart', 'C:\\laragon\\www\\Gagraduate\\app\\Views\\include\\shop.php', 311)
 2 SYSTEMPATH\View\View.php(226): include('C:\\laragon\\www\\Gagraduate\\app\\Views\\include\\shop.php')
 3 SYSTEMPATH\View\View.php(229): CodeIgniter\View\View->CodeIgniter\View\{closure}()
 4 SYSTEMPATH\Common.php(1188): CodeIgniter\View\View->render('include/shop', [], true)
 5 APPPATH\Controllers\OrdersController.php(72): view('include/shop', [...])
 6 SYSTEMPATH\CodeIgniter.php(919): App\Controllers\OrdersController->shop()
 7 SYSTEMPATH\CodeIgniter.php(494): CodeIgniter\CodeIgniter->runController(Object(App\Controllers\OrdersController))
 8 SYSTEMPATH\CodeIgniter.php(353): CodeIgniter\CodeIgniter->handleRequest(null, Object(Config\Cache), false)
 9 FCPATH\index.php(79): CodeIgniter\CodeIgniter->run()
10 SYSTEMPATH\Commands\Server\rewrite.php(47): require_once('C:\\laragon\\www\\Gagraduate\\public\\index.php')
CRITICAL - 2024-03-18 02:45:53 --> Undefined variable $cart
in APPPATH\Views\include\shop.php on line 311.
 1 APPPATH\Views\include\shop.php(311): CodeIgniter\Debug\Exceptions->errorHandler(2, 'Undefined variable $cart', 'C:\\laragon\\www\\Gagraduate\\app\\Views\\include\\shop.php', 311)
 2 SYSTEMPATH\View\View.php(226): include('C:\\laragon\\www\\Gagraduate\\app\\Views\\include\\shop.php')
 3 SYSTEMPATH\View\View.php(229): CodeIgniter\View\View->CodeIgniter\View\{closure}()
 4 SYSTEMPATH\Common.php(1188): CodeIgniter\View\View->render('include/shop', [], true)
 5 APPPATH\Controllers\OrdersController.php(72): view('include/shop', [...])
 6 SYSTEMPATH\CodeIgniter.php(919): App\Controllers\OrdersController->shop()
 7 SYSTEMPATH\CodeIgniter.php(494): CodeIgniter\CodeIgniter->runController(Object(App\Controllers\OrdersController))
 8 SYSTEMPATH\CodeIgniter.php(353): CodeIgniter\CodeIgniter->handleRequest(null, Object(Config\Cache), false)
 9 FCPATH\index.php(79): CodeIgniter\CodeIgniter->run()
10 SYSTEMPATH\Commands\Server\rewrite.php(47): require_once('C:\\laragon\\www\\Gagraduate\\public\\index.php')
CRITICAL - 2024-03-18 02:45:54 --> Undefined variable $cart
in APPPATH\Views\include\shop.php on line 311.
 1 APPPATH\Views\include\shop.php(311): CodeIgniter\Debug\Exceptions->errorHandler(2, 'Undefined variable $cart', 'C:\\laragon\\www\\Gagraduate\\app\\Views\\include\\shop.php', 311)
 2 SYSTEMPATH\View\View.php(226): include('C:\\laragon\\www\\Gagraduate\\app\\Views\\include\\shop.php')
 3 SYSTEMPATH\View\View.php(229): CodeIgniter\View\View->CodeIgniter\View\{closure}()
 4 SYSTEMPATH\Common.php(1188): CodeIgniter\View\View->render('include/shop', [], true)
 5 APPPATH\Controllers\OrdersController.php(72): view('include/shop', [...])
 6 SYSTEMPATH\CodeIgniter.php(919): App\Controllers\OrdersController->shop()
 7 SYSTEMPATH\CodeIgniter.php(494): CodeIgniter\CodeIgniter->runController(Object(App\Controllers\OrdersController))
 8 SYSTEMPATH\CodeIgniter.php(353): CodeIgniter\CodeIgniter->handleRequest(null, Object(Config\Cache), false)
 9 FCPATH\index.php(79): CodeIgniter\CodeIgniter->run()
10 SYSTEMPATH\Commands\Server\rewrite.php(47): require_once('C:\\laragon\\www\\Gagraduate\\public\\index.php')
CRITICAL - 2024-03-18 02:45:56 --> Undefined variable $cart
in APPPATH\Views\include\shop.php on line 311.
 1 APPPATH\Views\include\shop.php(311): CodeIgniter\Debug\Exceptions->errorHandler(2, 'Undefined variable $cart', 'C:\\laragon\\www\\Gagraduate\\app\\Views\\include\\shop.php', 311)
 2 SYSTEMPATH\View\View.php(226): include('C:\\laragon\\www\\Gagraduate\\app\\Views\\include\\shop.php')
 3 SYSTEMPATH\View\View.php(229): CodeIgniter\View\View->CodeIgniter\View\{closure}()
 4 SYSTEMPATH\Common.php(1188): CodeIgniter\View\View->render('include/shop', [], true)
 5 APPPATH\Controllers\OrdersController.php(72): view('include/shop', [...])
 6 SYSTEMPATH\CodeIgniter.php(919): App\Controllers\OrdersController->shop()
 7 SYSTEMPATH\CodeIgniter.php(494): CodeIgniter\CodeIgniter->runController(Object(App\Controllers\OrdersController))
 8 SYSTEMPATH\CodeIgniter.php(353): CodeIgniter\CodeIgniter->handleRequest(null, Object(Config\Cache), false)
 9 FCPATH\index.php(79): CodeIgniter\CodeIgniter->run()
10 SYSTEMPATH\Commands\Server\rewrite.php(47): require_once('C:\\laragon\\www\\Gagraduate\\public\\index.php')
CRITICAL - 2024-03-18 14:51:57 --> Undefined variable $full_name
in APPPATH\Views\include\shop.php on line 364.
 1 APPPATH\Views\include\shop.php(364): CodeIgniter\Debug\Exceptions->errorHandler(2, 'Undefined variable $full_name', 'C:\\laragon\\www\\Gagraduate\\app\\Views\\include\\shop.php', 364)
 2 SYSTEMPATH\View\View.php(226): include('C:\\laragon\\www\\Gagraduate\\app\\Views\\include\\shop.php')
 3 SYSTEMPATH\View\View.php(229): CodeIgniter\View\View->CodeIgniter\View\{closure}()
 4 SYSTEMPATH\Common.php(1188): CodeIgniter\View\View->render('include/shop', [], true)
 5 APPPATH\Controllers\OrdersController.php(72): view('include/shop', [...])
 6 SYSTEMPATH\CodeIgniter.php(919): App\Controllers\OrdersController->shop()
 7 SYSTEMPATH\CodeIgniter.php(494): CodeIgniter\CodeIgniter->runController(Object(App\Controllers\OrdersController))
 8 SYSTEMPATH\CodeIgniter.php(353): CodeIgniter\CodeIgniter->handleRequest(null, Object(Config\Cache), false)
 9 FCPATH\index.php(79): CodeIgniter\CodeIgniter->run()
10 SYSTEMPATH\Commands\Server\rewrite.php(47): require_once('C:\\laragon\\www\\Gagraduate\\public\\index.php')
CRITICAL - 2024-03-18 14:54:17 --> Undefined variable $username
in APPPATH\Views\include\shop.php on line 370.
 1 APPPATH\Views\include\shop.php(370): CodeIgniter\Debug\Exceptions->errorHandler(2, 'Undefined variable $username', 'C:\\laragon\\www\\Gagraduate\\app\\Views\\include\\shop.php', 370)
 2 SYSTEMPATH\View\View.php(226): include('C:\\laragon\\www\\Gagraduate\\app\\Views\\include\\shop.php')
 3 SYSTEMPATH\View\View.php(229): CodeIgniter\View\View->CodeIgniter\View\{closure}()
 4 SYSTEMPATH\Common.php(1188): CodeIgniter\View\View->render('include/shop', [], true)
 5 APPPATH\Controllers\OrdersController.php(72): view('include/shop', [...])
 6 SYSTEMPATH\CodeIgniter.php(919): App\Controllers\OrdersController->shop()
 7 SYSTEMPATH\CodeIgniter.php(494): CodeIgniter\CodeIgniter->runController(Object(App\Controllers\OrdersController))
 8 SYSTEMPATH\CodeIgniter.php(353): CodeIgniter\CodeIgniter->handleRequest(null, Object(Config\Cache), false)
 9 FCPATH\index.php(79): CodeIgniter\CodeIgniter->run()
10 SYSTEMPATH\Commands\Server\rewrite.php(47): require_once('C:\\laragon\\www\\Gagraduate\\public\\index.php')
CRITICAL - 2024-03-18 15:18:32 --> Undefined variable $full_name
in APPPATH\Views\include\shop.php on line 360.
 1 APPPATH\Views\include\shop.php(360): CodeIgniter\Debug\Exceptions->errorHandler(2, 'Undefined variable $full_name', 'C:\\laragon\\www\\Gagraduate\\app\\Views\\include\\shop.php', 360)
 2 SYSTEMPATH\View\View.php(226): include('C:\\laragon\\www\\Gagraduate\\app\\Views\\include\\shop.php')
 3 SYSTEMPATH\View\View.php(229): CodeIgniter\View\View->CodeIgniter\View\{closure}()
 4 SYSTEMPATH\Common.php(1188): CodeIgniter\View\View->render('include/shop', [], true)
 5 APPPATH\Controllers\OrdersController.php(72): view('include/shop', [...])
 6 SYSTEMPATH\CodeIgniter.php(919): App\Controllers\OrdersController->shop()
 7 SYSTEMPATH\CodeIgniter.php(494): CodeIgniter\CodeIgniter->runController(Object(App\Controllers\OrdersController))
 8 SYSTEMPATH\CodeIgniter.php(353): CodeIgniter\CodeIgniter->handleRequest(null, Object(Config\Cache), false)
 9 FCPATH\index.php(79): CodeIgniter\CodeIgniter->run()
10 SYSTEMPATH\Commands\Server\rewrite.php(47): require_once('C:\\laragon\\www\\Gagraduate\\public\\index.php')
CRITICAL - 2024-03-18 15:19:12 --> Undefined variable $full_name
in APPPATH\Views\include\shop.php on line 360.
 1 APPPATH\Views\include\shop.php(360): CodeIgniter\Debug\Exceptions->errorHandler(2, 'Undefined variable $full_name', 'C:\\laragon\\www\\Gagraduate\\app\\Views\\include\\shop.php', 360)
 2 SYSTEMPATH\View\View.php(226): include('C:\\laragon\\www\\Gagraduate\\app\\Views\\include\\shop.php')
 3 SYSTEMPATH\View\View.php(229): CodeIgniter\View\View->CodeIgniter\View\{closure}()
 4 SYSTEMPATH\Common.php(1188): CodeIgniter\View\View->render('include/shop', [], true)
 5 APPPATH\Controllers\OrdersController.php(72): view('include/shop', [...])
 6 SYSTEMPATH\CodeIgniter.php(919): App\Controllers\OrdersController->shop()
 7 SYSTEMPATH\CodeIgniter.php(494): CodeIgniter\CodeIgniter->runController(Object(App\Controllers\OrdersController))
 8 SYSTEMPATH\CodeIgniter.php(353): CodeIgniter\CodeIgniter->handleRequest(null, Object(Config\Cache), false)
 9 FCPATH\index.php(79): CodeIgniter\CodeIgniter->run()
10 SYSTEMPATH\Commands\Server\rewrite.php(47): require_once('C:\\laragon\\www\\Gagraduate\\public\\index.php')
CRITICAL - 2024-03-18 15:45:15 --> Undefined variable $address
in APPPATH\Views\include\shop.php on line 366.
 1 APPPATH\Views\include\shop.php(366): CodeIgniter\Debug\Exceptions->errorHandler(2, 'Undefined variable $address', 'C:\\laragon\\www\\Gagraduate\\app\\Views\\include\\shop.php', 366)
 2 SYSTEMPATH\View\View.php(226): include('C:\\laragon\\www\\Gagraduate\\app\\Views\\include\\shop.php')
 3 SYSTEMPATH\View\View.php(229): CodeIgniter\View\View->CodeIgniter\View\{closure}()
 4 SYSTEMPATH\Common.php(1188): CodeIgniter\View\View->render('include/shop', [], true)
 5 APPPATH\Controllers\OrdersController.php(72): view('include/shop', [...])
 6 SYSTEMPATH\CodeIgniter.php(919): App\Controllers\OrdersController->shop()
 7 SYSTEMPATH\CodeIgniter.php(494): CodeIgniter\CodeIgniter->runController(Object(App\Controllers\OrdersController))
 8 SYSTEMPATH\CodeIgniter.php(353): CodeIgniter\CodeIgniter->handleRequest(null, Object(Config\Cache), false)
 9 FCPATH\index.php(79): CodeIgniter\CodeIgniter->run()
10 SYSTEMPATH\Commands\Server\rewrite.php(47): require_once('C:\\laragon\\www\\Gagraduate\\public\\index.php')
