CRITICAL - 2024-03-14 13:27:09 --> Undefined array key "role"
in APPPATH\Controllers\SigninController.php on line 42.
 1 APPPATH\Controllers\SigninController.php(42): CodeIgniter\Debug\Exceptions->errorHandler(2, 'Undefined array key "role"', 'C:\\laragon\\www\\Testing\\app\\Controllers\\SigninController.php', 42)
 2 SYSTEMPATH\CodeIgniter.php(919): App\Controllers\SigninController->loginAuth()
 3 SYSTEMPATH\CodeIgniter.php(494): CodeIgniter\CodeIgniter->runController(Object(App\Controllers\SigninController))
 4 SYSTEMPATH\CodeIgniter.php(353): CodeIgniter\CodeIgniter->handleRequest(null, Object(Config\Cache), false)
 5 FCPATH\index.php(79): CodeIgniter\CodeIgniter->run()
 6 SYSTEMPATH\Commands\Server\rewrite.php(47): require_once('C:\\laragon\\www\\Testing\\public\\index.php')
CRITICAL - 2024-03-14 13:34:56 --> Undefined variable $full_name
in APPPATH\Views\seller\index.php on line 192.
 1 APPPATH\Views\seller\index.php(192): CodeIgniter\Debug\Exceptions->errorHandler(2, 'Undefined variable $full_name', 'C:\\laragon\\www\\Testing\\app\\Views\\seller\\index.php', 192)
 2 SYSTEMPATH\View\View.php(226): include('C:\\laragon\\www\\Testing\\app\\Views\\seller\\index.php')
 3 SYSTEMPATH\View\View.php(229): CodeIgniter\View\View->CodeIgniter\View\{closure}()
 4 SYSTEMPATH\Common.php(1188): CodeIgniter\View\View->render('seller/index', [], true)
 5 APPPATH\Controllers\SellerController.php(13): view('seller/index', [...])
 6 SYSTEMPATH\CodeIgniter.php(919): App\Controllers\SellerController->index()
 7 SYSTEMPATH\CodeIgniter.php(494): CodeIgniter\CodeIgniter->runController(Object(App\Controllers\SellerController))
 8 SYSTEMPATH\CodeIgniter.php(353): CodeIgniter\CodeIgniter->handleRequest(null, Object(Config\Cache), false)
 9 FCPATH\index.php(79): CodeIgniter\CodeIgniter->run()
10 SYSTEMPATH\Commands\Server\rewrite.php(47): require_once('C:\\laragon\\www\\Testing\\public\\index.php')
CRITICAL - 2024-03-14 13:45:51 --> Invalid file: "/sellerAdmin.php"
in SYSTEMPATH\Exceptions\FrameworkException.php on line 39.
 1 SYSTEMPATH\View\View.php(214): CodeIgniter\Exceptions\FrameworkException::forInvalidFile('/sellerAdmin.php')
 2 SYSTEMPATH\Common.php(1188): CodeIgniter\View\View->render('/sellerAdmin', [], true)
 3 APPPATH\Controllers\SellerController.php(23): view('/sellerAdmin')
 4 SYSTEMPATH\CodeIgniter.php(919): App\Controllers\SellerController->seller()
 5 SYSTEMPATH\CodeIgniter.php(494): CodeIgniter\CodeIgniter->runController(Object(App\Controllers\SellerController))
 6 SYSTEMPATH\CodeIgniter.php(353): CodeIgniter\CodeIgniter->handleRequest(null, Object(Config\Cache), false)
 7 FCPATH\index.php(79): CodeIgniter\CodeIgniter->run()
 8 SYSTEMPATH\Commands\Server\rewrite.php(47): require_once('C:\\laragon\\www\\Testing\\public\\index.php')
CRITICAL - 2024-03-14 13:46:34 --> Invalid file: "/sellerAdmin.php"
in SYSTEMPATH\Exceptions\FrameworkException.php on line 39.
 1 SYSTEMPATH\View\View.php(214): CodeIgniter\Exceptions\FrameworkException::forInvalidFile('/sellerAdmin.php')
 2 SYSTEMPATH\Common.php(1188): CodeIgniter\View\View->render('/sellerAdmin', [], true)
 3 APPPATH\Controllers\SellerController.php(23): view('/sellerAdmin')
 4 SYSTEMPATH\CodeIgniter.php(919): App\Controllers\SellerController->seller()
 5 SYSTEMPATH\CodeIgniter.php(494): CodeIgniter\CodeIgniter->runController(Object(App\Controllers\SellerController))
 6 SYSTEMPATH\CodeIgniter.php(353): CodeIgniter\CodeIgniter->handleRequest(null, Object(Config\Cache), false)
 7 FCPATH\index.php(79): CodeIgniter\CodeIgniter->run()
 8 SYSTEMPATH\Commands\Server\rewrite.php(47): require_once('C:\\laragon\\www\\Testing\\public\\index.php')
CRITICAL - 2024-03-14 13:47:00 --> Invalid file: "/sellerAdmin.php"
in SYSTEMPATH\Exceptions\FrameworkException.php on line 39.
 1 SYSTEMPATH\View\View.php(214): CodeIgniter\Exceptions\FrameworkException::forInvalidFile('/sellerAdmin.php')
 2 SYSTEMPATH\Common.php(1188): CodeIgniter\View\View->render('/sellerAdmin', [], true)
 3 APPPATH\Controllers\SellerController.php(23): view('/sellerAdmin')
 4 SYSTEMPATH\CodeIgniter.php(919): App\Controllers\SellerController->sellerAdmin()
 5 SYSTEMPATH\CodeIgniter.php(494): CodeIgniter\CodeIgniter->runController(Object(App\Controllers\SellerController))
 6 SYSTEMPATH\CodeIgniter.php(353): CodeIgniter\CodeIgniter->handleRequest(null, Object(Config\Cache), false)
 7 FCPATH\index.php(79): CodeIgniter\CodeIgniter->run()
 8 SYSTEMPATH\Commands\Server\rewrite.php(47): require_once('C:\\laragon\\www\\Testing\\public\\index.php')
CRITICAL - 2024-03-14 13:47:01 --> Invalid file: "/sellerAdmin.php"
in SYSTEMPATH\Exceptions\FrameworkException.php on line 39.
 1 SYSTEMPATH\View\View.php(214): CodeIgniter\Exceptions\FrameworkException::forInvalidFile('/sellerAdmin.php')
 2 SYSTEMPATH\Common.php(1188): CodeIgniter\View\View->render('/sellerAdmin', [], true)
 3 APPPATH\Controllers\SellerController.php(23): view('/sellerAdmin')
 4 SYSTEMPATH\CodeIgniter.php(919): App\Controllers\SellerController->sellerAdmin()
 5 SYSTEMPATH\CodeIgniter.php(494): CodeIgniter\CodeIgniter->runController(Object(App\Controllers\SellerController))
 6 SYSTEMPATH\CodeIgniter.php(353): CodeIgniter\CodeIgniter->handleRequest(null, Object(Config\Cache), false)
 7 FCPATH\index.php(79): CodeIgniter\CodeIgniter->run()
 8 SYSTEMPATH\Commands\Server\rewrite.php(47): require_once('C:\\laragon\\www\\Testing\\public\\index.php')
CRITICAL - 2024-03-14 13:47:02 --> Invalid file: "/sellerAdmin.php"
in SYSTEMPATH\Exceptions\FrameworkException.php on line 39.
 1 SYSTEMPATH\View\View.php(214): CodeIgniter\Exceptions\FrameworkException::forInvalidFile('/sellerAdmin.php')
 2 SYSTEMPATH\Common.php(1188): CodeIgniter\View\View->render('/sellerAdmin', [], true)
 3 APPPATH\Controllers\SellerController.php(23): view('/sellerAdmin')
 4 SYSTEMPATH\CodeIgniter.php(919): App\Controllers\SellerController->sellerAdmin()
 5 SYSTEMPATH\CodeIgniter.php(494): CodeIgniter\CodeIgniter->runController(Object(App\Controllers\SellerController))
 6 SYSTEMPATH\CodeIgniter.php(353): CodeIgniter\CodeIgniter->handleRequest(null, Object(Config\Cache), false)
 7 FCPATH\index.php(79): CodeIgniter\CodeIgniter->run()
 8 SYSTEMPATH\Commands\Server\rewrite.php(47): require_once('C:\\laragon\\www\\Testing\\public\\index.php')
CRITICAL - 2024-03-14 13:47:02 --> Invalid file: "/sellerAdmin.php"
in SYSTEMPATH\Exceptions\FrameworkException.php on line 39.
 1 SYSTEMPATH\View\View.php(214): CodeIgniter\Exceptions\FrameworkException::forInvalidFile('/sellerAdmin.php')
 2 SYSTEMPATH\Common.php(1188): CodeIgniter\View\View->render('/sellerAdmin', [], true)
 3 APPPATH\Controllers\SellerController.php(23): view('/sellerAdmin')
 4 SYSTEMPATH\CodeIgniter.php(919): App\Controllers\SellerController->sellerAdmin()
 5 SYSTEMPATH\CodeIgniter.php(494): CodeIgniter\CodeIgniter->runController(Object(App\Controllers\SellerController))
 6 SYSTEMPATH\CodeIgniter.php(353): CodeIgniter\CodeIgniter->handleRequest(null, Object(Config\Cache), false)
 7 FCPATH\index.php(79): CodeIgniter\CodeIgniter->run()
 8 SYSTEMPATH\Commands\Server\rewrite.php(47): require_once('C:\\laragon\\www\\Testing\\public\\index.php')
CRITICAL - 2024-03-14 13:47:03 --> Invalid file: "/sellerAdmin.php"
in SYSTEMPATH\Exceptions\FrameworkException.php on line 39.
 1 SYSTEMPATH\View\View.php(214): CodeIgniter\Exceptions\FrameworkException::forInvalidFile('/sellerAdmin.php')
 2 SYSTEMPATH\Common.php(1188): CodeIgniter\View\View->render('/sellerAdmin', [], true)
 3 APPPATH\Controllers\SellerController.php(23): view('/sellerAdmin')
 4 SYSTEMPATH\CodeIgniter.php(919): App\Controllers\SellerController->sellerAdmin()
 5 SYSTEMPATH\CodeIgniter.php(494): CodeIgniter\CodeIgniter->runController(Object(App\Controllers\SellerController))
 6 SYSTEMPATH\CodeIgniter.php(353): CodeIgniter\CodeIgniter->handleRequest(null, Object(Config\Cache), false)
 7 FCPATH\index.php(79): CodeIgniter\CodeIgniter->run()
 8 SYSTEMPATH\Commands\Server\rewrite.php(47): require_once('C:\\laragon\\www\\Testing\\public\\index.php')
CRITICAL - 2024-03-14 13:47:03 --> Invalid file: "/sellerAdmin.php"
in SYSTEMPATH\Exceptions\FrameworkException.php on line 39.
 1 SYSTEMPATH\View\View.php(214): CodeIgniter\Exceptions\FrameworkException::forInvalidFile('/sellerAdmin.php')
 2 SYSTEMPATH\Common.php(1188): CodeIgniter\View\View->render('/sellerAdmin', [], true)
 3 APPPATH\Controllers\SellerController.php(23): view('/sellerAdmin')
 4 SYSTEMPATH\CodeIgniter.php(919): App\Controllers\SellerController->sellerAdmin()
 5 SYSTEMPATH\CodeIgniter.php(494): CodeIgniter\CodeIgniter->runController(Object(App\Controllers\SellerController))
 6 SYSTEMPATH\CodeIgniter.php(353): CodeIgniter\CodeIgniter->handleRequest(null, Object(Config\Cache), false)
 7 FCPATH\index.php(79): CodeIgniter\CodeIgniter->run()
 8 SYSTEMPATH\Commands\Server\rewrite.php(47): require_once('C:\\laragon\\www\\Testing\\public\\index.php')
CRITICAL - 2024-03-14 13:48:15 --> Undefined variable $totalMembers
in APPPATH\Views\seller\sellerAdmin.php on line 125.
 1 APPPATH\Views\seller\sellerAdmin.php(125): CodeIgniter\Debug\Exceptions->errorHandler(2, 'Undefined variable $totalMembers', 'C:\\laragon\\www\\Testing\\app\\Views\\seller\\sellerAdmin.php', 125)
 2 SYSTEMPATH\View\View.php(226): include('C:\\laragon\\www\\Testing\\app\\Views\\seller\\sellerAdmin.php')
 3 SYSTEMPATH\View\View.php(229): CodeIgniter\View\View->CodeIgniter\View\{closure}()
 4 SYSTEMPATH\Common.php(1188): CodeIgniter\View\View->render('seller/sellerAdmin', [], true)
 5 APPPATH\Controllers\SellerController.php(23): view('seller/sellerAdmin')
 6 SYSTEMPATH\CodeIgniter.php(919): App\Controllers\SellerController->sellerAdmin()
 7 SYSTEMPATH\CodeIgniter.php(494): CodeIgniter\CodeIgniter->runController(Object(App\Controllers\SellerController))
 8 SYSTEMPATH\CodeIgniter.php(353): CodeIgniter\CodeIgniter->handleRequest(null, Object(Config\Cache), false)
 9 FCPATH\index.php(79): CodeIgniter\CodeIgniter->run()
10 SYSTEMPATH\Commands\Server\rewrite.php(47): require_once('C:\\laragon\\www\\Testing\\public\\index.php')
CRITICAL - 2024-03-14 14:03:47 --> Undefined variable $products
in APPPATH\Views\seller\create.php on line 181.
 1 APPPATH\Views\seller\create.php(181): CodeIgniter\Debug\Exceptions->errorHandler(2, 'Undefined variable $products', 'C:\\laragon\\www\\Testing\\app\\Views\\seller\\create.php', 181)
 2 SYSTEMPATH\View\View.php(226): include('C:\\laragon\\www\\Testing\\app\\Views\\seller\\create.php')
 3 SYSTEMPATH\View\View.php(229): CodeIgniter\View\View->CodeIgniter\View\{closure}()
 4 SYSTEMPATH\Common.php(1188): CodeIgniter\View\View->render('seller/create', [], true)
 5 APPPATH\Controllers\SellerController.php(23): view('seller/create')
 6 SYSTEMPATH\CodeIgniter.php(919): App\Controllers\SellerController->create()
 7 SYSTEMPATH\CodeIgniter.php(494): CodeIgniter\CodeIgniter->runController(Object(App\Controllers\SellerController))
 8 SYSTEMPATH\CodeIgniter.php(353): CodeIgniter\CodeIgniter->handleRequest(null, Object(Config\Cache), false)
 9 FCPATH\index.php(79): CodeIgniter\CodeIgniter->run()
10 SYSTEMPATH\Commands\Server\rewrite.php(47): require_once('C:\\laragon\\www\\Testing\\public\\index.php')
CRITICAL - 2024-03-14 14:09:00 --> Undefined variable $products
in APPPATH\Views\seller\create.php on line 181.
 1 APPPATH\Views\seller\create.php(181): CodeIgniter\Debug\Exceptions->errorHandler(2, 'Undefined variable $products', 'C:\\laragon\\www\\Testing\\app\\Views\\seller\\create.php', 181)
 2 SYSTEMPATH\View\View.php(226): include('C:\\laragon\\www\\Testing\\app\\Views\\seller\\create.php')
 3 SYSTEMPATH\View\View.php(229): CodeIgniter\View\View->CodeIgniter\View\{closure}()
 4 SYSTEMPATH\Common.php(1188): CodeIgniter\View\View->render('seller/create', [], true)
 5 APPPATH\Controllers\SellerController.php(23): view('seller/create')
 6 SYSTEMPATH\CodeIgniter.php(919): App\Controllers\SellerController->create()
 7 SYSTEMPATH\CodeIgniter.php(494): CodeIgniter\CodeIgniter->runController(Object(App\Controllers\SellerController))
 8 SYSTEMPATH\CodeIgniter.php(353): CodeIgniter\CodeIgniter->handleRequest(null, Object(Config\Cache), false)
 9 FCPATH\index.php(79): CodeIgniter\CodeIgniter->run()
10 SYSTEMPATH\Commands\Server\rewrite.php(47): require_once('C:\\laragon\\www\\Testing\\public\\index.php')
CRITICAL - 2024-03-14 14:09:01 --> Undefined variable $products
in APPPATH\Views\seller\create.php on line 181.
 1 APPPATH\Views\seller\create.php(181): CodeIgniter\Debug\Exceptions->errorHandler(2, 'Undefined variable $products', 'C:\\laragon\\www\\Testing\\app\\Views\\seller\\create.php', 181)
 2 SYSTEMPATH\View\View.php(226): include('C:\\laragon\\www\\Testing\\app\\Views\\seller\\create.php')
 3 SYSTEMPATH\View\View.php(229): CodeIgniter\View\View->CodeIgniter\View\{closure}()
 4 SYSTEMPATH\Common.php(1188): CodeIgniter\View\View->render('seller/create', [], true)
 5 APPPATH\Controllers\SellerController.php(23): view('seller/create')
 6 SYSTEMPATH\CodeIgniter.php(919): App\Controllers\SellerController->create()
 7 SYSTEMPATH\CodeIgniter.php(494): CodeIgniter\CodeIgniter->runController(Object(App\Controllers\SellerController))
 8 SYSTEMPATH\CodeIgniter.php(353): CodeIgniter\CodeIgniter->handleRequest(null, Object(Config\Cache), false)
 9 FCPATH\index.php(79): CodeIgniter\CodeIgniter->run()
10 SYSTEMPATH\Commands\Server\rewrite.php(47): require_once('C:\\laragon\\www\\Testing\\public\\index.php')
CRITICAL - 2024-03-14 14:09:02 --> Undefined variable $products
in APPPATH\Views\seller\create.php on line 181.
 1 APPPATH\Views\seller\create.php(181): CodeIgniter\Debug\Exceptions->errorHandler(2, 'Undefined variable $products', 'C:\\laragon\\www\\Testing\\app\\Views\\seller\\create.php', 181)
 2 SYSTEMPATH\View\View.php(226): include('C:\\laragon\\www\\Testing\\app\\Views\\seller\\create.php')
 3 SYSTEMPATH\View\View.php(229): CodeIgniter\View\View->CodeIgniter\View\{closure}()
 4 SYSTEMPATH\Common.php(1188): CodeIgniter\View\View->render('seller/create', [], true)
 5 APPPATH\Controllers\SellerController.php(23): view('seller/create')
 6 SYSTEMPATH\CodeIgniter.php(919): App\Controllers\SellerController->create()
 7 SYSTEMPATH\CodeIgniter.php(494): CodeIgniter\CodeIgniter->runController(Object(App\Controllers\SellerController))
 8 SYSTEMPATH\CodeIgniter.php(353): CodeIgniter\CodeIgniter->handleRequest(null, Object(Config\Cache), false)
 9 FCPATH\index.php(79): CodeIgniter\CodeIgniter->run()
10 SYSTEMPATH\Commands\Server\rewrite.php(47): require_once('C:\\laragon\\www\\Testing\\public\\index.php')
CRITICAL - 2024-03-14 14:09:02 --> Undefined variable $products
in APPPATH\Views\seller\create.php on line 181.
 1 APPPATH\Views\seller\create.php(181): CodeIgniter\Debug\Exceptions->errorHandler(2, 'Undefined variable $products', 'C:\\laragon\\www\\Testing\\app\\Views\\seller\\create.php', 181)
 2 SYSTEMPATH\View\View.php(226): include('C:\\laragon\\www\\Testing\\app\\Views\\seller\\create.php')
 3 SYSTEMPATH\View\View.php(229): CodeIgniter\View\View->CodeIgniter\View\{closure}()
 4 SYSTEMPATH\Common.php(1188): CodeIgniter\View\View->render('seller/create', [], true)
 5 APPPATH\Controllers\SellerController.php(23): view('seller/create')
 6 SYSTEMPATH\CodeIgniter.php(919): App\Controllers\SellerController->create()
 7 SYSTEMPATH\CodeIgniter.php(494): CodeIgniter\CodeIgniter->runController(Object(App\Controllers\SellerController))
 8 SYSTEMPATH\CodeIgniter.php(353): CodeIgniter\CodeIgniter->handleRequest(null, Object(Config\Cache), false)
 9 FCPATH\index.php(79): CodeIgniter\CodeIgniter->run()
10 SYSTEMPATH\Commands\Server\rewrite.php(47): require_once('C:\\laragon\\www\\Testing\\public\\index.php')
CRITICAL - 2024-03-14 14:09:03 --> Undefined variable $products
in APPPATH\Views\seller\create.php on line 181.
 1 APPPATH\Views\seller\create.php(181): CodeIgniter\Debug\Exceptions->errorHandler(2, 'Undefined variable $products', 'C:\\laragon\\www\\Testing\\app\\Views\\seller\\create.php', 181)
 2 SYSTEMPATH\View\View.php(226): include('C:\\laragon\\www\\Testing\\app\\Views\\seller\\create.php')
 3 SYSTEMPATH\View\View.php(229): CodeIgniter\View\View->CodeIgniter\View\{closure}()
 4 SYSTEMPATH\Common.php(1188): CodeIgniter\View\View->render('seller/create', [], true)
 5 APPPATH\Controllers\SellerController.php(23): view('seller/create')
 6 SYSTEMPATH\CodeIgniter.php(919): App\Controllers\SellerController->create()
 7 SYSTEMPATH\CodeIgniter.php(494): CodeIgniter\CodeIgniter->runController(Object(App\Controllers\SellerController))
 8 SYSTEMPATH\CodeIgniter.php(353): CodeIgniter\CodeIgniter->handleRequest(null, Object(Config\Cache), false)
 9 FCPATH\index.php(79): CodeIgniter\CodeIgniter->run()
10 SYSTEMPATH\Commands\Server\rewrite.php(47): require_once('C:\\laragon\\www\\Testing\\public\\index.php')
CRITICAL - 2024-03-14 14:09:03 --> Undefined variable $products
in APPPATH\Views\seller\create.php on line 181.
 1 APPPATH\Views\seller\create.php(181): CodeIgniter\Debug\Exceptions->errorHandler(2, 'Undefined variable $products', 'C:\\laragon\\www\\Testing\\app\\Views\\seller\\create.php', 181)
 2 SYSTEMPATH\View\View.php(226): include('C:\\laragon\\www\\Testing\\app\\Views\\seller\\create.php')
 3 SYSTEMPATH\View\View.php(229): CodeIgniter\View\View->CodeIgniter\View\{closure}()
 4 SYSTEMPATH\Common.php(1188): CodeIgniter\View\View->render('seller/create', [], true)
 5 APPPATH\Controllers\SellerController.php(23): view('seller/create')
 6 SYSTEMPATH\CodeIgniter.php(919): App\Controllers\SellerController->create()
 7 SYSTEMPATH\CodeIgniter.php(494): CodeIgniter\CodeIgniter->runController(Object(App\Controllers\SellerController))
 8 SYSTEMPATH\CodeIgniter.php(353): CodeIgniter\CodeIgniter->handleRequest(null, Object(Config\Cache), false)
 9 FCPATH\index.php(79): CodeIgniter\CodeIgniter->run()
10 SYSTEMPATH\Commands\Server\rewrite.php(47): require_once('C:\\laragon\\www\\Testing\\public\\index.php')
CRITICAL - 2024-03-14 14:09:03 --> Undefined variable $products
in APPPATH\Views\seller\create.php on line 181.
 1 APPPATH\Views\seller\create.php(181): CodeIgniter\Debug\Exceptions->errorHandler(2, 'Undefined variable $products', 'C:\\laragon\\www\\Testing\\app\\Views\\seller\\create.php', 181)
 2 SYSTEMPATH\View\View.php(226): include('C:\\laragon\\www\\Testing\\app\\Views\\seller\\create.php')
 3 SYSTEMPATH\View\View.php(229): CodeIgniter\View\View->CodeIgniter\View\{closure}()
 4 SYSTEMPATH\Common.php(1188): CodeIgniter\View\View->render('seller/create', [], true)
 5 APPPATH\Controllers\SellerController.php(23): view('seller/create')
 6 SYSTEMPATH\CodeIgniter.php(919): App\Controllers\SellerController->create()
 7 SYSTEMPATH\CodeIgniter.php(494): CodeIgniter\CodeIgniter->runController(Object(App\Controllers\SellerController))
 8 SYSTEMPATH\CodeIgniter.php(353): CodeIgniter\CodeIgniter->handleRequest(null, Object(Config\Cache), false)
 9 FCPATH\index.php(79): CodeIgniter\CodeIgniter->run()
10 SYSTEMPATH\Commands\Server\rewrite.php(47): require_once('C:\\laragon\\www\\Testing\\public\\index.php')
CRITICAL - 2024-03-14 14:09:13 --> Undefined variable $products
in APPPATH\Views\seller\create.php on line 181.
 1 APPPATH\Views\seller\create.php(181): CodeIgniter\Debug\Exceptions->errorHandler(2, 'Undefined variable $products', 'C:\\laragon\\www\\Testing\\app\\Views\\seller\\create.php', 181)
 2 SYSTEMPATH\View\View.php(226): include('C:\\laragon\\www\\Testing\\app\\Views\\seller\\create.php')
 3 SYSTEMPATH\View\View.php(229): CodeIgniter\View\View->CodeIgniter\View\{closure}()
 4 SYSTEMPATH\Common.php(1188): CodeIgniter\View\View->render('seller/create', [], true)
 5 APPPATH\Controllers\SellerController.php(23): view('seller/create')
 6 SYSTEMPATH\CodeIgniter.php(919): App\Controllers\SellerController->create()
 7 SYSTEMPATH\CodeIgniter.php(494): CodeIgniter\CodeIgniter->runController(Object(App\Controllers\SellerController))
 8 SYSTEMPATH\CodeIgniter.php(353): CodeIgniter\CodeIgniter->handleRequest(null, Object(Config\Cache), false)
 9 FCPATH\index.php(79): CodeIgniter\CodeIgniter->run()
10 SYSTEMPATH\Commands\Server\rewrite.php(47): require_once('C:\\laragon\\www\\Testing\\public\\index.php')
CRITICAL - 2024-03-14 14:10:41 --> Undefined variable $products
in APPPATH\Views\seller\create.php on line 181.
 1 APPPATH\Views\seller\create.php(181): CodeIgniter\Debug\Exceptions->errorHandler(2, 'Undefined variable $products', 'C:\\laragon\\www\\Testing\\app\\Views\\seller\\create.php', 181)
 2 SYSTEMPATH\View\View.php(226): include('C:\\laragon\\www\\Testing\\app\\Views\\seller\\create.php')
 3 SYSTEMPATH\View\View.php(229): CodeIgniter\View\View->CodeIgniter\View\{closure}()
 4 SYSTEMPATH\Common.php(1188): CodeIgniter\View\View->render('seller/create', [], true)
 5 APPPATH\Controllers\SellerController.php(23): view('seller/create')
 6 SYSTEMPATH\CodeIgniter.php(919): App\Controllers\SellerController->create()
 7 SYSTEMPATH\CodeIgniter.php(494): CodeIgniter\CodeIgniter->runController(Object(App\Controllers\SellerController))
 8 SYSTEMPATH\CodeIgniter.php(353): CodeIgniter\CodeIgniter->handleRequest(null, Object(Config\Cache), false)
 9 FCPATH\index.php(79): CodeIgniter\CodeIgniter->run()
10 SYSTEMPATH\Commands\Server\rewrite.php(47): require_once('C:\\laragon\\www\\Testing\\public\\index.php')
CRITICAL - 2024-03-14 14:10:43 --> Undefined variable $products
in APPPATH\Views\seller\create.php on line 181.
 1 APPPATH\Views\seller\create.php(181): CodeIgniter\Debug\Exceptions->errorHandler(2, 'Undefined variable $products', 'C:\\laragon\\www\\Testing\\app\\Views\\seller\\create.php', 181)
 2 SYSTEMPATH\View\View.php(226): include('C:\\laragon\\www\\Testing\\app\\Views\\seller\\create.php')
 3 SYSTEMPATH\View\View.php(229): CodeIgniter\View\View->CodeIgniter\View\{closure}()
 4 SYSTEMPATH\Common.php(1188): CodeIgniter\View\View->render('seller/create', [], true)
 5 APPPATH\Controllers\SellerController.php(23): view('seller/create')
 6 SYSTEMPATH\CodeIgniter.php(919): App\Controllers\SellerController->create()
 7 SYSTEMPATH\CodeIgniter.php(494): CodeIgniter\CodeIgniter->runController(Object(App\Controllers\SellerController))
 8 SYSTEMPATH\CodeIgniter.php(353): CodeIgniter\CodeIgniter->handleRequest(null, Object(Config\Cache), false)
 9 FCPATH\index.php(79): CodeIgniter\CodeIgniter->run()
10 SYSTEMPATH\Commands\Server\rewrite.php(47): require_once('C:\\laragon\\www\\Testing\\public\\index.php')
CRITICAL - 2024-03-14 14:10:44 --> Undefined variable $products
in APPPATH\Views\seller\create.php on line 181.
 1 APPPATH\Views\seller\create.php(181): CodeIgniter\Debug\Exceptions->errorHandler(2, 'Undefined variable $products', 'C:\\laragon\\www\\Testing\\app\\Views\\seller\\create.php', 181)
 2 SYSTEMPATH\View\View.php(226): include('C:\\laragon\\www\\Testing\\app\\Views\\seller\\create.php')
 3 SYSTEMPATH\View\View.php(229): CodeIgniter\View\View->CodeIgniter\View\{closure}()
 4 SYSTEMPATH\Common.php(1188): CodeIgniter\View\View->render('seller/create', [], true)
 5 APPPATH\Controllers\SellerController.php(23): view('seller/create')
 6 SYSTEMPATH\CodeIgniter.php(919): App\Controllers\SellerController->create()
 7 SYSTEMPATH\CodeIgniter.php(494): CodeIgniter\CodeIgniter->runController(Object(App\Controllers\SellerController))
 8 SYSTEMPATH\CodeIgniter.php(353): CodeIgniter\CodeIgniter->handleRequest(null, Object(Config\Cache), false)
 9 FCPATH\index.php(79): CodeIgniter\CodeIgniter->run()
10 SYSTEMPATH\Commands\Server\rewrite.php(47): require_once('C:\\laragon\\www\\Testing\\public\\index.php')
CRITICAL - 2024-03-14 14:10:44 --> Undefined variable $products
in APPPATH\Views\seller\create.php on line 181.
 1 APPPATH\Views\seller\create.php(181): CodeIgniter\Debug\Exceptions->errorHandler(2, 'Undefined variable $products', 'C:\\laragon\\www\\Testing\\app\\Views\\seller\\create.php', 181)
 2 SYSTEMPATH\View\View.php(226): include('C:\\laragon\\www\\Testing\\app\\Views\\seller\\create.php')
 3 SYSTEMPATH\View\View.php(229): CodeIgniter\View\View->CodeIgniter\View\{closure}()
 4 SYSTEMPATH\Common.php(1188): CodeIgniter\View\View->render('seller/create', [], true)
 5 APPPATH\Controllers\SellerController.php(23): view('seller/create')
 6 SYSTEMPATH\CodeIgniter.php(919): App\Controllers\SellerController->create()
 7 SYSTEMPATH\CodeIgniter.php(494): CodeIgniter\CodeIgniter->runController(Object(App\Controllers\SellerController))
 8 SYSTEMPATH\CodeIgniter.php(353): CodeIgniter\CodeIgniter->handleRequest(null, Object(Config\Cache), false)
 9 FCPATH\index.php(79): CodeIgniter\CodeIgniter->run()
10 SYSTEMPATH\Commands\Server\rewrite.php(47): require_once('C:\\laragon\\www\\Testing\\public\\index.php')
CRITICAL - 2024-03-14 14:12:21 --> Undefined variable $products
in APPPATH\Views\seller\create.php on line 181.
 1 APPPATH\Views\seller\create.php(181): CodeIgniter\Debug\Exceptions->errorHandler(2, 'Undefined variable $products', 'C:\\laragon\\www\\Testing\\app\\Views\\seller\\create.php', 181)
 2 SYSTEMPATH\View\View.php(226): include('C:\\laragon\\www\\Testing\\app\\Views\\seller\\create.php')
 3 SYSTEMPATH\View\View.php(229): CodeIgniter\View\View->CodeIgniter\View\{closure}()
 4 SYSTEMPATH\Common.php(1188): CodeIgniter\View\View->render('seller/create', [], true)
 5 APPPATH\Controllers\SellerController.php(23): view('seller/create')
 6 SYSTEMPATH\CodeIgniter.php(919): App\Controllers\SellerController->create()
 7 SYSTEMPATH\CodeIgniter.php(494): CodeIgniter\CodeIgniter->runController(Object(App\Controllers\SellerController))
 8 SYSTEMPATH\CodeIgniter.php(353): CodeIgniter\CodeIgniter->handleRequest(null, Object(Config\Cache), false)
 9 FCPATH\index.php(79): CodeIgniter\CodeIgniter->run()
10 SYSTEMPATH\Commands\Server\rewrite.php(47): require_once('C:\\laragon\\www\\Testing\\public\\index.php')
CRITICAL - 2024-03-14 14:12:22 --> Undefined variable $products
in APPPATH\Views\seller\create.php on line 181.
 1 APPPATH\Views\seller\create.php(181): CodeIgniter\Debug\Exceptions->errorHandler(2, 'Undefined variable $products', 'C:\\laragon\\www\\Testing\\app\\Views\\seller\\create.php', 181)
 2 SYSTEMPATH\View\View.php(226): include('C:\\laragon\\www\\Testing\\app\\Views\\seller\\create.php')
 3 SYSTEMPATH\View\View.php(229): CodeIgniter\View\View->CodeIgniter\View\{closure}()
 4 SYSTEMPATH\Common.php(1188): CodeIgniter\View\View->render('seller/create', [], true)
 5 APPPATH\Controllers\SellerController.php(23): view('seller/create')
 6 SYSTEMPATH\CodeIgniter.php(919): App\Controllers\SellerController->create()
 7 SYSTEMPATH\CodeIgniter.php(494): CodeIgniter\CodeIgniter->runController(Object(App\Controllers\SellerController))
 8 SYSTEMPATH\CodeIgniter.php(353): CodeIgniter\CodeIgniter->handleRequest(null, Object(Config\Cache), false)
 9 FCPATH\index.php(79): CodeIgniter\CodeIgniter->run()
10 SYSTEMPATH\Commands\Server\rewrite.php(47): require_once('C:\\laragon\\www\\Testing\\public\\index.php')
CRITICAL - 2024-03-14 14:12:23 --> Undefined variable $products
in APPPATH\Views\seller\create.php on line 181.
 1 APPPATH\Views\seller\create.php(181): CodeIgniter\Debug\Exceptions->errorHandler(2, 'Undefined variable $products', 'C:\\laragon\\www\\Testing\\app\\Views\\seller\\create.php', 181)
 2 SYSTEMPATH\View\View.php(226): include('C:\\laragon\\www\\Testing\\app\\Views\\seller\\create.php')
 3 SYSTEMPATH\View\View.php(229): CodeIgniter\View\View->CodeIgniter\View\{closure}()
 4 SYSTEMPATH\Common.php(1188): CodeIgniter\View\View->render('seller/create', [], true)
 5 APPPATH\Controllers\SellerController.php(23): view('seller/create')
 6 SYSTEMPATH\CodeIgniter.php(919): App\Controllers\SellerController->create()
 7 SYSTEMPATH\CodeIgniter.php(494): CodeIgniter\CodeIgniter->runController(Object(App\Controllers\SellerController))
 8 SYSTEMPATH\CodeIgniter.php(353): CodeIgniter\CodeIgniter->handleRequest(null, Object(Config\Cache), false)
 9 FCPATH\index.php(79): CodeIgniter\CodeIgniter->run()
10 SYSTEMPATH\Commands\Server\rewrite.php(47): require_once('C:\\laragon\\www\\Testing\\public\\index.php')
CRITICAL - 2024-03-14 14:12:23 --> Undefined variable $products
in APPPATH\Views\seller\create.php on line 181.
 1 APPPATH\Views\seller\create.php(181): CodeIgniter\Debug\Exceptions->errorHandler(2, 'Undefined variable $products', 'C:\\laragon\\www\\Testing\\app\\Views\\seller\\create.php', 181)
 2 SYSTEMPATH\View\View.php(226): include('C:\\laragon\\www\\Testing\\app\\Views\\seller\\create.php')
 3 SYSTEMPATH\View\View.php(229): CodeIgniter\View\View->CodeIgniter\View\{closure}()
 4 SYSTEMPATH\Common.php(1188): CodeIgniter\View\View->render('seller/create', [], true)
 5 APPPATH\Controllers\SellerController.php(23): view('seller/create')
 6 SYSTEMPATH\CodeIgniter.php(919): App\Controllers\SellerController->create()
 7 SYSTEMPATH\CodeIgniter.php(494): CodeIgniter\CodeIgniter->runController(Object(App\Controllers\SellerController))
 8 SYSTEMPATH\CodeIgniter.php(353): CodeIgniter\CodeIgniter->handleRequest(null, Object(Config\Cache), false)
 9 FCPATH\index.php(79): CodeIgniter\CodeIgniter->run()
10 SYSTEMPATH\Commands\Server\rewrite.php(47): require_once('C:\\laragon\\www\\Testing\\public\\index.php')
CRITICAL - 2024-03-14 14:12:24 --> Undefined variable $products
in APPPATH\Views\seller\create.php on line 181.
 1 APPPATH\Views\seller\create.php(181): CodeIgniter\Debug\Exceptions->errorHandler(2, 'Undefined variable $products', 'C:\\laragon\\www\\Testing\\app\\Views\\seller\\create.php', 181)
 2 SYSTEMPATH\View\View.php(226): include('C:\\laragon\\www\\Testing\\app\\Views\\seller\\create.php')
 3 SYSTEMPATH\View\View.php(229): CodeIgniter\View\View->CodeIgniter\View\{closure}()
 4 SYSTEMPATH\Common.php(1188): CodeIgniter\View\View->render('seller/create', [], true)
 5 APPPATH\Controllers\SellerController.php(23): view('seller/create')
 6 SYSTEMPATH\CodeIgniter.php(919): App\Controllers\SellerController->create()
 7 SYSTEMPATH\CodeIgniter.php(494): CodeIgniter\CodeIgniter->runController(Object(App\Controllers\SellerController))
 8 SYSTEMPATH\CodeIgniter.php(353): CodeIgniter\CodeIgniter->handleRequest(null, Object(Config\Cache), false)
 9 FCPATH\index.php(79): CodeIgniter\CodeIgniter->run()
10 SYSTEMPATH\Commands\Server\rewrite.php(47): require_once('C:\\laragon\\www\\Testing\\public\\index.php')
CRITICAL - 2024-03-14 14:12:41 --> Undefined variable $products
in APPPATH\Views\seller\create.php on line 181.
 1 APPPATH\Views\seller\create.php(181): CodeIgniter\Debug\Exceptions->errorHandler(2, 'Undefined variable $products', 'C:\\laragon\\www\\Testing\\app\\Views\\seller\\create.php', 181)
 2 SYSTEMPATH\View\View.php(226): include('C:\\laragon\\www\\Testing\\app\\Views\\seller\\create.php')
 3 SYSTEMPATH\View\View.php(229): CodeIgniter\View\View->CodeIgniter\View\{closure}()
 4 SYSTEMPATH\Common.php(1188): CodeIgniter\View\View->render('seller/create', [], true)
 5 APPPATH\Controllers\SellerController.php(23): view('seller/create')
 6 SYSTEMPATH\CodeIgniter.php(919): App\Controllers\SellerController->create()
 7 SYSTEMPATH\CodeIgniter.php(494): CodeIgniter\CodeIgniter->runController(Object(App\Controllers\SellerController))
 8 SYSTEMPATH\CodeIgniter.php(353): CodeIgniter\CodeIgniter->handleRequest(null, Object(Config\Cache), false)
 9 FCPATH\index.php(79): CodeIgniter\CodeIgniter->run()
10 SYSTEMPATH\Commands\Server\rewrite.php(47): require_once('C:\\laragon\\www\\Testing\\public\\index.php')
CRITICAL - 2024-03-14 14:12:42 --> Undefined variable $products
in APPPATH\Views\seller\create.php on line 181.
 1 APPPATH\Views\seller\create.php(181): CodeIgniter\Debug\Exceptions->errorHandler(2, 'Undefined variable $products', 'C:\\laragon\\www\\Testing\\app\\Views\\seller\\create.php', 181)
 2 SYSTEMPATH\View\View.php(226): include('C:\\laragon\\www\\Testing\\app\\Views\\seller\\create.php')
 3 SYSTEMPATH\View\View.php(229): CodeIgniter\View\View->CodeIgniter\View\{closure}()
 4 SYSTEMPATH\Common.php(1188): CodeIgniter\View\View->render('seller/create', [], true)
 5 APPPATH\Controllers\SellerController.php(23): view('seller/create')
 6 SYSTEMPATH\CodeIgniter.php(919): App\Controllers\SellerController->create()
 7 SYSTEMPATH\CodeIgniter.php(494): CodeIgniter\CodeIgniter->runController(Object(App\Controllers\SellerController))
 8 SYSTEMPATH\CodeIgniter.php(353): CodeIgniter\CodeIgniter->handleRequest(null, Object(Config\Cache), false)
 9 FCPATH\index.php(79): CodeIgniter\CodeIgniter->run()
10 SYSTEMPATH\Commands\Server\rewrite.php(47): require_once('C:\\laragon\\www\\Testing\\public\\index.php')
CRITICAL - 2024-03-14 14:12:42 --> Undefined variable $products
in APPPATH\Views\seller\create.php on line 181.
 1 APPPATH\Views\seller\create.php(181): CodeIgniter\Debug\Exceptions->errorHandler(2, 'Undefined variable $products', 'C:\\laragon\\www\\Testing\\app\\Views\\seller\\create.php', 181)
 2 SYSTEMPATH\View\View.php(226): include('C:\\laragon\\www\\Testing\\app\\Views\\seller\\create.php')
 3 SYSTEMPATH\View\View.php(229): CodeIgniter\View\View->CodeIgniter\View\{closure}()
 4 SYSTEMPATH\Common.php(1188): CodeIgniter\View\View->render('seller/create', [], true)
 5 APPPATH\Controllers\SellerController.php(23): view('seller/create')
 6 SYSTEMPATH\CodeIgniter.php(919): App\Controllers\SellerController->create()
 7 SYSTEMPATH\CodeIgniter.php(494): CodeIgniter\CodeIgniter->runController(Object(App\Controllers\SellerController))
 8 SYSTEMPATH\CodeIgniter.php(353): CodeIgniter\CodeIgniter->handleRequest(null, Object(Config\Cache), false)
 9 FCPATH\index.php(79): CodeIgniter\CodeIgniter->run()
10 SYSTEMPATH\Commands\Server\rewrite.php(47): require_once('C:\\laragon\\www\\Testing\\public\\index.php')
CRITICAL - 2024-03-14 14:14:12 --> Undefined variable $products
in APPPATH\Views\seller\create.php on line 181.
 1 APPPATH\Views\seller\create.php(181): CodeIgniter\Debug\Exceptions->errorHandler(2, 'Undefined variable $products', 'C:\\laragon\\www\\Testing\\app\\Views\\seller\\create.php', 181)
 2 SYSTEMPATH\View\View.php(226): include('C:\\laragon\\www\\Testing\\app\\Views\\seller\\create.php')
 3 SYSTEMPATH\View\View.php(229): CodeIgniter\View\View->CodeIgniter\View\{closure}()
 4 SYSTEMPATH\Common.php(1188): CodeIgniter\View\View->render('seller/create', [], true)
 5 APPPATH\Controllers\SellerController.php(23): view('seller/create')
 6 SYSTEMPATH\CodeIgniter.php(919): App\Controllers\SellerController->create()
 7 SYSTEMPATH\CodeIgniter.php(494): CodeIgniter\CodeIgniter->runController(Object(App\Controllers\SellerController))
 8 SYSTEMPATH\CodeIgniter.php(353): CodeIgniter\CodeIgniter->handleRequest(null, Object(Config\Cache), false)
 9 FCPATH\index.php(79): CodeIgniter\CodeIgniter->run()
10 SYSTEMPATH\Commands\Server\rewrite.php(47): require_once('C:\\laragon\\www\\Testing\\public\\index.php')
CRITICAL - 2024-03-14 14:14:48 --> Undefined variable $products
in APPPATH\Views\seller\create.php on line 181.
 1 APPPATH\Views\seller\create.php(181): CodeIgniter\Debug\Exceptions->errorHandler(2, 'Undefined variable $products', 'C:\\laragon\\www\\Testing\\app\\Views\\seller\\create.php', 181)
 2 SYSTEMPATH\View\View.php(226): include('C:\\laragon\\www\\Testing\\app\\Views\\seller\\create.php')
 3 SYSTEMPATH\View\View.php(229): CodeIgniter\View\View->CodeIgniter\View\{closure}()
 4 SYSTEMPATH\Common.php(1188): CodeIgniter\View\View->render('seller/create', [], true)
 5 APPPATH\Controllers\SellerController.php(23): view('seller/create')
 6 SYSTEMPATH\CodeIgniter.php(919): App\Controllers\SellerController->create()
 7 SYSTEMPATH\CodeIgniter.php(494): CodeIgniter\CodeIgniter->runController(Object(App\Controllers\SellerController))
 8 SYSTEMPATH\CodeIgniter.php(353): CodeIgniter\CodeIgniter->handleRequest(null, Object(Config\Cache), false)
 9 FCPATH\index.php(79): CodeIgniter\CodeIgniter->run()
10 SYSTEMPATH\Commands\Server\rewrite.php(47): require_once('C:\\laragon\\www\\Testing\\public\\index.php')
CRITICAL - 2024-03-14 14:23:20 --> Undefined variable $products
in APPPATH\Views\seller\create.php on line 181.
 1 APPPATH\Views\seller\create.php(181): CodeIgniter\Debug\Exceptions->errorHandler(2, 'Undefined variable $products', 'C:\\laragon\\www\\Testing\\app\\Views\\seller\\create.php', 181)
 2 SYSTEMPATH\View\View.php(226): include('C:\\laragon\\www\\Testing\\app\\Views\\seller\\create.php')
 3 SYSTEMPATH\View\View.php(229): CodeIgniter\View\View->CodeIgniter\View\{closure}()
 4 SYSTEMPATH\Common.php(1188): CodeIgniter\View\View->render('seller/create', [], true)
 5 APPPATH\Controllers\SellerController.php(23): view('seller/create')
 6 SYSTEMPATH\CodeIgniter.php(919): App\Controllers\SellerController->create()
 7 SYSTEMPATH\CodeIgniter.php(494): CodeIgniter\CodeIgniter->runController(Object(App\Controllers\SellerController))
 8 SYSTEMPATH\CodeIgniter.php(353): CodeIgniter\CodeIgniter->handleRequest(null, Object(Config\Cache), false)
 9 FCPATH\index.php(79): CodeIgniter\CodeIgniter->run()
10 SYSTEMPATH\Commands\Server\rewrite.php(47): require_once('C:\\laragon\\www\\Testing\\public\\index.php')
CRITICAL - 2024-03-14 14:24:46 --> Undefined variable $products
in APPPATH\Views\seller\create.php on line 181.
 1 APPPATH\Views\seller\create.php(181): CodeIgniter\Debug\Exceptions->errorHandler(2, 'Undefined variable $products', 'C:\\laragon\\www\\Testing\\app\\Views\\seller\\create.php', 181)
 2 SYSTEMPATH\View\View.php(226): include('C:\\laragon\\www\\Testing\\app\\Views\\seller\\create.php')
 3 SYSTEMPATH\View\View.php(229): CodeIgniter\View\View->CodeIgniter\View\{closure}()
 4 SYSTEMPATH\Common.php(1188): CodeIgniter\View\View->render('seller/create', [], true)
 5 APPPATH\Controllers\SellerController.php(23): view('seller/create')
 6 SYSTEMPATH\CodeIgniter.php(919): App\Controllers\SellerController->create()
 7 SYSTEMPATH\CodeIgniter.php(494): CodeIgniter\CodeIgniter->runController(Object(App\Controllers\SellerController))
 8 SYSTEMPATH\CodeIgniter.php(353): CodeIgniter\CodeIgniter->handleRequest(null, Object(Config\Cache), false)
 9 FCPATH\index.php(79): CodeIgniter\CodeIgniter->run()
10 SYSTEMPATH\Commands\Server\rewrite.php(47): require_once('C:\\laragon\\www\\Testing\\public\\index.php')
CRITICAL - 2024-03-14 14:24:48 --> Undefined variable $products
in APPPATH\Views\seller\create.php on line 181.
 1 APPPATH\Views\seller\create.php(181): CodeIgniter\Debug\Exceptions->errorHandler(2, 'Undefined variable $products', 'C:\\laragon\\www\\Testing\\app\\Views\\seller\\create.php', 181)
 2 SYSTEMPATH\View\View.php(226): include('C:\\laragon\\www\\Testing\\app\\Views\\seller\\create.php')
 3 SYSTEMPATH\View\View.php(229): CodeIgniter\View\View->CodeIgniter\View\{closure}()
 4 SYSTEMPATH\Common.php(1188): CodeIgniter\View\View->render('seller/create', [], true)
 5 APPPATH\Controllers\SellerController.php(23): view('seller/create')
 6 SYSTEMPATH\CodeIgniter.php(919): App\Controllers\SellerController->create()
 7 SYSTEMPATH\CodeIgniter.php(494): CodeIgniter\CodeIgniter->runController(Object(App\Controllers\SellerController))
 8 SYSTEMPATH\CodeIgniter.php(353): CodeIgniter\CodeIgniter->handleRequest(null, Object(Config\Cache), false)
 9 FCPATH\index.php(79): CodeIgniter\CodeIgniter->run()
10 SYSTEMPATH\Commands\Server\rewrite.php(47): require_once('C:\\laragon\\www\\Testing\\public\\index.php')
CRITICAL - 2024-03-14 14:27:20 --> Undefined variable $products
in APPPATH\Views\seller\create.php on line 181.
 1 APPPATH\Views\seller\create.php(181): CodeIgniter\Debug\Exceptions->errorHandler(2, 'Undefined variable $products', 'C:\\laragon\\www\\Testing\\app\\Views\\seller\\create.php', 181)
 2 SYSTEMPATH\View\View.php(226): include('C:\\laragon\\www\\Testing\\app\\Views\\seller\\create.php')
 3 SYSTEMPATH\View\View.php(229): CodeIgniter\View\View->CodeIgniter\View\{closure}()
 4 SYSTEMPATH\Common.php(1188): CodeIgniter\View\View->render('seller/create', [], true)
 5 APPPATH\Controllers\SellerController.php(18): view('seller/create')
 6 SYSTEMPATH\CodeIgniter.php(919): App\Controllers\SellerController->create()
 7 SYSTEMPATH\CodeIgniter.php(494): CodeIgniter\CodeIgniter->runController(Object(App\Controllers\SellerController))
 8 SYSTEMPATH\CodeIgniter.php(353): CodeIgniter\CodeIgniter->handleRequest(null, Object(Config\Cache), false)
 9 FCPATH\index.php(79): CodeIgniter\CodeIgniter->run()
10 SYSTEMPATH\Commands\Server\rewrite.php(47): require_once('C:\\laragon\\www\\Testing\\public\\index.php')
CRITICAL - 2024-03-14 14:27:41 --> Undefined variable $products
in APPPATH\Views\seller\create.php on line 181.
 1 APPPATH\Views\seller\create.php(181): CodeIgniter\Debug\Exceptions->errorHandler(2, 'Undefined variable $products', 'C:\\laragon\\www\\Testing\\app\\Views\\seller\\create.php', 181)
 2 SYSTEMPATH\View\View.php(226): include('C:\\laragon\\www\\Testing\\app\\Views\\seller\\create.php')
 3 SYSTEMPATH\View\View.php(229): CodeIgniter\View\View->CodeIgniter\View\{closure}()
 4 SYSTEMPATH\Common.php(1188): CodeIgniter\View\View->render('seller/create', [], true)
 5 APPPATH\Controllers\SellerController.php(18): view('seller/create')
 6 SYSTEMPATH\CodeIgniter.php(919): App\Controllers\SellerController->create()
 7 SYSTEMPATH\CodeIgniter.php(494): CodeIgniter\CodeIgniter->runController(Object(App\Controllers\SellerController))
 8 SYSTEMPATH\CodeIgniter.php(353): CodeIgniter\CodeIgniter->handleRequest(null, Object(Config\Cache), false)
 9 FCPATH\index.php(79): CodeIgniter\CodeIgniter->run()
10 SYSTEMPATH\Commands\Server\rewrite.php(47): require_once('C:\\laragon\\www\\Testing\\public\\index.php')
CRITICAL - 2024-03-14 14:27:42 --> Undefined variable $products
in APPPATH\Views\seller\create.php on line 181.
 1 APPPATH\Views\seller\create.php(181): CodeIgniter\Debug\Exceptions->errorHandler(2, 'Undefined variable $products', 'C:\\laragon\\www\\Testing\\app\\Views\\seller\\create.php', 181)
 2 SYSTEMPATH\View\View.php(226): include('C:\\laragon\\www\\Testing\\app\\Views\\seller\\create.php')
 3 SYSTEMPATH\View\View.php(229): CodeIgniter\View\View->CodeIgniter\View\{closure}()
 4 SYSTEMPATH\Common.php(1188): CodeIgniter\View\View->render('seller/create', [], true)
 5 APPPATH\Controllers\SellerController.php(18): view('seller/create')
 6 SYSTEMPATH\CodeIgniter.php(919): App\Controllers\SellerController->create()
 7 SYSTEMPATH\CodeIgniter.php(494): CodeIgniter\CodeIgniter->runController(Object(App\Controllers\SellerController))
 8 SYSTEMPATH\CodeIgniter.php(353): CodeIgniter\CodeIgniter->handleRequest(null, Object(Config\Cache), false)
 9 FCPATH\index.php(79): CodeIgniter\CodeIgniter->run()
10 SYSTEMPATH\Commands\Server\rewrite.php(47): require_once('C:\\laragon\\www\\Testing\\public\\index.php')
CRITICAL - 2024-03-14 14:27:44 --> Undefined variable $products
in APPPATH\Views\seller\create.php on line 181.
 1 APPPATH\Views\seller\create.php(181): CodeIgniter\Debug\Exceptions->errorHandler(2, 'Undefined variable $products', 'C:\\laragon\\www\\Testing\\app\\Views\\seller\\create.php', 181)
 2 SYSTEMPATH\View\View.php(226): include('C:\\laragon\\www\\Testing\\app\\Views\\seller\\create.php')
 3 SYSTEMPATH\View\View.php(229): CodeIgniter\View\View->CodeIgniter\View\{closure}()
 4 SYSTEMPATH\Common.php(1188): CodeIgniter\View\View->render('seller/create', [], true)
 5 APPPATH\Controllers\SellerController.php(18): view('seller/create')
 6 SYSTEMPATH\CodeIgniter.php(919): App\Controllers\SellerController->create()
 7 SYSTEMPATH\CodeIgniter.php(494): CodeIgniter\CodeIgniter->runController(Object(App\Controllers\SellerController))
 8 SYSTEMPATH\CodeIgniter.php(353): CodeIgniter\CodeIgniter->handleRequest(null, Object(Config\Cache), false)
 9 FCPATH\index.php(79): CodeIgniter\CodeIgniter->run()
10 SYSTEMPATH\Commands\Server\rewrite.php(47): require_once('C:\\laragon\\www\\Testing\\public\\index.php')
CRITICAL - 2024-03-14 14:27:44 --> Undefined variable $products
in APPPATH\Views\seller\create.php on line 181.
 1 APPPATH\Views\seller\create.php(181): CodeIgniter\Debug\Exceptions->errorHandler(2, 'Undefined variable $products', 'C:\\laragon\\www\\Testing\\app\\Views\\seller\\create.php', 181)
 2 SYSTEMPATH\View\View.php(226): include('C:\\laragon\\www\\Testing\\app\\Views\\seller\\create.php')
 3 SYSTEMPATH\View\View.php(229): CodeIgniter\View\View->CodeIgniter\View\{closure}()
 4 SYSTEMPATH\Common.php(1188): CodeIgniter\View\View->render('seller/create', [], true)
 5 APPPATH\Controllers\SellerController.php(18): view('seller/create')
 6 SYSTEMPATH\CodeIgniter.php(919): App\Controllers\SellerController->create()
 7 SYSTEMPATH\CodeIgniter.php(494): CodeIgniter\CodeIgniter->runController(Object(App\Controllers\SellerController))
 8 SYSTEMPATH\CodeIgniter.php(353): CodeIgniter\CodeIgniter->handleRequest(null, Object(Config\Cache), false)
 9 FCPATH\index.php(79): CodeIgniter\CodeIgniter->run()
10 SYSTEMPATH\Commands\Server\rewrite.php(47): require_once('C:\\laragon\\www\\Testing\\public\\index.php')
CRITICAL - 2024-03-14 14:27:45 --> Undefined variable $products
in APPPATH\Views\seller\create.php on line 181.
 1 APPPATH\Views\seller\create.php(181): CodeIgniter\Debug\Exceptions->errorHandler(2, 'Undefined variable $products', 'C:\\laragon\\www\\Testing\\app\\Views\\seller\\create.php', 181)
 2 SYSTEMPATH\View\View.php(226): include('C:\\laragon\\www\\Testing\\app\\Views\\seller\\create.php')
 3 SYSTEMPATH\View\View.php(229): CodeIgniter\View\View->CodeIgniter\View\{closure}()
 4 SYSTEMPATH\Common.php(1188): CodeIgniter\View\View->render('seller/create', [], true)
 5 APPPATH\Controllers\SellerController.php(18): view('seller/create')
 6 SYSTEMPATH\CodeIgniter.php(919): App\Controllers\SellerController->create()
 7 SYSTEMPATH\CodeIgniter.php(494): CodeIgniter\CodeIgniter->runController(Object(App\Controllers\SellerController))
 8 SYSTEMPATH\CodeIgniter.php(353): CodeIgniter\CodeIgniter->handleRequest(null, Object(Config\Cache), false)
 9 FCPATH\index.php(79): CodeIgniter\CodeIgniter->run()
10 SYSTEMPATH\Commands\Server\rewrite.php(47): require_once('C:\\laragon\\www\\Testing\\public\\index.php')
